"../../../Engine/Content/EditorResources/S_Actor.ubulk" 0
"../../../Engine/Content/EditorResources/S_Actor.uasset" 1
"../../../Engine/Content/EditorResources/S_Actor.uexp" 2
"../../../Engine/Content/EditorResources/S_BoxReflectionCapture.uasset" 3
"../../../Engine/Content/EditorResources/S_BoxReflectionCapture.uexp" 4
"../../../Engine/Content/EngineResources/DefaultTexture.ubulk" 5
"../../../Engine/Content/EngineResources/DefaultTexture.uasset" 6
"../../../Engine/Content/EngineResources/DefaultTexture.uexp" 7
"../../../Engine/Content/EngineResources/DefaultTextureCube.uasset" 8
"../../../Engine/Content/EngineResources/DefaultTextureCube.uexp" 9
"../../../Engine/Content/EngineResources/DefaultVolumeTexture2D.uasset" 10
"../../../Engine/Content/EngineResources/DefaultVolumeTexture2D.uexp" 11
"../../../Engine/Content/EngineResources/DefaultVolumeTexture.uasset" 12
"../../../Engine/Content/EngineResources/DefaultVolumeTexture.uexp" 13
"../../../Engine/Content/EditorResources/S_Trigger.ubulk" 14
"../../../Engine/Content/EditorResources/S_Trigger.uasset" 15
"../../../Engine/Content/EditorResources/S_Trigger.uexp" 16
"../../../Engine/Content/EditorResources/S_TriggerBox.uasset" 17
"../../../Engine/Content/EditorResources/S_TriggerBox.uexp" 18
"../../../Engine/Content/EditorResources/S_TriggerCapsule.uasset" 19
"../../../Engine/Content/EditorResources/S_TriggerCapsule.uexp" 20
"../../../Engine/Content/EditorResources/S_TriggerSphere.uasset" 21
"../../../Engine/Content/EditorResources/S_TriggerSphere.uexp" 22
"../../../Engine/Content/EngineMeshes/Sphere.ubulk" 23
"../../../Engine/Content/EngineMeshes/Sphere.uasset" 24
"../../../Engine/Content/EngineMeshes/Sphere.uexp" 25
"../../../Engine/Content/EngineResources/GradientTexture0.uasset" 26
"../../../Engine/Content/EngineResources/GradientTexture0.uexp" 27
"../../../Engine/Content/EngineResources/Black.uasset" 28
"../../../Engine/Content/EngineResources/Black.uexp" 29
"../../../Engine/Content/VREditor/LaserPointer/VR_LaserPower_01.ubulk" 30
"../../../Engine/Content/VREditor/LaserPointer/VR_LaserPower_01.uasset" 31
"../../../Engine/Content/VREditor/LaserPointer/VR_LaserPower_01.uexp" 32
"../../../Engine/Content/VREditor/TransformGizmo/TransformGizmoMaterial.uasset" 33
"../../../Engine/Content/VREditor/TransformGizmo/TransformGizmoMaterial.uexp" 34
"../../../Engine/Content/VREditor/TransformGizmo/TranslucentTransformGizmoMaterial.uasset" 35
"../../../Engine/Content/VREditor/TransformGizmo/TranslucentTransformGizmoMaterial.uexp" 36
"../../../Engine/Content/VREditor/TransformGizmo/PlaneTranslationHandle.ubulk" 37
"../../../Engine/Content/VREditor/TransformGizmo/PlaneTranslationHandle.uasset" 38
"../../../Engine/Content/VREditor/TransformGizmo/PlaneTranslationHandle.uexp" 39
"../../../Engine/Content/VREditor/TransformGizmo/BoundingBoxCorner.ubulk" 40
"../../../Engine/Content/VREditor/TransformGizmo/BoundingBoxCorner.uasset" 41
"../../../Engine/Content/VREditor/TransformGizmo/BoundingBoxCorner.uexp" 42
"../../../Engine/Content/VREditor/TransformGizmo/BoundingBoxEdge.ubulk" 43
"../../../Engine/Content/VREditor/TransformGizmo/BoundingBoxEdge.uasset" 44
"../../../Engine/Content/VREditor/TransformGizmo/BoundingBoxEdge.uexp" 45
"../../../Engine/Content/VREditor/TransformGizmo/Main.uasset" 46
"../../../Engine/Content/VREditor/TransformGizmo/Main.uexp" 47
"../../../Engine/Content/VREditor/TransformGizmo/Xray.uasset" 48
"../../../Engine/Content/VREditor/TransformGizmo/Xray.uexp" 49
"../../../Engine/Content/VREditor/TransformGizmo/SM_Sequencer_Node.ubulk" 50
"../../../Engine/Content/VREditor/TransformGizmo/SM_Sequencer_Node.uasset" 51
"../../../Engine/Content/VREditor/TransformGizmo/SM_Sequencer_Node.uexp" 52
"../../../Engine/Content/EditorMaterials/Camera/CineMat.uasset" 53
"../../../Engine/Content/EditorMaterials/Camera/CineMat.uexp" 54
"../../../Engine/Content/EditorMaterials/Camera/MI_CineMat_Rig.uasset" 55
"../../../Engine/Content/EditorMaterials/Camera/MI_CineMat_Rig.uexp" 56
"../../../Engine/Content/EditorMeshes/Camera/SM_CraneRig_Base.ubulk" 57
"../../../Engine/Content/EditorMeshes/Camera/SM_CraneRig_Base.uasset" 58
"../../../Engine/Content/EditorMeshes/Camera/SM_CraneRig_Base.uexp" 59
"../../../Engine/Content/EditorMeshes/Camera/SM_CraneRig_Arm.ubulk" 60
"../../../Engine/Content/EditorMeshes/Camera/SM_CraneRig_Arm.uasset" 61
"../../../Engine/Content/EditorMeshes/Camera/SM_CraneRig_Arm.uexp" 62
"../../../Engine/Content/EditorMeshes/Camera/SM_CraneRig_Mount.ubulk" 63
"../../../Engine/Content/EditorMeshes/Camera/SM_CraneRig_Mount.uasset" 64
"../../../Engine/Content/EditorMeshes/Camera/SM_CraneRig_Mount.uexp" 65
"../../../Engine/Content/EditorMeshes/Camera/SM_CraneRig_Body.ubulk" 66
"../../../Engine/Content/EditorMeshes/Camera/SM_CraneRig_Body.uasset" 67
"../../../Engine/Content/EditorMeshes/Camera/SM_CraneRig_Body.uexp" 68
"../../../Engine/Content/EditorMeshes/Camera/SM_RailRig_Track.ubulk" 69
"../../../Engine/Content/EditorMeshes/Camera/SM_RailRig_Track.uasset" 70
"../../../Engine/Content/EditorMeshes/Camera/SM_RailRig_Track.uexp" 71
"../../../Engine/Content/EditorMeshes/Camera/SM_RailRig_Mount.ubulk" 72
"../../../Engine/Content/EditorMeshes/Camera/SM_RailRig_Mount.uasset" 73
"../../../Engine/Content/EditorMeshes/Camera/SM_RailRig_Mount.uexp" 74
"../../../Engine/Content/EngineMaterials/T_Default_Material_Grid_M.ubulk" 75
"../../../Engine/Content/EngineMaterials/T_Default_Material_Grid_M.uasset" 76
"../../../Engine/Content/EngineMaterials/T_Default_Material_Grid_M.uexp" 77
"../../../Engine/Content/EngineMaterials/T_Default_Material_Grid_N.ubulk" 78
"../../../Engine/Content/EngineMaterials/T_Default_Material_Grid_N.uasset" 79
"../../../Engine/Content/EngineMaterials/T_Default_Material_Grid_N.uexp" 80
"../../../Engine/Content/Functions/Engine_MaterialFunctions01/Opacity/CameraDepthFade.uasset" 81
"../../../Engine/Content/Functions/Engine_MaterialFunctions01/Opacity/CameraDepthFade.uexp" 82
"../../../Engine/Content/EngineMaterials/WorldGridMaterial.uasset" 83
"../../../Engine/Content/EngineMaterials/WorldGridMaterial.uexp" 84
"../../../Engine/Content/ArtTools/RenderToTexture/Meshes/S_1_Unit_Plane.ubulk" 85
"../../../Engine/Content/ArtTools/RenderToTexture/Meshes/S_1_Unit_Plane.uasset" 86
"../../../Engine/Content/ArtTools/RenderToTexture/Meshes/S_1_Unit_Plane.uexp" 87
"../../../Engine/Content/EditorMaterials/ParticleSystems/PSysThumbnail_NoImage.ubulk" 88
"../../../Engine/Content/EditorMaterials/ParticleSystems/PSysThumbnail_NoImage.uasset" 89
"../../../Engine/Content/EditorMaterials/ParticleSystems/PSysThumbnail_NoImage.uexp" 90
"../../../Engine/Content/EditorMaterials/ParticleSystems/PSysThumbnail_OOD.ubulk" 91
"../../../Engine/Content/EditorMaterials/ParticleSystems/PSysThumbnail_OOD.uasset" 92
"../../../Engine/Content/EditorMaterials/ParticleSystems/PSysThumbnail_OOD.uexp" 93
"../../../Engine/Content/EditorLandscapeResources/SplineEditorMeshMat.uasset" 94
"../../../Engine/Content/EditorLandscapeResources/SplineEditorMeshMat.uexp" 95
"../../../Engine/Content/EditorLandscapeResources/SplineEditorMesh.ubulk" 96
"../../../Engine/Content/EditorLandscapeResources/SplineEditorMesh.uasset" 97
"../../../Engine/Content/EditorLandscapeResources/SplineEditorMesh.uexp" 98
"../../../Engine/Content/EditorResources/S_Solver.ubulk" 99
"../../../Engine/Content/EditorResources/S_Solver.uasset" 100
"../../../Engine/Content/EditorResources/S_Solver.uexp" 101
"../../../Engine/Plugins/Media/MediaPlate/Content/SM_MediaPlateScreen.ubulk" 102
"../../../Engine/Plugins/Media/MediaPlate/Content/SM_MediaPlateScreen.uasset" 103
"../../../Engine/Plugins/Media/MediaPlate/Content/SM_MediaPlateScreen.uexp" 104
"../../../Engine/Content/EngineMaterials/Good64x64TilingNoiseHighFreq.uasset" 105
"../../../Engine/Content/EngineMaterials/Good64x64TilingNoiseHighFreq.uexp" 106
"../../../Engine/Content/EngineMaterials/DefaultBokeh.uasset" 107
"../../../Engine/Content/EngineMaterials/DefaultBokeh.uexp" 108
"../../../Engine/Content/EngineMaterials/PreintegratedSkinBRDF.uasset" 109
"../../../Engine/Content/EngineMaterials/PreintegratedSkinBRDF.uexp" 110
"../../../Engine/Content/EngineMaterials/MiniFont.uasset" 111
"../../../Engine/Content/EngineMaterials/MiniFont.uexp" 112
"../../../Engine/Content/EngineMaterials/WeightMapPlaceholderTexture.uasset" 113
"../../../Engine/Content/EngineMaterials/WeightMapPlaceholderTexture.uexp" 114
"../../../Engine/Content/EngineMaterials/DefaultWhiteGrid.ubulk" 115
"../../../Engine/Content/EngineMaterials/DefaultWhiteGrid.uasset" 116
"../../../Engine/Content/EngineMaterials/DefaultWhiteGrid.uexp" 117
"../../../Engine/Content/BasicShapes/Cube.ubulk" 118
"../../../Engine/Content/BasicShapes/Cube.uasset" 119
"../../../Engine/Content/BasicShapes/Cube.uexp" 120
"C:/Users/loopa/Desktop/Des 203/Github Repo/Bigfoots-First-Game/Content/ConveyorBelt/W_ConveyorBelt.uasset" 121
"C:/Users/loopa/Desktop/Des 203/Github Repo/Bigfoots-First-Game/Content/ConveyorBelt/W_ConveyorBelt.uexp" 122
"C:/Users/loopa/Desktop/Des 203/Github Repo/Bigfoots-First-Game/Content/Characters/Keith/KeithTexutres/UVLowPolyAgain_Body_BaseColor.ubulk" 123
"C:/Users/loopa/Desktop/Des 203/Github Repo/Bigfoots-First-Game/Content/Characters/Keith/KeithTexutres/UVLowPolyAgain_Body_BaseColor.uasset" 124
"C:/Users/loopa/Desktop/Des 203/Github Repo/Bigfoots-First-Game/Content/Characters/Keith/KeithTexutres/UVLowPolyAgain_Body_BaseColor.uexp" 125
"C:/Users/loopa/Desktop/Des 203/Github Repo/Bigfoots-First-Game/Content/Characters/Keith/KeithTexutres/UVLowPolyAgain_Body_Normal.ubulk" 126
"C:/Users/loopa/Desktop/Des 203/Github Repo/Bigfoots-First-Game/Content/Characters/Keith/KeithTexutres/UVLowPolyAgain_Body_Normal.uasset" 127
"C:/Users/loopa/Desktop/Des 203/Github Repo/Bigfoots-First-Game/Content/Characters/Keith/KeithTexutres/UVLowPolyAgain_Body_Normal.uexp" 128
"C:/Users/loopa/Desktop/Des 203/Github Repo/Bigfoots-First-Game/Content/Characters/Keith/KeithTexutres/BodyAgain.uasset" 129
"C:/Users/loopa/Desktop/Des 203/Github Repo/Bigfoots-First-Game/Content/Characters/Keith/KeithTexutres/BodyAgain.uexp" 130
"C:/Users/loopa/Desktop/Des 203/Github Repo/Bigfoots-First-Game/Content/Characters/Keith/KeithTexutres/UVLowPolyAgain_Eyes_BaseColor.ubulk" 131
"C:/Users/loopa/Desktop/Des 203/Github Repo/Bigfoots-First-Game/Content/Characters/Keith/KeithTexutres/UVLowPolyAgain_Eyes_BaseColor.uasset" 132
"C:/Users/loopa/Desktop/Des 203/Github Repo/Bigfoots-First-Game/Content/Characters/Keith/KeithTexutres/UVLowPolyAgain_Eyes_BaseColor.uexp" 133
"C:/Users/loopa/Desktop/Des 203/Github Repo/Bigfoots-First-Game/Content/Characters/Keith/KeithTexutres/Eyes.uasset" 134
"C:/Users/loopa/Desktop/Des 203/Github Repo/Bigfoots-First-Game/Content/Characters/Keith/KeithTexutres/Eyes.uexp" 135
"C:/Users/loopa/Desktop/Des 203/Github Repo/Bigfoots-First-Game/Content/Characters/Keith/KeithTexutres/UVLowPolyAgain_Hair_BaseColor.ubulk" 136
"C:/Users/loopa/Desktop/Des 203/Github Repo/Bigfoots-First-Game/Content/Characters/Keith/KeithTexutres/UVLowPolyAgain_Hair_BaseColor.uasset" 137
"C:/Users/loopa/Desktop/Des 203/Github Repo/Bigfoots-First-Game/Content/Characters/Keith/KeithTexutres/UVLowPolyAgain_Hair_BaseColor.uexp" 138
"C:/Users/loopa/Desktop/Des 203/Github Repo/Bigfoots-First-Game/Content/Characters/Keith/KeithTexutres/UVLowPolyAgain_Hair_Normal.ubulk" 139
"C:/Users/loopa/Desktop/Des 203/Github Repo/Bigfoots-First-Game/Content/Characters/Keith/KeithTexutres/UVLowPolyAgain_Hair_Normal.uasset" 140
"C:/Users/loopa/Desktop/Des 203/Github Repo/Bigfoots-First-Game/Content/Characters/Keith/KeithTexutres/UVLowPolyAgain_Hair_Normal.uexp" 141
"C:/Users/loopa/Desktop/Des 203/Github Repo/Bigfoots-First-Game/Content/Characters/Keith/KeithTexutres/Hair1.uasset" 142
"C:/Users/loopa/Desktop/Des 203/Github Repo/Bigfoots-First-Game/Content/Characters/Keith/KeithTexutres/Hair1.uexp" 143
"C:/Users/loopa/Desktop/Des 203/Github Repo/Bigfoots-First-Game/Content/Characters/Keith/KeithTexutres/UVLowPolyAgain_Clothing_BaseColor.ubulk" 144
"C:/Users/loopa/Desktop/Des 203/Github Repo/Bigfoots-First-Game/Content/Characters/Keith/KeithTexutres/UVLowPolyAgain_Clothing_BaseColor.uasset" 145
"C:/Users/loopa/Desktop/Des 203/Github Repo/Bigfoots-First-Game/Content/Characters/Keith/KeithTexutres/UVLowPolyAgain_Clothing_BaseColor.uexp" 146
"C:/Users/loopa/Desktop/Des 203/Github Repo/Bigfoots-First-Game/Content/Characters/Keith/KeithTexutres/UVLowPolyAgain_Clothing_Normal.ubulk" 147
"C:/Users/loopa/Desktop/Des 203/Github Repo/Bigfoots-First-Game/Content/Characters/Keith/KeithTexutres/UVLowPolyAgain_Clothing_Normal.uasset" 148
"C:/Users/loopa/Desktop/Des 203/Github Repo/Bigfoots-First-Game/Content/Characters/Keith/KeithTexutres/UVLowPolyAgain_Clothing_Normal.uexp" 149
"C:/Users/loopa/Desktop/Des 203/Github Repo/Bigfoots-First-Game/Content/Characters/Keith/KeithTexutres/Clothing.uasset" 150
"C:/Users/loopa/Desktop/Des 203/Github Repo/Bigfoots-First-Game/Content/Characters/Keith/KeithTexutres/Clothing.uexp" 151
"C:/Users/loopa/Desktop/Des 203/Github Repo/Bigfoots-First-Game/Content/Characters/Keith/T-Pose_Rig.uasset" 152
"C:/Users/loopa/Desktop/Des 203/Github Repo/Bigfoots-First-Game/Content/Characters/Keith/T-Pose_Rig.uexp" 153
"C:/Users/loopa/Desktop/Des 203/Github Repo/Bigfoots-First-Game/Content/ThirdPerson/Input/Actions/IA_Interact.uasset" 154
"C:/Users/loopa/Desktop/Des 203/Github Repo/Bigfoots-First-Game/Content/ThirdPerson/Input/Actions/IA_Interact.uexp" 155
"C:/Users/loopa/Desktop/Des 203/Github Repo/Bigfoots-First-Game/Content/ThirdPerson/Input/Actions/IA_Escape.uasset" 156
"C:/Users/loopa/Desktop/Des 203/Github Repo/Bigfoots-First-Game/Content/ThirdPerson/Input/Actions/IA_Escape.uexp" 157
"C:/Users/loopa/Desktop/Des 203/Github Repo/Bigfoots-First-Game/Content/ThirdPerson/Interfaces/IF_Dialogue.uasset" 158
"C:/Users/loopa/Desktop/Des 203/Github Repo/Bigfoots-First-Game/Content/ThirdPerson/Interfaces/IF_Dialogue.uexp" 159
"C:/Users/loopa/Desktop/Des 203/Github Repo/Bigfoots-First-Game/Content/ThirdPerson/Interfaces/IF_Inventory.uasset" 160
"C:/Users/loopa/Desktop/Des 203/Github Repo/Bigfoots-First-Game/Content/ThirdPerson/Interfaces/IF_Inventory.uexp" 161
"C:/Users/loopa/Desktop/Des 203/Github Repo/Bigfoots-First-Game/Content/ThirdPerson/Inventory/S_ItemReference.uasset" 162
"C:/Users/loopa/Desktop/Des 203/Github Repo/Bigfoots-First-Game/Content/ThirdPerson/Inventory/S_ItemReference.uexp" 163
"C:/Users/loopa/Desktop/Des 203/Github Repo/Bigfoots-First-Game/Content/ThirdPerson/Blueprints/BP_GameManager.uasset" 164
"C:/Users/loopa/Desktop/Des 203/Github Repo/Bigfoots-First-Game/Content/ThirdPerson/Blueprints/BP_GameManager.uexp" 165
"C:/Users/loopa/Desktop/Des 203/Github Repo/Bigfoots-First-Game/Content/ThirdPerson/Input/Actions/IA_Jump.uasset" 166
"C:/Users/loopa/Desktop/Des 203/Github Repo/Bigfoots-First-Game/Content/ThirdPerson/Input/Actions/IA_Jump.uexp" 167
"C:/Users/loopa/Desktop/Des 203/Github Repo/Bigfoots-First-Game/Content/Fonts/Pacifico.uexp" 168
"C:/Users/loopa/Desktop/Des 203/Github Repo/Bigfoots-First-Game/Content/Fonts/Pacifico.uasset" 169
"C:/Users/loopa/Desktop/Des 203/Github Repo/Bigfoots-First-Game/Content/Fonts/Pacifico.ufont" 170
"C:/Users/loopa/Desktop/Des 203/Github Repo/Bigfoots-First-Game/Content/Fonts/Pacifico_Font.uasset" 171
"C:/Users/loopa/Desktop/Des 203/Github Repo/Bigfoots-First-Game/Content/Fonts/Pacifico_Font.uexp" 172
"../../../Engine/Content/EditorBlueprintResources/StandardMacros.uasset" 173
"../../../Engine/Content/EditorBlueprintResources/StandardMacros.uexp" 174
"C:/Users/loopa/Desktop/Des 203/Github Repo/Bigfoots-First-Game/Content/ThirdPerson/Inventory/W_Menu.uasset" 175
"C:/Users/loopa/Desktop/Des 203/Github Repo/Bigfoots-First-Game/Content/ThirdPerson/Inventory/W_Menu.uexp" 176
"C:/Users/loopa/Desktop/Des 203/Github Repo/Bigfoots-First-Game/Content/ThirdPerson/Input/Actions/IA_Click.uasset" 177
"C:/Users/loopa/Desktop/Des 203/Github Repo/Bigfoots-First-Game/Content/ThirdPerson/Input/Actions/IA_Click.uexp" 178
"C:/Users/loopa/Desktop/Des 203/Github Repo/Bigfoots-First-Game/Content/ThirdPerson/Input/Actions/IA_Camera.uasset" 179
"C:/Users/loopa/Desktop/Des 203/Github Repo/Bigfoots-First-Game/Content/ThirdPerson/Input/Actions/IA_Camera.uexp" 180
"C:/Users/loopa/Desktop/Des 203/Github Repo/Bigfoots-First-Game/Content/ThirdPerson/Input/Actions/IA_Look.uasset" 181
"C:/Users/loopa/Desktop/Des 203/Github Repo/Bigfoots-First-Game/Content/ThirdPerson/Input/Actions/IA_Look.uexp" 182
"C:/Users/loopa/Desktop/Des 203/Github Repo/Bigfoots-First-Game/Content/ThirdPerson/Input/Actions/IA_Move.uasset" 183
"C:/Users/loopa/Desktop/Des 203/Github Repo/Bigfoots-First-Game/Content/ThirdPerson/Input/Actions/IA_Move.uexp" 184
"C:/Users/loopa/Desktop/Des 203/Github Repo/Bigfoots-First-Game/Content/ThirdPerson/Input/IMC_Default.uasset" 185
"C:/Users/loopa/Desktop/Des 203/Github Repo/Bigfoots-First-Game/Content/ThirdPerson/Input/IMC_Default.uexp" 186
"C:/Users/loopa/Desktop/Des 203/Github Repo/Bigfoots-First-Game/Content/ThirdPerson/Blueprints/HUD/W_HUD.uasset" 187
"C:/Users/loopa/Desktop/Des 203/Github Repo/Bigfoots-First-Game/Content/ThirdPerson/Blueprints/HUD/W_HUD.uexp" 188
"C:/Users/loopa/Desktop/Des 203/Github Repo/Bigfoots-First-Game/Content/ThirdPerson/Blueprints/Keypad/IF_Puzzle.uasset" 189
"C:/Users/loopa/Desktop/Des 203/Github Repo/Bigfoots-First-Game/Content/ThirdPerson/Blueprints/Keypad/IF_Puzzle.uexp" 190
"C:/Users/loopa/Desktop/Des 203/Github Repo/Bigfoots-First-Game/Content/ThirdPerson/Blueprints/BP_ThirdPersonCharacter.uasset" 191
"C:/Users/loopa/Desktop/Des 203/Github Repo/Bigfoots-First-Game/Content/ThirdPerson/Blueprints/BP_ThirdPersonCharacter.uexp" 192
"../../../Engine/Content/BasicShapes/BasicShapeMaterial.uasset" 193
"../../../Engine/Content/BasicShapes/BasicShapeMaterial.uexp" 194
"C:/Users/loopa/Desktop/Des 203/Github Repo/Bigfoots-First-Game/Content/ConveyorBelt/BP_ConveyorBelt.uasset" 195
"C:/Users/loopa/Desktop/Des 203/Github Repo/Bigfoots-First-Game/Content/ConveyorBelt/BP_ConveyorBelt.uexp" 196
"C:/Users/loopa/Desktop/Des 203/Github Repo/Bigfoots-First-Game/Content/LevelPrototyping/Textures/T_GridChecker_A.ubulk" 197
"C:/Users/loopa/Desktop/Des 203/Github Repo/Bigfoots-First-Game/Content/LevelPrototyping/Textures/T_GridChecker_A.uasset" 198
"C:/Users/loopa/Desktop/Des 203/Github Repo/Bigfoots-First-Game/Content/LevelPrototyping/Textures/T_GridChecker_A.uexp" 199
"../../../Engine/Content/Functions/Engine_MaterialFunctions02/Utility/MakeFloat3.uasset" 200
"../../../Engine/Content/Functions/Engine_MaterialFunctions02/Utility/MakeFloat3.uexp" 201
"../../../Engine/Content/Functions/Engine_MaterialFunctions01/Gradient/LinearGradient.uasset" 202
"../../../Engine/Content/Functions/Engine_MaterialFunctions01/Gradient/LinearGradient.uexp" 203
"../../../Engine/Content/Functions/Engine_MaterialFunctions01/ImageAdjustment/CheapContrast.uasset" 204
"../../../Engine/Content/Functions/Engine_MaterialFunctions01/ImageAdjustment/CheapContrast.uexp" 205
"../../../Engine/Content/Functions/Engine_MaterialFunctions02/Utility/BreakOutFloat3Components.uasset" 206
"../../../Engine/Content/Functions/Engine_MaterialFunctions02/Utility/BreakOutFloat3Components.uexp" 207
"C:/Users/loopa/Desktop/Des 203/Github Repo/Bigfoots-First-Game/Content/LevelPrototyping/Materials/MF_ProcGrid.uasset" 208
"C:/Users/loopa/Desktop/Des 203/Github Repo/Bigfoots-First-Game/Content/LevelPrototyping/Materials/MF_ProcGrid.uexp" 209
"C:/Users/loopa/Desktop/Des 203/Github Repo/Bigfoots-First-Game/Content/LevelPrototyping/Materials/M_PrototypeGrid.uasset" 210
"C:/Users/loopa/Desktop/Des 203/Github Repo/Bigfoots-First-Game/Content/LevelPrototyping/Materials/M_PrototypeGrid.uexp" 211
"C:/Users/loopa/Desktop/Des 203/Github Repo/Bigfoots-First-Game/Content/LevelPrototyping/Materials/MI_PrototypeGrid_Gray_02.uasset" 212
"C:/Users/loopa/Desktop/Des 203/Github Repo/Bigfoots-First-Game/Content/LevelPrototyping/Materials/MI_PrototypeGrid_Gray_02.uexp" 213
"C:/Users/loopa/Desktop/Des 203/Github Repo/Bigfoots-First-Game/Content/LevelPrototyping/Materials/MI_PrototypeGrid_Gray.uasset" 214
"C:/Users/loopa/Desktop/Des 203/Github Repo/Bigfoots-First-Game/Content/LevelPrototyping/Materials/MI_PrototypeGrid_Gray.uexp" 215
"C:/Users/loopa/Desktop/Des 203/Github Repo/Bigfoots-First-Game/Content/LevelPrototyping/Meshes/SM_Ramp.ubulk" 216
"C:/Users/loopa/Desktop/Des 203/Github Repo/Bigfoots-First-Game/Content/LevelPrototyping/Meshes/SM_Ramp.uasset" 217
"C:/Users/loopa/Desktop/Des 203/Github Repo/Bigfoots-First-Game/Content/LevelPrototyping/Meshes/SM_Ramp.uexp" 218
"C:/Users/loopa/Desktop/Des 203/Github Repo/Bigfoots-First-Game/Content/LevelPrototyping/Meshes/SM_Cube.ubulk" 219
"C:/Users/loopa/Desktop/Des 203/Github Repo/Bigfoots-First-Game/Content/LevelPrototyping/Meshes/SM_Cube.uasset" 220
"C:/Users/loopa/Desktop/Des 203/Github Repo/Bigfoots-First-Game/Content/LevelPrototyping/Meshes/SM_Cube.uexp" 221
"C:/Users/loopa/Desktop/Des 203/Github Repo/Bigfoots-First-Game/Content/LevelPrototyping/Meshes/SM_ConveyorWall.ubulk" 222
"C:/Users/loopa/Desktop/Des 203/Github Repo/Bigfoots-First-Game/Content/LevelPrototyping/Meshes/SM_ConveyorWall.uasset" 223
"C:/Users/loopa/Desktop/Des 203/Github Repo/Bigfoots-First-Game/Content/LevelPrototyping/Meshes/SM_ConveyorWall.uexp" 224
"C:/Users/loopa/Desktop/Des 203/Github Repo/Bigfoots-First-Game/Content/StarterContent/Textures/T_Detail_Rocky_N.ubulk" 225
"C:/Users/loopa/Desktop/Des 203/Github Repo/Bigfoots-First-Game/Content/StarterContent/Textures/T_Detail_Rocky_N.uasset" 226
"C:/Users/loopa/Desktop/Des 203/Github Repo/Bigfoots-First-Game/Content/StarterContent/Textures/T_Detail_Rocky_N.uexp" 227
"C:/Users/loopa/Desktop/Des 203/Github Repo/Bigfoots-First-Game/Content/StarterContent/Textures/T_Brick_Hewn_Stone_N.ubulk" 228
"C:/Users/loopa/Desktop/Des 203/Github Repo/Bigfoots-First-Game/Content/StarterContent/Textures/T_Brick_Hewn_Stone_N.uasset" 229
"C:/Users/loopa/Desktop/Des 203/Github Repo/Bigfoots-First-Game/Content/StarterContent/Textures/T_Brick_Hewn_Stone_N.uexp" 230
"C:/Users/loopa/Desktop/Des 203/Github Repo/Bigfoots-First-Game/Content/StarterContent/Textures/T_Brick_Hewn_Stone_D.ubulk" 231
"C:/Users/loopa/Desktop/Des 203/Github Repo/Bigfoots-First-Game/Content/StarterContent/Textures/T_Brick_Hewn_Stone_D.uasset" 232
"C:/Users/loopa/Desktop/Des 203/Github Repo/Bigfoots-First-Game/Content/StarterContent/Textures/T_Brick_Hewn_Stone_D.uexp" 233
"C:/Users/loopa/Desktop/Des 203/Github Repo/Bigfoots-First-Game/Content/StarterContent/Textures/T_MacroVariation.uasset" 234
"C:/Users/loopa/Desktop/Des 203/Github Repo/Bigfoots-First-Game/Content/StarterContent/Textures/T_MacroVariation.uexp" 235
"C:/Users/loopa/Desktop/Des 203/Github Repo/Bigfoots-First-Game/Content/StarterContent/Textures/T_Brick_Hewn_Stone_M.ubulk" 236
"C:/Users/loopa/Desktop/Des 203/Github Repo/Bigfoots-First-Game/Content/StarterContent/Textures/T_Brick_Hewn_Stone_M.uasset" 237
"C:/Users/loopa/Desktop/Des 203/Github Repo/Bigfoots-First-Game/Content/StarterContent/Textures/T_Brick_Hewn_Stone_M.uexp" 238
"C:/Users/loopa/Desktop/Des 203/Github Repo/Bigfoots-First-Game/Content/StarterContent/Materials/M_Brick_Hewn_Stone.uasset" 239
"C:/Users/loopa/Desktop/Des 203/Github Repo/Bigfoots-First-Game/Content/StarterContent/Materials/M_Brick_Hewn_Stone.uexp" 240
"C:/Users/loopa/Desktop/Des 203/Github Repo/Bigfoots-First-Game/Content/StarterContent/Materials/M_Basic_Wall.uasset" 241
"C:/Users/loopa/Desktop/Des 203/Github Repo/Bigfoots-First-Game/Content/StarterContent/Materials/M_Basic_Wall.uexp" 242
"C:/Users/loopa/Desktop/Des 203/Github Repo/Bigfoots-First-Game/Content/StarterContent/Shapes/Shape_Cone.ubulk" 243
"C:/Users/loopa/Desktop/Des 203/Github Repo/Bigfoots-First-Game/Content/StarterContent/Shapes/Shape_Cone.uasset" 244
"C:/Users/loopa/Desktop/Des 203/Github Repo/Bigfoots-First-Game/Content/StarterContent/Shapes/Shape_Cone.uexp" 245
"C:/Users/loopa/Desktop/Des 203/Github Repo/Bigfoots-First-Game/Content/ThirdPerson/Blueprints/Keypad/Images/screens/screen_blank.ubulk" 246
"C:/Users/loopa/Desktop/Des 203/Github Repo/Bigfoots-First-Game/Content/ThirdPerson/Blueprints/Keypad/Images/screens/screen_blank.uasset" 247
"C:/Users/loopa/Desktop/Des 203/Github Repo/Bigfoots-First-Game/Content/ThirdPerson/Blueprints/Keypad/Images/screens/screen_blank.uexp" 248
"C:/Users/loopa/Desktop/Des 203/Github Repo/Bigfoots-First-Game/Content/ThirdPerson/Blueprints/M_Reflect.uasset" 249
"C:/Users/loopa/Desktop/Des 203/Github Repo/Bigfoots-First-Game/Content/ThirdPerson/Blueprints/M_Reflect.uexp" 250
"C:/Users/loopa/Desktop/Des 203/Github Repo/Bigfoots-First-Game/Content/ThirdPerson/Sounds/IF_Sound.uasset" 251
"C:/Users/loopa/Desktop/Des 203/Github Repo/Bigfoots-First-Game/Content/ThirdPerson/Sounds/IF_Sound.uexp" 252
"C:/Users/loopa/Desktop/Des 203/Github Repo/Bigfoots-First-Game/Content/ThirdPerson/Blueprints/TextUI.uasset" 253
"C:/Users/loopa/Desktop/Des 203/Github Repo/Bigfoots-First-Game/Content/ThirdPerson/Blueprints/TextUI.uexp" 254
"C:/Users/loopa/Desktop/Des 203/Github Repo/Bigfoots-First-Game/Content/ThirdPerson/Sounds/BP_SoundManager.uasset" 255
"C:/Users/loopa/Desktop/Des 203/Github Repo/Bigfoots-First-Game/Content/ThirdPerson/Sounds/BP_SoundManager.uexp" 256
"C:/Users/loopa/Desktop/Des 203/Github Repo/Bigfoots-First-Game/Content/ThirdPerson/Blueprints/INT_TextBased.uasset" 257
"C:/Users/loopa/Desktop/Des 203/Github Repo/Bigfoots-First-Game/Content/ThirdPerson/Blueprints/INT_TextBased.uexp" 258
"C:/Users/loopa/Desktop/Des 203/Github Repo/Bigfoots-First-Game/Content/ThirdPerson/Blueprints/Keypad/Images/buttons/button_ENTER.ubulk" 259
"C:/Users/loopa/Desktop/Des 203/Github Repo/Bigfoots-First-Game/Content/ThirdPerson/Blueprints/Keypad/Images/buttons/button_ENTER.uasset" 260
"C:/Users/loopa/Desktop/Des 203/Github Repo/Bigfoots-First-Game/Content/ThirdPerson/Blueprints/Keypad/Images/buttons/button_ENTER.uexp" 261
"C:/Users/loopa/Desktop/Des 203/Github Repo/Bigfoots-First-Game/Content/ThirdPerson/Blueprints/Keypad/Images/buttons/M_ButtonEnter.uasset" 262
"C:/Users/loopa/Desktop/Des 203/Github Repo/Bigfoots-First-Game/Content/ThirdPerson/Blueprints/Keypad/Images/buttons/M_ButtonEnter.uexp" 263
"C:/Users/loopa/Desktop/Des 203/Github Repo/Bigfoots-First-Game/Content/ThirdPerson/Blueprints/Keypad/Images/buttons/button_02.ubulk" 264
"C:/Users/loopa/Desktop/Des 203/Github Repo/Bigfoots-First-Game/Content/ThirdPerson/Blueprints/Keypad/Images/buttons/button_02.uasset" 265
"C:/Users/loopa/Desktop/Des 203/Github Repo/Bigfoots-First-Game/Content/ThirdPerson/Blueprints/Keypad/Images/buttons/button_02.uexp" 266
"C:/Users/loopa/Desktop/Des 203/Github Repo/Bigfoots-First-Game/Content/ThirdPerson/Blueprints/Keypad/Images/buttons/M_Button2.uasset" 267
"C:/Users/loopa/Desktop/Des 203/Github Repo/Bigfoots-First-Game/Content/ThirdPerson/Blueprints/Keypad/Images/buttons/M_Button2.uexp" 268
"C:/Users/loopa/Desktop/Des 203/Github Repo/Bigfoots-First-Game/Content/ThirdPerson/Blueprints/Keypad/Images/buttons/button_00.ubulk" 269
"C:/Users/loopa/Desktop/Des 203/Github Repo/Bigfoots-First-Game/Content/ThirdPerson/Blueprints/Keypad/Images/buttons/button_00.uasset" 270
"C:/Users/loopa/Desktop/Des 203/Github Repo/Bigfoots-First-Game/Content/ThirdPerson/Blueprints/Keypad/Images/buttons/button_00.uexp" 271
"C:/Users/loopa/Desktop/Des 203/Github Repo/Bigfoots-First-Game/Content/ThirdPerson/Blueprints/Keypad/Images/buttons/M_Button0.uasset" 272
"C:/Users/loopa/Desktop/Des 203/Github Repo/Bigfoots-First-Game/Content/ThirdPerson/Blueprints/Keypad/Images/buttons/M_Button0.uexp" 273
"C:/Users/loopa/Desktop/Des 203/Github Repo/Bigfoots-First-Game/Content/StarterContent/Audio/Explosion01.ubulk" 274
"C:/Users/loopa/Desktop/Des 203/Github Repo/Bigfoots-First-Game/Content/StarterContent/Audio/Explosion01.uasset" 275
"C:/Users/loopa/Desktop/Des 203/Github Repo/Bigfoots-First-Game/Content/StarterContent/Audio/Explosion01.uexp" 276
"C:/Users/loopa/Desktop/Des 203/Github Repo/Bigfoots-First-Game/Content/ThirdPerson/Blueprints/Keypad/Images/panel_and_lights/back_panel.ubulk" 277
"C:/Users/loopa/Desktop/Des 203/Github Repo/Bigfoots-First-Game/Content/ThirdPerson/Blueprints/Keypad/Images/panel_and_lights/back_panel.uasset" 278
"C:/Users/loopa/Desktop/Des 203/Github Repo/Bigfoots-First-Game/Content/ThirdPerson/Blueprints/Keypad/Images/panel_and_lights/back_panel.uexp" 279
"C:/Users/loopa/Desktop/Des 203/Github Repo/Bigfoots-First-Game/Content/ThirdPerson/Blueprints/Keypad/Images/panel_and_lights/M_Panel.uasset" 280
"C:/Users/loopa/Desktop/Des 203/Github Repo/Bigfoots-First-Game/Content/ThirdPerson/Blueprints/Keypad/Images/panel_and_lights/M_Panel.uexp" 281
"C:/Users/loopa/Desktop/Des 203/Github Repo/Bigfoots-First-Game/Content/ThirdPerson/Blueprints/Keypad/Images/buttons/button_04.ubulk" 282
"C:/Users/loopa/Desktop/Des 203/Github Repo/Bigfoots-First-Game/Content/ThirdPerson/Blueprints/Keypad/Images/buttons/button_04.uasset" 283
"C:/Users/loopa/Desktop/Des 203/Github Repo/Bigfoots-First-Game/Content/ThirdPerson/Blueprints/Keypad/Images/buttons/button_04.uexp" 284
"C:/Users/loopa/Desktop/Des 203/Github Repo/Bigfoots-First-Game/Content/ThirdPerson/Blueprints/Keypad/Images/buttons/M_Button4.uasset" 285
"C:/Users/loopa/Desktop/Des 203/Github Repo/Bigfoots-First-Game/Content/ThirdPerson/Blueprints/Keypad/Images/buttons/M_Button4.uexp" 286
"C:/Users/loopa/Desktop/Des 203/Github Repo/Bigfoots-First-Game/Content/ThirdPerson/Blueprints/Keypad/Images/screens/M_ScreenBlank.uasset" 287
"C:/Users/loopa/Desktop/Des 203/Github Repo/Bigfoots-First-Game/Content/ThirdPerson/Blueprints/Keypad/Images/screens/M_ScreenBlank.uexp" 288
"C:/Users/loopa/Desktop/Des 203/Github Repo/Bigfoots-First-Game/Content/ThirdPerson/Blueprints/Keypad/Images/buttons/button_BACK.ubulk" 289
"C:/Users/loopa/Desktop/Des 203/Github Repo/Bigfoots-First-Game/Content/ThirdPerson/Blueprints/Keypad/Images/buttons/button_BACK.uasset" 290
"C:/Users/loopa/Desktop/Des 203/Github Repo/Bigfoots-First-Game/Content/ThirdPerson/Blueprints/Keypad/Images/buttons/button_BACK.uexp" 291
"C:/Users/loopa/Desktop/Des 203/Github Repo/Bigfoots-First-Game/Content/ThirdPerson/Blueprints/Keypad/Images/buttons/M_ButtonBack.uasset" 292
"C:/Users/loopa/Desktop/Des 203/Github Repo/Bigfoots-First-Game/Content/ThirdPerson/Blueprints/Keypad/Images/buttons/M_ButtonBack.uexp" 293
"C:/Users/loopa/Desktop/Des 203/Github Repo/Bigfoots-First-Game/Content/ThirdPerson/Blueprints/Keypad/Images/buttons/button_06.ubulk" 294
"C:/Users/loopa/Desktop/Des 203/Github Repo/Bigfoots-First-Game/Content/ThirdPerson/Blueprints/Keypad/Images/buttons/button_06.uasset" 295
"C:/Users/loopa/Desktop/Des 203/Github Repo/Bigfoots-First-Game/Content/ThirdPerson/Blueprints/Keypad/Images/buttons/button_06.uexp" 296
"C:/Users/loopa/Desktop/Des 203/Github Repo/Bigfoots-First-Game/Content/ThirdPerson/Blueprints/Keypad/Images/buttons/M_Button6.uasset" 297
"C:/Users/loopa/Desktop/Des 203/Github Repo/Bigfoots-First-Game/Content/ThirdPerson/Blueprints/Keypad/Images/buttons/M_Button6.uexp" 298
"C:/Users/loopa/Desktop/Des 203/Github Repo/Bigfoots-First-Game/Content/ThirdPerson/Blueprints/Keypad/Images/buttons/button_07.ubulk" 299
"C:/Users/loopa/Desktop/Des 203/Github Repo/Bigfoots-First-Game/Content/ThirdPerson/Blueprints/Keypad/Images/buttons/button_07.uasset" 300
"C:/Users/loopa/Desktop/Des 203/Github Repo/Bigfoots-First-Game/Content/ThirdPerson/Blueprints/Keypad/Images/buttons/button_07.uexp" 301
"C:/Users/loopa/Desktop/Des 203/Github Repo/Bigfoots-First-Game/Content/ThirdPerson/Blueprints/Keypad/Images/buttons/M_Button7.uasset" 302
"C:/Users/loopa/Desktop/Des 203/Github Repo/Bigfoots-First-Game/Content/ThirdPerson/Blueprints/Keypad/Images/buttons/M_Button7.uexp" 303
"C:/Users/loopa/Desktop/Des 203/Github Repo/Bigfoots-First-Game/Content/ThirdPerson/Blueprints/Keypad/Images/buttons/button_09.ubulk" 304
"C:/Users/loopa/Desktop/Des 203/Github Repo/Bigfoots-First-Game/Content/ThirdPerson/Blueprints/Keypad/Images/buttons/button_09.uasset" 305
"C:/Users/loopa/Desktop/Des 203/Github Repo/Bigfoots-First-Game/Content/ThirdPerson/Blueprints/Keypad/Images/buttons/button_09.uexp" 306
"C:/Users/loopa/Desktop/Des 203/Github Repo/Bigfoots-First-Game/Content/ThirdPerson/Blueprints/Keypad/Images/buttons/M_Button9.uasset" 307
"C:/Users/loopa/Desktop/Des 203/Github Repo/Bigfoots-First-Game/Content/ThirdPerson/Blueprints/Keypad/Images/buttons/M_Button9.uexp" 308
"C:/Users/loopa/Desktop/Des 203/Github Repo/Bigfoots-First-Game/Content/ThirdPerson/Blueprints/Keypad/Images/buttons/button_08.ubulk" 309
"C:/Users/loopa/Desktop/Des 203/Github Repo/Bigfoots-First-Game/Content/ThirdPerson/Blueprints/Keypad/Images/buttons/button_08.uasset" 310
"C:/Users/loopa/Desktop/Des 203/Github Repo/Bigfoots-First-Game/Content/ThirdPerson/Blueprints/Keypad/Images/buttons/button_08.uexp" 311
"C:/Users/loopa/Desktop/Des 203/Github Repo/Bigfoots-First-Game/Content/ThirdPerson/Blueprints/Keypad/Images/buttons/M_Button8.uasset" 312
"C:/Users/loopa/Desktop/Des 203/Github Repo/Bigfoots-First-Game/Content/ThirdPerson/Blueprints/Keypad/Images/buttons/M_Button8.uexp" 313
"C:/Users/loopa/Desktop/Des 203/Github Repo/Bigfoots-First-Game/Content/ThirdPerson/Blueprints/Keypad/Images/buttons/button_03.ubulk" 314
"C:/Users/loopa/Desktop/Des 203/Github Repo/Bigfoots-First-Game/Content/ThirdPerson/Blueprints/Keypad/Images/buttons/button_03.uasset" 315
"C:/Users/loopa/Desktop/Des 203/Github Repo/Bigfoots-First-Game/Content/ThirdPerson/Blueprints/Keypad/Images/buttons/button_03.uexp" 316
"C:/Users/loopa/Desktop/Des 203/Github Repo/Bigfoots-First-Game/Content/ThirdPerson/Blueprints/Keypad/Images/buttons/M_Button3.uasset" 317
"C:/Users/loopa/Desktop/Des 203/Github Repo/Bigfoots-First-Game/Content/ThirdPerson/Blueprints/Keypad/Images/buttons/M_Button3.uexp" 318
"C:/Users/loopa/Desktop/Des 203/Github Repo/Bigfoots-First-Game/Content/ThirdPerson/Blueprints/Keypad/Images/buttons/button_01.ubulk" 319
"C:/Users/loopa/Desktop/Des 203/Github Repo/Bigfoots-First-Game/Content/ThirdPerson/Blueprints/Keypad/Images/buttons/button_01.uasset" 320
"C:/Users/loopa/Desktop/Des 203/Github Repo/Bigfoots-First-Game/Content/ThirdPerson/Blueprints/Keypad/Images/buttons/button_01.uexp" 321
"C:/Users/loopa/Desktop/Des 203/Github Repo/Bigfoots-First-Game/Content/ThirdPerson/Blueprints/Keypad/Images/buttons/M_Button1.uasset" 322
"C:/Users/loopa/Desktop/Des 203/Github Repo/Bigfoots-First-Game/Content/ThirdPerson/Blueprints/Keypad/Images/buttons/M_Button1.uexp" 323
"C:/Users/loopa/Desktop/Des 203/Github Repo/Bigfoots-First-Game/Content/ThirdPerson/Blueprints/Keypad/Images/buttons/button_05.ubulk" 324
"C:/Users/loopa/Desktop/Des 203/Github Repo/Bigfoots-First-Game/Content/ThirdPerson/Blueprints/Keypad/Images/buttons/button_05.uasset" 325
"C:/Users/loopa/Desktop/Des 203/Github Repo/Bigfoots-First-Game/Content/ThirdPerson/Blueprints/Keypad/Images/buttons/button_05.uexp" 326
"C:/Users/loopa/Desktop/Des 203/Github Repo/Bigfoots-First-Game/Content/ThirdPerson/Blueprints/Keypad/Images/buttons/M_Button5.uasset" 327
"C:/Users/loopa/Desktop/Des 203/Github Repo/Bigfoots-First-Game/Content/ThirdPerson/Blueprints/Keypad/Images/buttons/M_Button5.uexp" 328
"C:/Users/loopa/Desktop/Des 203/Github Repo/Bigfoots-First-Game/Content/ThirdPerson/Blueprints/Keypad/Images/screens/screen_star.ubulk" 329
"C:/Users/loopa/Desktop/Des 203/Github Repo/Bigfoots-First-Game/Content/ThirdPerson/Blueprints/Keypad/Images/screens/screen_star.uasset" 330
"C:/Users/loopa/Desktop/Des 203/Github Repo/Bigfoots-First-Game/Content/ThirdPerson/Blueprints/Keypad/Images/screens/screen_star.uexp" 331
"C:/Users/loopa/Desktop/Des 203/Github Repo/Bigfoots-First-Game/Content/ThirdPerson/Blueprints/Keypad/Images/screens/M_ScreenStar.uasset" 332
"C:/Users/loopa/Desktop/Des 203/Github Repo/Bigfoots-First-Game/Content/ThirdPerson/Blueprints/Keypad/Images/screens/M_ScreenStar.uexp" 333
"C:/Users/loopa/Desktop/Des 203/Github Repo/Bigfoots-First-Game/Content/ThirdPerson/Blueprints/Keypad/W_Keypad.uasset" 334
"C:/Users/loopa/Desktop/Des 203/Github Repo/Bigfoots-First-Game/Content/ThirdPerson/Blueprints/Keypad/W_Keypad.uexp" 335
"C:/Users/loopa/Desktop/Des 203/Github Repo/Bigfoots-First-Game/Content/ThirdPerson/Blueprints/Keypad/INT_Keypad.uasset" 336
"C:/Users/loopa/Desktop/Des 203/Github Repo/Bigfoots-First-Game/Content/ThirdPerson/Blueprints/Keypad/INT_Keypad.uexp" 337
"C:/Users/loopa/Desktop/Des 203/Github Repo/Bigfoots-First-Game/Content/ThirdPerson/Blueprints/Wiring/wires/A-3.uasset" 338
"C:/Users/loopa/Desktop/Des 203/Github Repo/Bigfoots-First-Game/Content/ThirdPerson/Blueprints/Wiring/wires/A-3.uexp" 339
"C:/Users/loopa/Desktop/Des 203/Github Repo/Bigfoots-First-Game/Content/ThirdPerson/Blueprints/Wiring/wires/C-3.uasset" 340
"C:/Users/loopa/Desktop/Des 203/Github Repo/Bigfoots-First-Game/Content/ThirdPerson/Blueprints/Wiring/wires/C-3.uexp" 341
"C:/Users/loopa/Desktop/Des 203/Github Repo/Bigfoots-First-Game/Content/ThirdPerson/Blueprints/Wiring/wires/B-3.uasset" 342
"C:/Users/loopa/Desktop/Des 203/Github Repo/Bigfoots-First-Game/Content/ThirdPerson/Blueprints/Wiring/wires/B-3.uexp" 343
"C:/Users/loopa/Desktop/Des 203/Github Repo/Bigfoots-First-Game/Content/ThirdPerson/Blueprints/Wiring/wires/D-1.uasset" 344
"C:/Users/loopa/Desktop/Des 203/Github Repo/Bigfoots-First-Game/Content/ThirdPerson/Blueprints/Wiring/wires/D-1.uexp" 345
"C:/Users/loopa/Desktop/Des 203/Github Repo/Bigfoots-First-Game/Content/ThirdPerson/Blueprints/Wiring/wires/D-3.uasset" 346
"C:/Users/loopa/Desktop/Des 203/Github Repo/Bigfoots-First-Game/Content/ThirdPerson/Blueprints/Wiring/wires/D-3.uexp" 347
"C:/Users/loopa/Desktop/Des 203/Github Repo/Bigfoots-First-Game/Content/ThirdPerson/Blueprints/Wiring/wires/B-1.uasset" 348
"C:/Users/loopa/Desktop/Des 203/Github Repo/Bigfoots-First-Game/Content/ThirdPerson/Blueprints/Wiring/wires/B-1.uexp" 349
"C:/Users/loopa/Desktop/Des 203/Github Repo/Bigfoots-First-Game/Content/ThirdPerson/Blueprints/Wiring/wires/D-4.uasset" 350
"C:/Users/loopa/Desktop/Des 203/Github Repo/Bigfoots-First-Game/Content/ThirdPerson/Blueprints/Wiring/wires/D-4.uexp" 351
"C:/Users/loopa/Desktop/Des 203/Github Repo/Bigfoots-First-Game/Content/ThirdPerson/Blueprints/Wiring/wires/A-4.uasset" 352
"C:/Users/loopa/Desktop/Des 203/Github Repo/Bigfoots-First-Game/Content/ThirdPerson/Blueprints/Wiring/wires/A-4.uexp" 353
"C:/Users/loopa/Desktop/Des 203/Github Repo/Bigfoots-First-Game/Content/ThirdPerson/Blueprints/Wiring/wires/B-2.uasset" 354
"C:/Users/loopa/Desktop/Des 203/Github Repo/Bigfoots-First-Game/Content/ThirdPerson/Blueprints/Wiring/wires/B-2.uexp" 355
"C:/Users/loopa/Desktop/Des 203/Github Repo/Bigfoots-First-Game/Content/ThirdPerson/Blueprints/Wiring/wires/D-2.uasset" 356
"C:/Users/loopa/Desktop/Des 203/Github Repo/Bigfoots-First-Game/Content/ThirdPerson/Blueprints/Wiring/wires/D-2.uexp" 357
"C:/Users/loopa/Desktop/Des 203/Github Repo/Bigfoots-First-Game/Content/ThirdPerson/Blueprints/Wiring/wires/C-4.uasset" 358
"C:/Users/loopa/Desktop/Des 203/Github Repo/Bigfoots-First-Game/Content/ThirdPerson/Blueprints/Wiring/wires/C-4.uexp" 359
"C:/Users/loopa/Desktop/Des 203/Github Repo/Bigfoots-First-Game/Content/ThirdPerson/Blueprints/Wiring/wires/B-4.uasset" 360
"C:/Users/loopa/Desktop/Des 203/Github Repo/Bigfoots-First-Game/Content/ThirdPerson/Blueprints/Wiring/wires/B-4.uexp" 361
"C:/Users/loopa/Desktop/Des 203/Github Repo/Bigfoots-First-Game/Content/ThirdPerson/Blueprints/Wiring/wires/C-1.uasset" 362
"C:/Users/loopa/Desktop/Des 203/Github Repo/Bigfoots-First-Game/Content/ThirdPerson/Blueprints/Wiring/wires/C-1.uexp" 363
"C:/Users/loopa/Desktop/Des 203/Github Repo/Bigfoots-First-Game/Content/ThirdPerson/Blueprints/Wiring/wires/A-2.uasset" 364
"C:/Users/loopa/Desktop/Des 203/Github Repo/Bigfoots-First-Game/Content/ThirdPerson/Blueprints/Wiring/wires/A-2.uexp" 365
"C:/Users/loopa/Desktop/Des 203/Github Repo/Bigfoots-First-Game/Content/ThirdPerson/Blueprints/Wiring/W_WiringOld.uasset" 366
"C:/Users/loopa/Desktop/Des 203/Github Repo/Bigfoots-First-Game/Content/ThirdPerson/Blueprints/Wiring/W_WiringOld.uexp" 367
"C:/Users/loopa/Desktop/Des 203/Github Repo/Bigfoots-First-Game/Content/ThirdPerson/Blueprints/Wiring/W_Wiring.uasset" 368
"C:/Users/loopa/Desktop/Des 203/Github Repo/Bigfoots-First-Game/Content/ThirdPerson/Blueprints/Wiring/W_Wiring.uexp" 369
"C:/Users/loopa/Desktop/Des 203/Github Repo/Bigfoots-First-Game/Content/ThirdPerson/Blueprints/Wiring/INT_Wiring.uasset" 370
"C:/Users/loopa/Desktop/Des 203/Github Repo/Bigfoots-First-Game/Content/ThirdPerson/Blueprints/Wiring/INT_Wiring.uexp" 371
"C:/Users/loopa/Desktop/Des 203/Github Repo/Bigfoots-First-Game/Content/ThirdPerson/PostProcess/M_Outline.uasset" 372
"C:/Users/loopa/Desktop/Des 203/Github Repo/Bigfoots-First-Game/Content/ThirdPerson/PostProcess/M_Outline.uexp" 373
"C:/Users/loopa/Desktop/Des 203/Github Repo/Bigfoots-First-Game/Content/ThirdPerson/Sounds/Attenuations/SAT_Speaker.uasset" 374
"C:/Users/loopa/Desktop/Des 203/Github Repo/Bigfoots-First-Game/Content/ThirdPerson/Sounds/Attenuations/SAT_Speaker.uexp" 375
"C:/Users/loopa/Desktop/Des 203/Github Repo/Bigfoots-First-Game/Content/ThirdPerson/Sounds/Attenuations/SAT_FullRoom.uasset" 376
"C:/Users/loopa/Desktop/Des 203/Github Repo/Bigfoots-First-Game/Content/ThirdPerson/Sounds/Attenuations/SAT_FullRoom.uexp" 377
"C:/Users/loopa/Desktop/Des 203/Github Repo/Bigfoots-First-Game/Content/ThirdPerson/Sounds/SoundWaves/Audio_Test.ubulk" 378
"C:/Users/loopa/Desktop/Des 203/Github Repo/Bigfoots-First-Game/Content/ThirdPerson/Sounds/SoundWaves/Audio_Test.uasset" 379
"C:/Users/loopa/Desktop/Des 203/Github Repo/Bigfoots-First-Game/Content/ThirdPerson/Sounds/SoundWaves/Audio_Test.uexp" 380
"../../../Engine/Content/Animation/DefaultRecorderBoneCompression.uasset" 381
"../../../Engine/Content/Animation/DefaultRecorderBoneCompression.uexp" 382
"../../../Engine/Content/Animation/DefaultAnimCurveCompressionSettings.uasset" 383
"../../../Engine/Content/Animation/DefaultAnimCurveCompressionSettings.uexp" 384
"../../../Engine/Content/Animation/DefaultAnimBoneCompressionSettings.uasset" 385
"../../../Engine/Content/Animation/DefaultAnimBoneCompressionSettings.uexp" 386
"../../../Engine/Plugins/Interchange/Runtime/Content/Pipelines/DefaultSceneLevelPipeline.uasset" 387
"../../../Engine/Plugins/Interchange/Runtime/Content/Pipelines/DefaultSceneLevelPipeline.uexp" 388
"../../../Engine/Content/EngineMaterials/DefaultMaterial.uasset" 389
"../../../Engine/Content/EngineMaterials/DefaultMaterial.uexp" 390
"../../../Engine/Content/BasicShapes/Sphere.ubulk" 391
"../../../Engine/Content/BasicShapes/Sphere.uasset" 392
"../../../Engine/Content/BasicShapes/Sphere.uexp" 393
"../../../Engine/Content/BasicShapes/Plane.ubulk" 394
"../../../Engine/Content/BasicShapes/Plane.uasset" 395
"../../../Engine/Content/BasicShapes/Plane.uexp" 396
"../../../Engine/Content/BasicShapes/Cylinder.ubulk" 397
"../../../Engine/Content/BasicShapes/Cylinder.uasset" 398
"../../../Engine/Content/BasicShapes/Cylinder.uexp" 399
"../../../Engine/Content/BasicShapes/Cone.ubulk" 400
"../../../Engine/Content/BasicShapes/Cone.uasset" 401
"../../../Engine/Content/BasicShapes/Cone.uexp" 402
"../../../Engine/Content/EditorLandscapeResources/DefaultAlphaTexture.uasset" 403
"../../../Engine/Content/EditorLandscapeResources/DefaultAlphaTexture.uexp" 404
"../../../Engine/Content/EditorLandscapeResources/DataLayer.uasset" 405
"../../../Engine/Content/EditorLandscapeResources/DataLayer.uexp" 406
"../../../Engine/Content/EditorMaterials/PreviewShadowIndicator.ubulk" 407
"../../../Engine/Content/EditorMaterials/PreviewShadowIndicator.uasset" 408
"../../../Engine/Content/EditorMaterials/PreviewShadowIndicator.uexp" 409
"../../../Engine/Content/EditorMaterials/PreviewShadowIndicatorMaterial.uasset" 410
"../../../Engine/Content/EditorMaterials/PreviewShadowIndicatorMaterial.uexp" 411
"../../../Engine/Content/EditorMaterials/PhAT_UnselectedMaterial.uasset" 412
"../../../Engine/Content/EditorMaterials/PhAT_UnselectedMaterial.uexp" 413
"../../../Engine/Content/EditorMaterials/PhAT_NoCollisionMaterial.uasset" 414
"../../../Engine/Content/EditorMaterials/PhAT_NoCollisionMaterial.uexp" 415
"../../../Engine/Content/Functions/Engine_MaterialFunctions02/Utility/MakeFloat4.uasset" 416
"../../../Engine/Content/Functions/Engine_MaterialFunctions02/Utility/MakeFloat4.uexp" 417
"../../../Engine/Content/EditorMaterials/WorldPartition/WorldPartitionSpatialHashGridPreviewMaterial.uasset" 418
"../../../Engine/Content/EditorMaterials/WorldPartition/WorldPartitionSpatialHashGridPreviewMaterial.uexp" 419
"../../../Engine/Content/EditorResources/S_Terrain.ubulk" 420
"../../../Engine/Content/EditorResources/S_Terrain.uasset" 421
"../../../Engine/Content/EditorResources/S_Terrain.uexp" 422
"../../../Engine/Content/EditorResources/EmptyActor.uasset" 423
"../../../Engine/Content/EditorResources/EmptyActor.uexp" 424
"../../../Engine/Content/EditorResources/BSPVertex.uasset" 425
"../../../Engine/Content/EditorResources/BSPVertex.uexp" 426
"../../../Engine/Content/EditorResources/LightIcons/S_LightError.uasset" 427
"../../../Engine/Content/EditorResources/LightIcons/S_LightError.uexp" 428
"../../../Engine/Content/EditorResources/SequenceRecorder/RecordingIndicator.uasset" 429
"../../../Engine/Content/EditorResources/SequenceRecorder/RecordingIndicator.uexp" 430
"../../../Engine/Content/EditorResources/SequenceRecorder/Countdown.uasset" 431
"../../../Engine/Content/EditorResources/SequenceRecorder/Countdown.uexp" 432
"../../../Engine/Content/EngineDamageTypes/DmgTypeBP_Environmental.uasset" 433
"../../../Engine/Content/EngineDamageTypes/DmgTypeBP_Environmental.uexp" 434
"../../../Engine/Content/Functions/Engine_MaterialFunctions02/Utility/CameraDirectionVector.uasset" 435
"../../../Engine/Content/Functions/Engine_MaterialFunctions02/Utility/CameraDirectionVector.uexp" 436
"../../../Engine/Content/EngineDebugMaterials/VolumeToRender.uasset" 437
"../../../Engine/Content/EngineDebugMaterials/VolumeToRender.uexp" 438
"../../../Engine/Content/EngineDebugMaterials/M_VolumeRenderSphereTracePP.uasset" 439
"../../../Engine/Content/EngineDebugMaterials/M_VolumeRenderSphereTracePP.uexp" 440
"../../../Engine/Content/EngineDebugMaterials/M_SimpleUnlitTranslucent.uasset" 441
"../../../Engine/Content/EngineDebugMaterials/M_SimpleUnlitTranslucent.uexp" 442
"../../../Engine/Content/EngineDebugMaterials/DebugMeshMaterial.uasset" 443
"../../../Engine/Content/EngineDebugMaterials/DebugMeshMaterial.uexp" 444
"../../../Engine/Content/EngineDebugMaterials/DebugEditorMaterial.uasset" 445
"../../../Engine/Content/EngineDebugMaterials/DebugEditorMaterial.uexp" 446
"../../../Engine/Content/EngineFonts/Faces/RobotoLight.uexp" 447
"../../../Engine/Content/EngineFonts/Faces/RobotoLight.uasset" 448
"../../../Engine/Content/EngineFonts/Faces/RobotoLight.ufont" 449
"../../../Engine/Content/EngineFonts/Faces/RobotoBold.uexp" 450
"../../../Engine/Content/EngineFonts/Faces/RobotoBold.uasset" 451
"../../../Engine/Content/EngineFonts/Faces/RobotoBold.ufont" 452
"../../../Engine/Content/EngineFonts/Faces/RobotoRegular.uexp" 453
"../../../Engine/Content/EngineFonts/Faces/RobotoRegular.uasset" 454
"../../../Engine/Content/EngineFonts/Faces/RobotoRegular.ufont" 455
"../../../Engine/Content/EngineFonts/Faces/DroidSansFallback.uexp" 456
"../../../Engine/Content/EngineFonts/Faces/DroidSansFallback.uasset" 457
"../../../Engine/Content/EngineFonts/Faces/DroidSansFallback.ufont" 458
"../../../Engine/Content/EngineFonts/Faces/RobotoItalic.uexp" 459
"../../../Engine/Content/EngineFonts/Faces/RobotoItalic.uasset" 460
"../../../Engine/Content/EngineFonts/Faces/RobotoItalic.ufont" 461
"../../../Engine/Content/EngineFonts/Faces/RobotoBoldItalic.uexp" 462
"../../../Engine/Content/EngineFonts/Faces/RobotoBoldItalic.uasset" 463
"../../../Engine/Content/EngineFonts/Faces/RobotoBoldItalic.ufont" 464
"../../../Engine/Content/EngineFonts/Roboto.uasset" 465
"../../../Engine/Content/EngineFonts/Roboto.uexp" 466
"../../../Engine/Content/EngineResources/WhiteSquareTexture.uasset" 467
"../../../Engine/Content/EngineResources/WhiteSquareTexture.uexp" 468
"../../../Engine/Content/EngineMaterials/Widget3DPassThrough.uasset" 469
"../../../Engine/Content/EngineMaterials/Widget3DPassThrough.uexp" 470
"../../../Engine/Content/EngineMaterials/Widget3DPassThrough_Translucent.uasset" 471
"../../../Engine/Content/EngineMaterials/Widget3DPassThrough_Translucent.uexp" 472
"../../../Engine/Content/EngineMaterials/Widget3DPassThrough_Translucent_OneSided.uasset" 473
"../../../Engine/Content/EngineMaterials/Widget3DPassThrough_Translucent_OneSided.uexp" 474
"../../../Engine/Content/EngineMaterials/Widget3DPassThrough_Opaque.uasset" 475
"../../../Engine/Content/EngineMaterials/Widget3DPassThrough_Opaque.uexp" 476
"../../../Engine/Content/EngineMaterials/Widget3DPassThrough_Opaque_OneSided.uasset" 477
"../../../Engine/Content/EngineMaterials/Widget3DPassThrough_Opaque_OneSided.uexp" 478
"../../../Engine/Content/EngineMaterials/Widget3DPassThrough_Masked_OneSided.uasset" 479
"../../../Engine/Content/EngineMaterials/Widget3DPassThrough_Masked_OneSided.uexp" 480
"../../../Engine/Content/EngineMaterials/Widget3DPassThrough_Masked.uasset" 481
"../../../Engine/Content/EngineMaterials/Widget3DPassThrough_Masked.uexp" 482
"../../../Engine/Plugins/Runtime/MeshModelingToolset/Content/Materials/M_DynamicMeshComponentVtxColor.uasset" 483
"../../../Engine/Plugins/Runtime/MeshModelingToolset/Content/Materials/M_DynamicMeshComponentVtxColor.uexp" 484
"../../../Engine/Content/EngineMaterials/STBlueNoise_vec2_128x128x64.uasset" 485
"../../../Engine/Content/EngineMaterials/STBlueNoise_vec2_128x128x64.uexp" 486
"../../../Engine/Content/EngineMaterials/STBlueNoise_scalar_128x128x64.uasset" 487
"../../../Engine/Content/EngineMaterials/STBlueNoise_scalar_128x128x64.uexp" 488
"../../../Engine/Content/EngineMaterials/RemoveSurfaceMaterial.uasset" 489
"../../../Engine/Content/EngineMaterials/RemoveSurfaceMaterial.uexp" 490
"../../../Engine/Content/EngineMaterials/DefaultCalibrationGrayscale.uasset" 491
"../../../Engine/Content/EngineMaterials/DefaultCalibrationGrayscale.uexp" 492
"../../../Engine/Content/EngineMaterials/PPM_DefaultCalibrationGrayscale.uasset" 493
"../../../Engine/Content/EngineMaterials/PPM_DefaultCalibrationGrayscale.uexp" 494
"../../../Engine/Content/EngineMaterials/DefaultCalibrationColor.uasset" 495
"../../../Engine/Content/EngineMaterials/DefaultCalibrationColor.uexp" 496
"../../../Engine/Content/EngineMaterials/PPM_DefaultCalibrationColor.uasset" 497
"../../../Engine/Content/EngineMaterials/PPM_DefaultCalibrationColor.uexp" 498
"../../../Engine/Content/Functions/Engine_MaterialFunctions02/WorldPositionOffset/CameraOffset.uasset" 499
"../../../Engine/Content/Functions/Engine_MaterialFunctions02/WorldPositionOffset/CameraOffset.uexp" 500
"../../../Engine/Content/EngineMaterials/PhAT_JointLimitMaterial.uasset" 501
"../../../Engine/Content/EngineMaterials/PhAT_JointLimitMaterial.uexp" 502
"../../../Engine/Content/EngineMaterials/InvalidLightmapSettings.ubulk" 503
"../../../Engine/Content/EngineMaterials/InvalidLightmapSettings.uasset" 504
"../../../Engine/Content/EngineMaterials/InvalidLightmapSettings.uexp" 505
"../../../Engine/Content/EngineMaterials/M_InvalidLightmapSettings.uasset" 506
"../../../Engine/Content/EngineMaterials/M_InvalidLightmapSettings.uexp" 507
"../../../Engine/Plugins/Interchange/Runtime/Content/gltf/Textures/T_Gray_Linear.uasset" 508
"../../../Engine/Plugins/Interchange/Runtime/Content/gltf/Textures/T_Gray_Linear.uexp" 509
"../../../Engine/Plugins/Interchange/Runtime/Content/Materials/MapOrLinearColorFunction.uasset" 510
"../../../Engine/Plugins/Interchange/Runtime/Content/Materials/MapOrLinearColorFunction.uexp" 511
"../../../Engine/Content/EngineMaterials/DefaultNormal.ubulk" 512
"../../../Engine/Content/EngineMaterials/DefaultNormal.uasset" 513
"../../../Engine/Content/EngineMaterials/DefaultNormal.uexp" 514
"../../../Engine/Plugins/Interchange/Runtime/Content/Materials/MapOrScalarFunction.uasset" 515
"../../../Engine/Plugins/Interchange/Runtime/Content/Materials/MapOrScalarFunction.uexp" 516
"../../../Engine/Plugins/Interchange/Runtime/Content/Materials/MapOrColorFunction.uasset" 517
"../../../Engine/Plugins/Interchange/Runtime/Content/Materials/MapOrColorFunction.uexp" 518
"../../../Engine/Content/EngineMaterials/BaseFlattenLinearColor.uasset" 519
"../../../Engine/Content/EngineMaterials/BaseFlattenLinearColor.uexp" 520
"../../../Engine/Plugins/Interchange/Runtime/Content/Materials/CommonMaterial.uasset" 521
"../../../Engine/Plugins/Interchange/Runtime/Content/Materials/CommonMaterial.uexp" 522
"../../../Engine/Plugins/Interchange/Runtime/Content/Materials/PBRSurfaceFunction.uasset" 523
"../../../Engine/Plugins/Interchange/Runtime/Content/Materials/PBRSurfaceFunction.uexp" 524
"../../../Engine/Plugins/Interchange/Runtime/Content/Materials/ClearCoatMaterial.uasset" 525
"../../../Engine/Plugins/Interchange/Runtime/Content/Materials/ClearCoatMaterial.uexp" 526
"../../../Engine/Plugins/Interchange/Runtime/Content/Materials/UnlitMaterial.uasset" 527
"../../../Engine/Plugins/Interchange/Runtime/Content/Materials/UnlitMaterial.uexp" 528
"../../../Engine/Content/EngineMaterials/GizmoMaterial.uasset" 529
"../../../Engine/Content/EngineMaterials/GizmoMaterial.uexp" 530
"../../../Engine/Content/EngineMaterials/BaseFlattenEmissiveMap_VT.uasset" 531
"../../../Engine/Content/EngineMaterials/BaseFlattenEmissiveMap_VT.uexp" 532
"../../../Engine/Content/EngineMaterials/BaseFlattenGrayscaleMap_VT.uasset" 533
"../../../Engine/Content/EngineMaterials/BaseFlattenGrayscaleMap_VT.uexp" 534
"../../../Engine/Content/EngineMaterials/BaseFlattenLinearColor_VT.uasset" 535
"../../../Engine/Content/EngineMaterials/BaseFlattenLinearColor_VT.uexp" 536
"../../../Engine/Content/EngineMaterials/Black_1x1_EXR_Texture_VT.uasset" 537
"../../../Engine/Content/EngineMaterials/Black_1x1_EXR_Texture_VT.uexp" 538
"../../../Engine/Content/EngineMaterials/BaseFlattenDiffuseMap_VT.uasset" 539
"../../../Engine/Content/EngineMaterials/BaseFlattenDiffuseMap_VT.uexp" 540
"../../../Engine/Content/EngineMaterials/BaseFlattenNormalMap_VT.uasset" 541
"../../../Engine/Content/EngineMaterials/BaseFlattenNormalMap_VT.uexp" 542
"../../../Engine/Content/EngineMaterials/FlattenMaterial_WS_Normal_VT.uasset" 543
"../../../Engine/Content/EngineMaterials/FlattenMaterial_WS_Normal_VT.uexp" 544
"../../../Engine/Content/EngineMaterials/FlattenMaterial_VT.uasset" 545
"../../../Engine/Content/EngineMaterials/FlattenMaterial_VT.uexp" 546
"../../../Engine/Content/EngineMaterials/BaseFlattenNormalMap.uasset" 547
"../../../Engine/Content/EngineMaterials/BaseFlattenNormalMap.uexp" 548
"../../../Engine/Content/EngineMaterials/BaseFlattenGrayscaleMap.uasset" 549
"../../../Engine/Content/EngineMaterials/BaseFlattenGrayscaleMap.uexp" 550
"../../../Engine/Content/EngineMaterials/BaseFlattenDiffuseMap.uasset" 551
"../../../Engine/Content/EngineMaterials/BaseFlattenDiffuseMap.uexp" 552
"../../../Engine/Content/Functions/Engine_MaterialFunctions02/PivotPainter2/Black_1x1_EXR_Texture.uasset" 553
"../../../Engine/Content/Functions/Engine_MaterialFunctions02/PivotPainter2/Black_1x1_EXR_Texture.uexp" 554
"../../../Engine/Content/EngineMaterials/BaseFlattenEmissiveMap.uasset" 555
"../../../Engine/Content/EngineMaterials/BaseFlattenEmissiveMap.uexp" 556
"../../../Engine/Content/EngineMaterials/FlattenMaterial.uasset" 557
"../../../Engine/Content/EngineMaterials/FlattenMaterial.uexp" 558
"../../../Engine/Content/EngineMaterials/DefaultWhiteGrid_Low.uasset" 559
"../../../Engine/Content/EngineMaterials/DefaultWhiteGrid_Low.uexp" 560
"../../../Engine/Content/EngineMaterials/EmissiveMeshMaterial.uasset" 561
"../../../Engine/Content/EngineMaterials/EmissiveMeshMaterial.uexp" 562
"../../../Engine/Plugins/Interchange/Runtime/Content/Pipelines/DefaultTexturePipeline.uasset" 563
"../../../Engine/Plugins/Interchange/Runtime/Content/Pipelines/DefaultTexturePipeline.uexp" 564
"../../../Engine/Content/EngineFonts/RobotoDistanceField.uasset" 565
"../../../Engine/Content/EngineFonts/RobotoDistanceField.uexp" 566
"../../../Engine/Content/EngineMaterials/DefaultTextMaterialOpaque.uasset" 567
"../../../Engine/Content/EngineMaterials/DefaultTextMaterialOpaque.uexp" 568
"../../../Engine/Content/EngineMaterials/DefaultDiffuse.ubulk" 569
"../../../Engine/Content/EngineMaterials/DefaultDiffuse.uasset" 570
"../../../Engine/Content/EngineMaterials/DefaultDiffuse.uexp" 571
"../../../Engine/Content/Functions/Engine_MaterialFunctions02/Utility/BreakOutFloat2Components.uasset" 572
"../../../Engine/Content/Functions/Engine_MaterialFunctions02/Utility/BreakOutFloat2Components.uexp" 573
"../../../Engine/Content/EngineMaterials/DefaultPostProcessMaterial.uasset" 574
"../../../Engine/Content/EngineMaterials/DefaultPostProcessMaterial.uexp" 575
"../../../Engine/Content/EngineMaterials/DefaultPhysicalMaterial.uasset" 576
"../../../Engine/Content/EngineMaterials/DefaultPhysicalMaterial.uexp" 577
"../../../Engine/Content/EngineMaterials/DefaultLightFunctionMaterial.uasset" 578
"../../../Engine/Content/EngineMaterials/DefaultLightFunctionMaterial.uexp" 579
"../../../Engine/Content/EngineMaterials/DefaultDestructiblePhysicalMaterial.uasset" 580
"../../../Engine/Content/EngineMaterials/DefaultDestructiblePhysicalMaterial.uexp" 581
"../../../Engine/Content/EngineMaterials/DefaultDeferredDecalMaterial.uasset" 582
"../../../Engine/Content/EngineMaterials/DefaultDeferredDecalMaterial.uexp" 583
"../../../Engine/Plugins/Interchange/Runtime/Content/gltf/Textures/T_Black_srgb.uasset" 584
"../../../Engine/Plugins/Interchange/Runtime/Content/gltf/Textures/T_Black_srgb.uexp" 585
"../../../Engine/Content/EngineMaterials/DefaultBloomKernel.uasset" 586
"../../../Engine/Content/EngineMaterials/DefaultBloomKernel.uexp" 587
"../../../Engine/Plugins/Interchange/Runtime/Content/Materials/ThinTranslucentMaterial.uasset" 588
"../../../Engine/Plugins/Interchange/Runtime/Content/Materials/ThinTranslucentMaterial.uexp" 589
"../../../Engine/Plugins/Interchange/Runtime/Content/Materials/SubsurfaceMaterial.uasset" 590
"../../../Engine/Plugins/Interchange/Runtime/Content/Materials/SubsurfaceMaterial.uexp" 591
"../../../Engine/Plugins/Interchange/Runtime/Content/Materials/SheenMaterial.uasset" 592
"../../../Engine/Plugins/Interchange/Runtime/Content/Materials/SheenMaterial.uexp" 593
"../../../Engine/Content/Functions/Engine_MaterialFunctions01/Shading/ConvertFromDiffSpec.uasset" 594
"../../../Engine/Content/Functions/Engine_MaterialFunctions01/Shading/ConvertFromDiffSpec.uexp" 595
"../../../Engine/Plugins/Interchange/Runtime/Content/Materials/PhongSurfaceMaterial.uasset" 596
"../../../Engine/Plugins/Interchange/Runtime/Content/Materials/PhongSurfaceMaterial.uexp" 597
"../../../Engine/Plugins/Interchange/Runtime/Content/Materials/PBRSurfaceMaterial.uasset" 598
"../../../Engine/Plugins/Interchange/Runtime/Content/Materials/PBRSurfaceMaterial.uexp" 599
"../../../Engine/Plugins/Interchange/Runtime/Content/Materials/LambertSurfaceMaterial.uasset" 600
"../../../Engine/Plugins/Interchange/Runtime/Content/Materials/LambertSurfaceMaterial.uexp" 601
"../../../Engine/Content/EngineResources/FilmGrains/Marcie_Grain_v3_128_M2_000.uasset" 602
"../../../Engine/Content/EngineResources/FilmGrains/Marcie_Grain_v3_128_M2_000.uexp" 603
"../../../Engine/Content/EngineSky/VolumetricClouds/CloudWeatherTexture.uasset" 604
"../../../Engine/Content/EngineSky/VolumetricClouds/CloudWeatherTexture.uexp" 605
"../../../Engine/Content/Functions/Engine_MaterialFunctions02/Utility/MakeFloat2.uasset" 606
"../../../Engine/Content/Functions/Engine_MaterialFunctions02/Utility/MakeFloat2.uexp" 607
"../../../Engine/Content/EngineSky/VolumetricClouds/CloudGradientTexture.uasset" 608
"../../../Engine/Content/EngineSky/VolumetricClouds/CloudGradientTexture.uexp" 609
"../../../Engine/Content/EngineSky/VolumetricClouds/T_NoiseShape64.ubulk" 610
"../../../Engine/Content/EngineSky/VolumetricClouds/T_NoiseShape64.uasset" 611
"../../../Engine/Content/EngineSky/VolumetricClouds/T_NoiseShape64.uexp" 612
"../../../Engine/Content/EngineSky/VolumetricClouds/T_VolumeNoiseShape64.uasset" 613
"../../../Engine/Content/EngineSky/VolumetricClouds/T_VolumeNoiseShape64.uexp" 614
"../../../Engine/Content/EngineSky/VolumetricClouds/T_NoiseErosion.ubulk" 615
"../../../Engine/Content/EngineSky/VolumetricClouds/T_NoiseErosion.uasset" 616
"../../../Engine/Content/EngineSky/VolumetricClouds/T_NoiseErosion.uexp" 617
"../../../Engine/Content/EngineSky/VolumetricClouds/T_VolumeNoiseErosion32.uasset" 618
"../../../Engine/Content/EngineSky/VolumetricClouds/T_VolumeNoiseErosion32.uexp" 619
"../../../Engine/Content/EngineSky/VolumetricClouds/m_SimpleVolumetricCloud.uasset" 620
"../../../Engine/Content/EngineSky/VolumetricClouds/m_SimpleVolumetricCloud.uexp" 621
"../../../Engine/Content/EngineSky/VolumetricClouds/m_SimpleVolumetricCloud_Inst.uasset" 622
"../../../Engine/Content/EngineSky/VolumetricClouds/m_SimpleVolumetricCloud_Inst.uexp" 623
"../../../Engine/Content/EngineSounds/Master.uasset" 624
"../../../Engine/Content/EngineSounds/Master.uexp" 625
"../../../Engine/Content/Functions/Engine_MaterialFunctions01/Shading/PowerToRoughness.uasset" 626
"../../../Engine/Content/Functions/Engine_MaterialFunctions01/Shading/PowerToRoughness.uexp" 627
"../../../Engine/Content/EngineMaterials/FlatNormal.uasset" 628
"../../../Engine/Content/EngineMaterials/FlatNormal.uexp" 629
"../../../Engine/Plugins/Interchange/Runtime/Content/Functions/MF_OrenNayerView.uasset" 630
"../../../Engine/Plugins/Interchange/Runtime/Content/Functions/MF_OrenNayerView.uexp" 631
"../../../Engine/Content/EditorLandscapeResources/WhiteSquareTexture.uasset" 632
"../../../Engine/Content/EditorLandscapeResources/WhiteSquareTexture.uexp" 633
"../../../Engine/Plugins/Interchange/Runtime/Content/Functions/MF_SchlickApprox.uasset" 634
"../../../Engine/Plugins/Interchange/Runtime/Content/Functions/MF_SchlickApprox.uexp" 635
"../../../Engine/Plugins/Interchange/Runtime/Content/Utilities/New_LUT.uasset" 636
"../../../Engine/Plugins/Interchange/Runtime/Content/Utilities/New_LUT.uexp" 637
"../../../Engine/Content/Functions/Engine_MaterialFunctions03/Math/RemapValueRange.uasset" 638
"../../../Engine/Content/Functions/Engine_MaterialFunctions03/Math/RemapValueRange.uexp" 639
"../../../Engine/Plugins/Interchange/Runtime/Content/Functions/MF_Iridescence.uasset" 640
"../../../Engine/Plugins/Interchange/Runtime/Content/Functions/MF_Iridescence.uexp" 641
"../../../Engine/Plugins/Interchange/Runtime/Content/Materials/OrenNayerMaterial.uasset" 642
"../../../Engine/Plugins/Interchange/Runtime/Content/Materials/OrenNayerMaterial.uexp" 643
"../../../Engine/Content/Maps/Templates/HLODs/HLODLayer_Merged.uasset" 644
"../../../Engine/Content/Maps/Templates/HLODs/HLODLayer_Merged.uexp" 645
"../../../Engine/Content/MobileResources/HUD/VirtualJoystick_Background.uasset" 646
"../../../Engine/Content/MobileResources/HUD/VirtualJoystick_Background.uexp" 647
"../../../Engine/Content/MobileResources/HUD/VirtualJoystick_Thumb.uasset" 648
"../../../Engine/Content/MobileResources/HUD/VirtualJoystick_Thumb.uexp" 649
"../../../Engine/Content/MobileResources/HUD/DefaultVirtualJoysticks.uasset" 650
"../../../Engine/Content/MobileResources/HUD/DefaultVirtualJoysticks.uexp" 651
"../../../Engine/Plugins/2D/Paper2D/Content/PlaceholderTextures/DummySpriteTexture.ubulk" 652
"../../../Engine/Plugins/2D/Paper2D/Content/PlaceholderTextures/DummySpriteTexture.uasset" 653
"../../../Engine/Plugins/2D/Paper2D/Content/PlaceholderTextures/DummySpriteTexture.uexp" 654
"../../../Engine/Plugins/2D/Paper2D/Content/DefaultSpriteMaterial.uasset" 655
"../../../Engine/Plugins/2D/Paper2D/Content/DefaultSpriteMaterial.uexp" 656
"../../../Engine/Plugins/2D/Paper2D/Content/OpaqueUnlitSpriteMaterial.uasset" 657
"../../../Engine/Plugins/2D/Paper2D/Content/OpaqueUnlitSpriteMaterial.uexp" 658
"../../../Engine/Plugins/2D/Paper2D/Content/MaskedUnlitSpriteMaterial.uasset" 659
"../../../Engine/Plugins/2D/Paper2D/Content/MaskedUnlitSpriteMaterial.uexp" 660
"../../../Engine/Plugins/2D/Paper2D/Content/DummySprite.uasset" 661
"../../../Engine/Plugins/2D/Paper2D/Content/DummySprite.uexp" 662
"../../../Engine/Plugins/2D/Paper2D/Content/DefaultPaperTerrainMaterial.uasset" 663
"../../../Engine/Plugins/2D/Paper2D/Content/DefaultPaperTerrainMaterial.uexp" 664
"../../../Engine/Plugins/Interchange/Runtime/Content/Pipelines/DefaultAssetsPipeline.uasset" 665
"../../../Engine/Plugins/Interchange/Runtime/Content/Pipelines/DefaultAssetsPipeline.uexp" 666
"../../../Engine/Plugins/Animation/ControlRig/Content/M_Manip.uasset" 667
"../../../Engine/Plugins/Animation/ControlRig/Content/M_Manip.uexp" 668
"../../../Engine/Plugins/Animation/ControlRig/Content/Controls/DefaultGizmoLibraryNormalized.uasset" 669
"../../../Engine/Plugins/Animation/ControlRig/Content/Controls/DefaultGizmoLibraryNormalized.uexp" 670
"../../../Engine/Plugins/Animation/ControlRig/Content/Controls/ControlRig_Wedge_solid.ubulk" 671
"../../../Engine/Plugins/Animation/ControlRig/Content/Controls/ControlRig_Wedge_solid.uasset" 672
"../../../Engine/Plugins/Animation/ControlRig/Content/Controls/ControlRig_Wedge_solid.uexp" 673
"../../../Engine/Plugins/Animation/ControlRig/Content/Controls/ControlRig_Wedge_3mm.ubulk" 674
"../../../Engine/Plugins/Animation/ControlRig/Content/Controls/ControlRig_Wedge_3mm.uasset" 675
"../../../Engine/Plugins/Animation/ControlRig/Content/Controls/ControlRig_Wedge_3mm.uexp" 676
"../../../Engine/Plugins/Animation/ControlRig/Content/Controls/ControlRig_Wedge_1mm.ubulk" 677
"../../../Engine/Plugins/Animation/ControlRig/Content/Controls/ControlRig_Wedge_1mm.uasset" 678
"../../../Engine/Plugins/Animation/ControlRig/Content/Controls/ControlRig_Wedge_1mm.uexp" 679
"../../../Engine/Plugins/Animation/ControlRig/Content/Controls/ControlRig_Triangle_solid.ubulk" 680
"../../../Engine/Plugins/Animation/ControlRig/Content/Controls/ControlRig_Triangle_solid.uasset" 681
"../../../Engine/Plugins/Animation/ControlRig/Content/Controls/ControlRig_Triangle_solid.uexp" 682
"../../../Engine/Plugins/Animation/ControlRig/Content/Controls/ControlRig_Triangle_3mm.ubulk" 683
"../../../Engine/Plugins/Animation/ControlRig/Content/Controls/ControlRig_Triangle_3mm.uasset" 684
"../../../Engine/Plugins/Animation/ControlRig/Content/Controls/ControlRig_Triangle_3mm.uexp" 685
"../../../Engine/Plugins/Animation/ControlRig/Content/Controls/ControlRig_Triangle_1mm.ubulk" 686
"../../../Engine/Plugins/Animation/ControlRig/Content/Controls/ControlRig_Triangle_1mm.uasset" 687
"../../../Engine/Plugins/Animation/ControlRig/Content/Controls/ControlRig_Triangle_1mm.uexp" 688
"../../../Engine/Plugins/Animation/ControlRig/Content/Controls/ControlRig_Star4_solid.ubulk" 689
"../../../Engine/Plugins/Animation/ControlRig/Content/Controls/ControlRig_Star4_solid.uasset" 690
"../../../Engine/Plugins/Animation/ControlRig/Content/Controls/ControlRig_Star4_solid.uexp" 691
"../../../Engine/Plugins/Animation/ControlRig/Content/Controls/ControlRig_Star4_3mm.ubulk" 692
"../../../Engine/Plugins/Animation/ControlRig/Content/Controls/ControlRig_Star4_3mm.uasset" 693
"../../../Engine/Plugins/Animation/ControlRig/Content/Controls/ControlRig_Star4_3mm.uexp" 694
"../../../Engine/Plugins/Animation/ControlRig/Content/Controls/ControlRig_Star4_1mm.ubulk" 695
"../../../Engine/Plugins/Animation/ControlRig/Content/Controls/ControlRig_Star4_1mm.uasset" 696
"../../../Engine/Plugins/Animation/ControlRig/Content/Controls/ControlRig_Star4_1mm.uexp" 697
"../../../Engine/Plugins/Animation/ControlRig/Content/Controls/ControlRig_Square_solid.ubulk" 698
"../../../Engine/Plugins/Animation/ControlRig/Content/Controls/ControlRig_Square_solid.uasset" 699
"../../../Engine/Plugins/Animation/ControlRig/Content/Controls/ControlRig_Square_solid.uexp" 700
"../../../Engine/Plugins/Animation/ControlRig/Content/Controls/ControlRig_Square_3mm.ubulk" 701
"../../../Engine/Plugins/Animation/ControlRig/Content/Controls/ControlRig_Square_3mm.uasset" 702
"../../../Engine/Plugins/Animation/ControlRig/Content/Controls/ControlRig_Square_3mm.uexp" 703
"../../../Engine/Plugins/Animation/ControlRig/Content/Controls/ControlRig_Square_1mm.ubulk" 704
"../../../Engine/Plugins/Animation/ControlRig/Content/Controls/ControlRig_Square_1mm.uasset" 705
"../../../Engine/Plugins/Animation/ControlRig/Content/Controls/ControlRig_Square_1mm.uexp" 706
"../../../Engine/Plugins/Animation/ControlRig/Content/Controls/ControlRig_Sphere_solid.ubulk" 707
"../../../Engine/Plugins/Animation/ControlRig/Content/Controls/ControlRig_Sphere_solid.uasset" 708
"../../../Engine/Plugins/Animation/ControlRig/Content/Controls/ControlRig_Sphere_solid.uexp" 709
"../../../Engine/Plugins/Animation/ControlRig/Content/Controls/ControlRig_Sphere_3mm.ubulk" 710
"../../../Engine/Plugins/Animation/ControlRig/Content/Controls/ControlRig_Sphere_3mm.uasset" 711
"../../../Engine/Plugins/Animation/ControlRig/Content/Controls/ControlRig_Sphere_3mm.uexp" 712
"../../../Engine/Plugins/Animation/ControlRig/Content/Controls/ControlRig_Sphere_1mm.ubulk" 713
"../../../Engine/Plugins/Animation/ControlRig/Content/Controls/ControlRig_Sphere_1mm.uasset" 714
"../../../Engine/Plugins/Animation/ControlRig/Content/Controls/ControlRig_Sphere_1mm.uexp" 715
"../../../Engine/Plugins/Animation/ControlRig/Content/Controls/ControlRig_RoundedTriangle_solid.ubulk" 716
"../../../Engine/Plugins/Animation/ControlRig/Content/Controls/ControlRig_RoundedTriangle_solid.uasset" 717
"../../../Engine/Plugins/Animation/ControlRig/Content/Controls/ControlRig_RoundedTriangle_solid.uexp" 718
"../../../Engine/Plugins/Animation/ControlRig/Content/Controls/ControlRig_RoundedTriangle_3mm.ubulk" 719
"../../../Engine/Plugins/Animation/ControlRig/Content/Controls/ControlRig_RoundedTriangle_3mm.uasset" 720
"../../../Engine/Plugins/Animation/ControlRig/Content/Controls/ControlRig_RoundedTriangle_3mm.uexp" 721
"../../../Engine/Plugins/Animation/ControlRig/Content/Controls/ControlRig_RoundedTriangle_1mm.ubulk" 722
"../../../Engine/Plugins/Animation/ControlRig/Content/Controls/ControlRig_RoundedTriangle_1mm.uasset" 723
"../../../Engine/Plugins/Animation/ControlRig/Content/Controls/ControlRig_RoundedTriangle_1mm.uexp" 724
"../../../Engine/Plugins/Animation/ControlRig/Content/Controls/ControlRig_RoundedSquare_solid.ubulk" 725
"../../../Engine/Plugins/Animation/ControlRig/Content/Controls/ControlRig_RoundedSquare_solid.uasset" 726
"../../../Engine/Plugins/Animation/ControlRig/Content/Controls/ControlRig_RoundedSquare_solid.uexp" 727
"../../../Engine/Plugins/Animation/ControlRig/Content/Controls/ControlRig_RoundedSquare_3mm.ubulk" 728
"../../../Engine/Plugins/Animation/ControlRig/Content/Controls/ControlRig_RoundedSquare_3mm.uasset" 729
"../../../Engine/Plugins/Animation/ControlRig/Content/Controls/ControlRig_RoundedSquare_3mm.uexp" 730
"../../../Engine/Plugins/Animation/ControlRig/Content/Controls/ControlRig_RoundedSquare_1mm.ubulk" 731
"../../../Engine/Plugins/Animation/ControlRig/Content/Controls/ControlRig_RoundedSquare_1mm.uasset" 732
"../../../Engine/Plugins/Animation/ControlRig/Content/Controls/ControlRig_RoundedSquare_1mm.uexp" 733
"../../../Engine/Plugins/Animation/ControlRig/Content/Controls/ControlRig_QuarterCircle_solid.ubulk" 734
"../../../Engine/Plugins/Animation/ControlRig/Content/Controls/ControlRig_QuarterCircle_solid.uasset" 735
"../../../Engine/Plugins/Animation/ControlRig/Content/Controls/ControlRig_QuarterCircle_solid.uexp" 736
"../../../Engine/Plugins/Animation/ControlRig/Content/Controls/ControlRig_QuarterCircle_3mm.ubulk" 737
"../../../Engine/Plugins/Animation/ControlRig/Content/Controls/ControlRig_QuarterCircle_3mm.uasset" 738
"../../../Engine/Plugins/Animation/ControlRig/Content/Controls/ControlRig_QuarterCircle_3mm.uexp" 739
"../../../Engine/Plugins/Animation/ControlRig/Content/Controls/ControlRig_QuarterCircle_1mm.ubulk" 740
"../../../Engine/Plugins/Animation/ControlRig/Content/Controls/ControlRig_QuarterCircle_1mm.uasset" 741
"../../../Engine/Plugins/Animation/ControlRig/Content/Controls/ControlRig_QuarterCircle_1mm.uexp" 742
"../../../Engine/Plugins/Animation/ControlRig/Content/Controls/ControlRig_Pyramid_solid.ubulk" 743
"../../../Engine/Plugins/Animation/ControlRig/Content/Controls/ControlRig_Pyramid_solid.uasset" 744
"../../../Engine/Plugins/Animation/ControlRig/Content/Controls/ControlRig_Pyramid_solid.uexp" 745
"../../../Engine/Plugins/Animation/ControlRig/Content/Controls/ControlRig_Pyramid_3mm.ubulk" 746
"../../../Engine/Plugins/Animation/ControlRig/Content/Controls/ControlRig_Pyramid_3mm.uasset" 747
"../../../Engine/Plugins/Animation/ControlRig/Content/Controls/ControlRig_Pyramid_3mm.uexp" 748
"../../../Engine/Plugins/Animation/ControlRig/Content/Controls/ControlRig_Pyramid_1mm.ubulk" 749
"../../../Engine/Plugins/Animation/ControlRig/Content/Controls/ControlRig_Pyramid_1mm.uasset" 750
"../../../Engine/Plugins/Animation/ControlRig/Content/Controls/ControlRig_Pyramid_1mm.uexp" 751
"../../../Engine/Plugins/Animation/ControlRig/Content/Controls/ControlRig_Octagon_solid.ubulk" 752
"../../../Engine/Plugins/Animation/ControlRig/Content/Controls/ControlRig_Octagon_solid.uasset" 753
"../../../Engine/Plugins/Animation/ControlRig/Content/Controls/ControlRig_Octagon_solid.uexp" 754
"../../../Engine/Plugins/Animation/ControlRig/Content/Controls/ControlRig_Octagon_3mm.ubulk" 755
"../../../Engine/Plugins/Animation/ControlRig/Content/Controls/ControlRig_Octagon_3mm.uasset" 756
"../../../Engine/Plugins/Animation/ControlRig/Content/Controls/ControlRig_Octagon_3mm.uexp" 757
"../../../Engine/Plugins/Animation/ControlRig/Content/Controls/ControlRig_Octagon_1mm.ubulk" 758
"../../../Engine/Plugins/Animation/ControlRig/Content/Controls/ControlRig_Octagon_1mm.uasset" 759
"../../../Engine/Plugins/Animation/ControlRig/Content/Controls/ControlRig_Octagon_1mm.uexp" 760
"../../../Engine/Plugins/Animation/ControlRig/Content/Controls/ControlRig_Hexagon_solid.ubulk" 761
"../../../Engine/Plugins/Animation/ControlRig/Content/Controls/ControlRig_Hexagon_solid.uasset" 762
"../../../Engine/Plugins/Animation/ControlRig/Content/Controls/ControlRig_Hexagon_solid.uexp" 763
"../../../Engine/Plugins/Animation/ControlRig/Content/Controls/ControlRig_Hexagon_3mm.ubulk" 764
"../../../Engine/Plugins/Animation/ControlRig/Content/Controls/ControlRig_Hexagon_3mm.uasset" 765
"../../../Engine/Plugins/Animation/ControlRig/Content/Controls/ControlRig_Hexagon_3mm.uexp" 766
"../../../Engine/Plugins/Animation/ControlRig/Content/Controls/ControlRig_Hexagon_1mm.ubulk" 767
"../../../Engine/Plugins/Animation/ControlRig/Content/Controls/ControlRig_Hexagon_1mm.uasset" 768
"../../../Engine/Plugins/Animation/ControlRig/Content/Controls/ControlRig_Hexagon_1mm.uexp" 769
"../../../Engine/Plugins/Animation/ControlRig/Content/Controls/ControlRig_HalfCircle_solid.ubulk" 770
"../../../Engine/Plugins/Animation/ControlRig/Content/Controls/ControlRig_HalfCircle_solid.uasset" 771
"../../../Engine/Plugins/Animation/ControlRig/Content/Controls/ControlRig_HalfCircle_solid.uexp" 772
"../../../Engine/Plugins/Animation/ControlRig/Content/Controls/ControlRig_HalfCircle_3mm.ubulk" 773
"../../../Engine/Plugins/Animation/ControlRig/Content/Controls/ControlRig_HalfCircle_3mm.uasset" 774
"../../../Engine/Plugins/Animation/ControlRig/Content/Controls/ControlRig_HalfCircle_3mm.uexp" 775
"../../../Engine/Plugins/Animation/ControlRig/Content/Controls/ControlRig_HalfCircle_1mm.ubulk" 776
"../../../Engine/Plugins/Animation/ControlRig/Content/Controls/ControlRig_HalfCircle_1mm.uasset" 777
"../../../Engine/Plugins/Animation/ControlRig/Content/Controls/ControlRig_HalfCircle_1mm.uexp" 778
"../../../Engine/Plugins/Animation/ControlRig/Content/Controls/ControlRig_Diamond_solid.ubulk" 779
"../../../Engine/Plugins/Animation/ControlRig/Content/Controls/ControlRig_Diamond_solid.uasset" 780
"../../../Engine/Plugins/Animation/ControlRig/Content/Controls/ControlRig_Diamond_solid.uexp" 781
"../../../Engine/Plugins/Animation/ControlRig/Content/Controls/ControlRig_Diamond_3mm.ubulk" 782
"../../../Engine/Plugins/Animation/ControlRig/Content/Controls/ControlRig_Diamond_3mm.uasset" 783
"../../../Engine/Plugins/Animation/ControlRig/Content/Controls/ControlRig_Diamond_3mm.uexp" 784
"../../../Engine/Plugins/Animation/ControlRig/Content/Controls/ControlRig_Diamond_1mm.ubulk" 785
"../../../Engine/Plugins/Animation/ControlRig/Content/Controls/ControlRig_Diamond_1mm.uasset" 786
"../../../Engine/Plugins/Animation/ControlRig/Content/Controls/ControlRig_Diamond_1mm.uexp" 787
"../../../Engine/Plugins/Animation/ControlRig/Content/Controls/ControlRig_Circle_solid.ubulk" 788
"../../../Engine/Plugins/Animation/ControlRig/Content/Controls/ControlRig_Circle_solid.uasset" 789
"../../../Engine/Plugins/Animation/ControlRig/Content/Controls/ControlRig_Circle_solid.uexp" 790
"../../../Engine/Plugins/Animation/ControlRig/Content/Controls/ControlRig_Circle_3mm.ubulk" 791
"../../../Engine/Plugins/Animation/ControlRig/Content/Controls/ControlRig_Circle_3mm.uasset" 792
"../../../Engine/Plugins/Animation/ControlRig/Content/Controls/ControlRig_Circle_3mm.uexp" 793
"../../../Engine/Plugins/Animation/ControlRig/Content/Controls/ControlRig_Circle_1mm.ubulk" 794
"../../../Engine/Plugins/Animation/ControlRig/Content/Controls/ControlRig_Circle_1mm.uasset" 795
"../../../Engine/Plugins/Animation/ControlRig/Content/Controls/ControlRig_Circle_1mm.uexp" 796
"../../../Engine/Plugins/Animation/ControlRig/Content/Controls/ControlRig_Box_solid.ubulk" 797
"../../../Engine/Plugins/Animation/ControlRig/Content/Controls/ControlRig_Box_solid.uasset" 798
"../../../Engine/Plugins/Animation/ControlRig/Content/Controls/ControlRig_Box_solid.uexp" 799
"../../../Engine/Plugins/Animation/ControlRig/Content/Controls/ControlRig_Box_3mm.ubulk" 800
"../../../Engine/Plugins/Animation/ControlRig/Content/Controls/ControlRig_Box_3mm.uasset" 801
"../../../Engine/Plugins/Animation/ControlRig/Content/Controls/ControlRig_Box_3mm.uexp" 802
"../../../Engine/Plugins/Animation/ControlRig/Content/Controls/ControlRig_Box_1mm.ubulk" 803
"../../../Engine/Plugins/Animation/ControlRig/Content/Controls/ControlRig_Box_1mm.uasset" 804
"../../../Engine/Plugins/Animation/ControlRig/Content/Controls/ControlRig_Box_1mm.uexp" 805
"../../../Engine/Plugins/Animation/ControlRig/Content/Controls/ControlRig_Arrow_solid.ubulk" 806
"../../../Engine/Plugins/Animation/ControlRig/Content/Controls/ControlRig_Arrow_solid.uasset" 807
"../../../Engine/Plugins/Animation/ControlRig/Content/Controls/ControlRig_Arrow_solid.uexp" 808
"../../../Engine/Plugins/Animation/ControlRig/Content/Controls/ControlRig_Arrow_3mm.ubulk" 809
"../../../Engine/Plugins/Animation/ControlRig/Content/Controls/ControlRig_Arrow_3mm.uasset" 810
"../../../Engine/Plugins/Animation/ControlRig/Content/Controls/ControlRig_Arrow_3mm.uexp" 811
"../../../Engine/Plugins/Animation/ControlRig/Content/Controls/ControlRig_Arrow_1mm.ubulk" 812
"../../../Engine/Plugins/Animation/ControlRig/Content/Controls/ControlRig_Arrow_1mm.uasset" 813
"../../../Engine/Plugins/Animation/ControlRig/Content/Controls/ControlRig_Arrow_1mm.uexp" 814
"../../../Engine/Plugins/Animation/ControlRig/Content/Controls/ControlRig_Arrow4_solid.ubulk" 815
"../../../Engine/Plugins/Animation/ControlRig/Content/Controls/ControlRig_Arrow4_solid.uasset" 816
"../../../Engine/Plugins/Animation/ControlRig/Content/Controls/ControlRig_Arrow4_solid.uexp" 817
"../../../Engine/Plugins/Animation/ControlRig/Content/Controls/ControlRig_Arrow4_3mm.ubulk" 818
"../../../Engine/Plugins/Animation/ControlRig/Content/Controls/ControlRig_Arrow4_3mm.uasset" 819
"../../../Engine/Plugins/Animation/ControlRig/Content/Controls/ControlRig_Arrow4_3mm.uexp" 820
"../../../Engine/Plugins/Animation/ControlRig/Content/Controls/ControlRig_Arrow4_1mm.ubulk" 821
"../../../Engine/Plugins/Animation/ControlRig/Content/Controls/ControlRig_Arrow4_1mm.uasset" 822
"../../../Engine/Plugins/Animation/ControlRig/Content/Controls/ControlRig_Arrow4_1mm.uexp" 823
"../../../Engine/Plugins/Animation/ControlRig/Content/Controls/ControlRig_Arrow2_solid.ubulk" 824
"../../../Engine/Plugins/Animation/ControlRig/Content/Controls/ControlRig_Arrow2_solid.uasset" 825
"../../../Engine/Plugins/Animation/ControlRig/Content/Controls/ControlRig_Arrow2_solid.uexp" 826
"../../../Engine/Plugins/Animation/ControlRig/Content/Controls/ControlRig_Arrow2_3mm.ubulk" 827
"../../../Engine/Plugins/Animation/ControlRig/Content/Controls/ControlRig_Arrow2_3mm.uasset" 828
"../../../Engine/Plugins/Animation/ControlRig/Content/Controls/ControlRig_Arrow2_3mm.uexp" 829
"../../../Engine/Plugins/Animation/ControlRig/Content/Controls/ControlRig_Arrow2_1mm.ubulk" 830
"../../../Engine/Plugins/Animation/ControlRig/Content/Controls/ControlRig_Arrow2_1mm.uasset" 831
"../../../Engine/Plugins/Animation/ControlRig/Content/Controls/ControlRig_Arrow2_1mm.uexp" 832
"../../../Engine/Plugins/Animation/ControlRig/Content/Controls/ControlRigXRayMaterial.uasset" 833
"../../../Engine/Plugins/Animation/ControlRig/Content/Controls/ControlRigXRayMaterial.uexp" 834
"../../../Engine/Plugins/Animation/ControlRig/Content/Controls/ControlRigGizmoMaterial.uasset" 835
"../../../Engine/Plugins/Animation/ControlRig/Content/Controls/ControlRigGizmoMaterial.uexp" 836
"../../../Engine/Plugins/Editor/SpeedTreeImporter/Content/SpeedTree9/game_wind_noise.ubulk" 837
"../../../Engine/Plugins/Editor/SpeedTreeImporter/Content/SpeedTree9/game_wind_noise.uasset" 838
"../../../Engine/Plugins/Editor/SpeedTreeImporter/Content/SpeedTree9/game_wind_noise.uexp" 839
"../../../Engine/Plugins/Editor/SpeedTreeImporter/Content/SpeedTree9/UnpackDirection.uasset" 840
"../../../Engine/Plugins/Editor/SpeedTreeImporter/Content/SpeedTree9/UnpackDirection.uexp" 841
"../../../Engine/Content/Functions/Engine_MaterialFunctions02/ObjectLocalBounds.uasset" 842
"../../../Engine/Content/Functions/Engine_MaterialFunctions02/ObjectLocalBounds.uexp" 843
"../../../Engine/Content/Functions/Engine_MaterialFunctions02/UVs/BoundingBoxBased_0-1_UVW.uasset" 844
"../../../Engine/Content/Functions/Engine_MaterialFunctions02/UVs/BoundingBoxBased_0-1_UVW.uexp" 845
"../../../Engine/Content/Functions/Engine_MaterialFunctions02/Utility/VectorLength.uasset" 846
"../../../Engine/Content/Functions/Engine_MaterialFunctions02/Utility/VectorLength.uexp" 847
"../../../Engine/Plugins/Editor/SpeedTreeImporter/Content/SpeedTree9/UnpackInteger3.uasset" 848
"../../../Engine/Plugins/Editor/SpeedTreeImporter/Content/SpeedTree9/UnpackInteger3.uexp" 849
"../../../Engine/Plugins/Editor/SpeedTreeImporter/Content/SpeedTree9/SpeedTreeCameraFacing.uasset" 850
"../../../Engine/Plugins/Editor/SpeedTreeImporter/Content/SpeedTree9/SpeedTreeCameraFacing.uexp" 851
"../../../Engine/Content/Functions/Engine_MaterialFunctions02/WorldPositionOffset/ObjectScale.uasset" 852
"../../../Engine/Content/Functions/Engine_MaterialFunctions02/WorldPositionOffset/ObjectScale.uexp" 853
"../../../Engine/Content/Functions/Engine_MaterialFunctions02/SafeNormalize.uasset" 854
"../../../Engine/Content/Functions/Engine_MaterialFunctions02/SafeNormalize.uexp" 855
"../../../Engine/Plugins/Editor/SpeedTreeImporter/Content/SpeedTree9/SpeedTreeWindMotion.uasset" 856
"../../../Engine/Plugins/Editor/SpeedTreeImporter/Content/SpeedTree9/SpeedTreeWindMotion.uexp" 857
"../../../Engine/Plugins/Editor/SpeedTreeImporter/Content/SpeedTree9/SpeedTreeBranchMotion.uasset" 858
"../../../Engine/Plugins/Editor/SpeedTreeImporter/Content/SpeedTree9/SpeedTreeBranchMotion.uexp" 859
"../../../Engine/Plugins/Editor/SpeedTreeImporter/Content/SpeedTree9/SpeedTreeWind.uasset" 860
"../../../Engine/Plugins/Editor/SpeedTreeImporter/Content/SpeedTree9/SpeedTreeWind.uexp" 861
"../../../Engine/Plugins/Editor/SpeedTreeImporter/Content/SpeedTree9/EmptyNormal.uasset" 862
"../../../Engine/Plugins/Editor/SpeedTreeImporter/Content/SpeedTree9/EmptyNormal.uexp" 863
"../../../Engine/Plugins/Editor/SpeedTreeImporter/Content/SpeedTree9/Empty.uasset" 864
"../../../Engine/Plugins/Editor/SpeedTreeImporter/Content/SpeedTree9/Empty.uexp" 865
"../../../Engine/Plugins/Editor/SpeedTreeImporter/Content/SpeedTree9/SpeedTreeMaster.uasset" 866
"../../../Engine/Plugins/Editor/SpeedTreeImporter/Content/SpeedTree9/SpeedTreeMaster.uexp" 867
"../../../Engine/Plugins/Editor/SpeedTreeImporter/Content/SpeedTree9/SpeedTreeBillboard.uasset" 868
"../../../Engine/Plugins/Editor/SpeedTreeImporter/Content/SpeedTree9/SpeedTreeBillboard.uexp" 869
"../../../Engine/Plugins/Editor/SpeedTreeImporter/Content/SpeedTree9/SpeedTreeBillboardMaster.uasset" 870
"../../../Engine/Plugins/Editor/SpeedTreeImporter/Content/SpeedTree9/SpeedTreeBillboardMaster.uexp" 871
"../../../Engine/Plugins/Interchange/Runtime/Content/Pipelines/DefaultSceneAssetsPipeline.uasset" 872
"../../../Engine/Plugins/Interchange/Runtime/Content/Pipelines/DefaultSceneAssetsPipeline.uexp" 873
"../../../Engine/Plugins/Interchange/Runtime/Content/Pipelines/DefaultMaterialPipeline.uasset" 874
"../../../Engine/Plugins/Interchange/Runtime/Content/Pipelines/DefaultMaterialPipeline.uexp" 875
"../../../Engine/Content/Functions/Engine_MaterialFunctions02/Texturing/CustomRotator.uasset" 876
"../../../Engine/Content/Functions/Engine_MaterialFunctions02/Texturing/CustomRotator.uexp" 877
"../../../Engine/Content/Functions/Engine_MaterialFunctions02/Texturing/ScreenAlignedPixelToPixelUVs.uasset" 878
"../../../Engine/Content/Functions/Engine_MaterialFunctions02/Texturing/ScreenAlignedPixelToPixelUVs.uexp" 879
"../../../Engine/Plugins/Interchange/Runtime/Content/Utilities/T_Bayer64_Grayscale_64px.uasset" 880
"../../../Engine/Plugins/Interchange/Runtime/Content/Utilities/T_Bayer64_Grayscale_64px.uexp" 881
"../../../Engine/Plugins/Interchange/Runtime/Content/gltf/MaterialFunctions/MF_Temporal_Blur.uasset" 882
"../../../Engine/Plugins/Interchange/Runtime/Content/gltf/MaterialFunctions/MF_Temporal_Blur.uexp" 883
"../../../Engine/Plugins/Interchange/Runtime/Content/gltf/MaterialFunctions/MF_Fresnel_DS.uasset" 884
"../../../Engine/Plugins/Interchange/Runtime/Content/gltf/MaterialFunctions/MF_Fresnel_DS.uexp" 885
"../../../Engine/Plugins/Interchange/Runtime/Content/Functions/MX_Transmission.uasset" 886
"../../../Engine/Plugins/Interchange/Runtime/Content/Functions/MX_Transmission.uexp" 887
"../../../Engine/Plugins/Interchange/Runtime/Content/Functions/MX_StandardSurface.uasset" 888
"../../../Engine/Plugins/Interchange/Runtime/Content/Functions/MX_StandardSurface.uexp" 889
"../../../Engine/Plugins/Interchange/Runtime/Content/Functions/MX_TransmissionSurface.uasset" 890
"../../../Engine/Plugins/Interchange/Runtime/Content/Functions/MX_TransmissionSurface.uexp" 891
"../../../Engine/Content/Functions/Engine_MaterialFunctions02/Math/AddComponents.uasset" 892
"../../../Engine/Content/Functions/Engine_MaterialFunctions02/Math/AddComponents.uexp" 893
"../../../Engine/Content/Functions/Engine_MaterialFunctions02/WorldPositionOffset/V2/ObjectScale.uasset" 894
"../../../Engine/Content/Functions/Engine_MaterialFunctions02/WorldPositionOffset/V2/ObjectScale.uexp" 895
"../../../Engine/Plugins/Interchange/Runtime/Content/gltf/MaterialFunctions/MF_TransmissionOpacity.uasset" 896
"../../../Engine/Plugins/Interchange/Runtime/Content/gltf/MaterialFunctions/MF_TransmissionOpacity.uexp" 897
"../../../Engine/Plugins/Interchange/Runtime/Content/gltf/MaterialFunctions/MF_RotateV2.uasset" 898
"../../../Engine/Plugins/Interchange/Runtime/Content/gltf/MaterialFunctions/MF_RotateV2.uexp" 899
"../../../Engine/Plugins/Interchange/Runtime/Content/gltf/MaterialFunctions/MF_TransformUVs.uasset" 900
"../../../Engine/Plugins/Interchange/Runtime/Content/gltf/MaterialFunctions/MF_TransformUVs.uexp" 901
"../../../Engine/Plugins/Interchange/Runtime/Content/gltf/Textures/T_White_srgb.uasset" 902
"../../../Engine/Plugins/Interchange/Runtime/Content/gltf/Textures/T_White_srgb.uexp" 903
"../../../Engine/Plugins/Interchange/Runtime/Content/gltf/MaterialFunctions/MF_BaseColor.uasset" 904
"../../../Engine/Plugins/Interchange/Runtime/Content/gltf/MaterialFunctions/MF_BaseColor.uexp" 905
"../../../Engine/Plugins/Interchange/Runtime/Content/gltf/MaterialFunctions/MF_DiffuseSpecGloss.uasset" 906
"../../../Engine/Plugins/Interchange/Runtime/Content/gltf/MaterialFunctions/MF_DiffuseSpecGloss.uexp" 907
"../../../Engine/Plugins/Interchange/Runtime/Content/gltf/Textures/T_White_Linear.uasset" 908
"../../../Engine/Plugins/Interchange/Runtime/Content/gltf/Textures/T_White_Linear.uexp" 909
"../../../Engine/Plugins/Interchange/Runtime/Content/gltf/MaterialFunctions/MF_MetallicRoughness.uasset" 910
"../../../Engine/Plugins/Interchange/Runtime/Content/gltf/MaterialFunctions/MF_MetallicRoughness.uexp" 911
"../../../Engine/Plugins/Interchange/Runtime/Content/gltf/MaterialFunctions/MF_Transmission.uasset" 912
"../../../Engine/Plugins/Interchange/Runtime/Content/gltf/MaterialFunctions/MF_Transmission.uexp" 913
"../../../Engine/Plugins/Interchange/Runtime/Content/gltf/MaterialFunctions/MF_Occlusion.uasset" 914
"../../../Engine/Plugins/Interchange/Runtime/Content/gltf/MaterialFunctions/MF_Occlusion.uexp" 915
"../../../Engine/Plugins/Interchange/Runtime/Content/gltf/MaterialFunctions/MF_Specular.uasset" 916
"../../../Engine/Plugins/Interchange/Runtime/Content/gltf/MaterialFunctions/MF_Specular.uexp" 917
"../../../Engine/Plugins/Interchange/Runtime/Content/gltf/MaterialFunctions/MF_IOR.uasset" 918
"../../../Engine/Plugins/Interchange/Runtime/Content/gltf/MaterialFunctions/MF_IOR.uexp" 919
"../../../Engine/Content/Functions/Engine_MaterialFunctions01/Texturing/FlattenNormal.uasset" 920
"../../../Engine/Content/Functions/Engine_MaterialFunctions01/Texturing/FlattenNormal.uexp" 921
"../../../Engine/Content/Functions/Engine_MaterialFunctions02/Math/Transform3x3Matrix.uasset" 922
"../../../Engine/Content/Functions/Engine_MaterialFunctions02/Math/Transform3x3Matrix.uexp" 923
"../../../Engine/Plugins/Interchange/Runtime/Content/gltf/MaterialFunctions/MF_RotateNormals_TS.uasset" 924
"../../../Engine/Plugins/Interchange/Runtime/Content/gltf/MaterialFunctions/MF_RotateNormals_TS.uexp" 925
"../../../Engine/Plugins/Interchange/Runtime/Content/gltf/Textures/T_Generic_N.uasset" 926
"../../../Engine/Plugins/Interchange/Runtime/Content/gltf/Textures/T_Generic_N.uexp" 927
"../../../Engine/Plugins/Interchange/Runtime/Content/gltf/MaterialFunctions/MF_Normals.uasset" 928
"../../../Engine/Plugins/Interchange/Runtime/Content/gltf/MaterialFunctions/MF_Normals.uexp" 929
"../../../Engine/Plugins/Interchange/Runtime/Content/gltf/MaterialFunctions/MF_PerceivedBrightness.uasset" 930
"../../../Engine/Plugins/Interchange/Runtime/Content/gltf/MaterialFunctions/MF_PerceivedBrightness.uexp" 931
"../../../Engine/Plugins/Interchange/Runtime/Content/gltf/MaterialFunctions/MF_SpecGlossToMetalRoughness.uasset" 932
"../../../Engine/Plugins/Interchange/Runtime/Content/gltf/MaterialFunctions/MF_SpecGlossToMetalRoughness.uexp" 933
"../../../Engine/Plugins/Interchange/Runtime/Content/gltf/M_Transmission.uasset" 934
"../../../Engine/Plugins/Interchange/Runtime/Content/gltf/M_Transmission.uexp" 935
"../../../Engine/Plugins/Interchange/Runtime/Content/gltf/MaterialInstances_MR/MI_Transmission_TS.uasset" 936
"../../../Engine/Plugins/Interchange/Runtime/Content/gltf/MaterialInstances_MR/MI_Transmission_TS.uexp" 937
"../../../Engine/Plugins/Interchange/Runtime/Content/gltf/MaterialInstances_MR/MI_Transmission.uasset" 938
"../../../Engine/Plugins/Interchange/Runtime/Content/gltf/MaterialInstances_MR/MI_Transmission.uexp" 939
"../../../Engine/Plugins/Interchange/Runtime/Content/gltf/MaterialFunctions/MF_Clearcoat.uasset" 940
"../../../Engine/Plugins/Interchange/Runtime/Content/gltf/MaterialFunctions/MF_Clearcoat.uexp" 941
"../../../Engine/Plugins/Interchange/Runtime/Content/gltf/MaterialFunctions/MF_Emissive.uasset" 942
"../../../Engine/Plugins/Interchange/Runtime/Content/gltf/MaterialFunctions/MF_Emissive.uexp" 943
"../../../Engine/Plugins/Interchange/Runtime/Content/gltf/M_Translucent.uasset" 944
"../../../Engine/Plugins/Interchange/Runtime/Content/gltf/M_Translucent.uexp" 945
"../../../Engine/Plugins/Interchange/Runtime/Content/gltf/MaterialInstances_MR/MI_Translucent_TS.uasset" 946
"../../../Engine/Plugins/Interchange/Runtime/Content/gltf/MaterialInstances_MR/MI_Translucent_TS.uexp" 947
"../../../Engine/Plugins/Interchange/Runtime/Content/gltf/MaterialInstances_MR/MI_Translucent_ClearCoat_TS.uasset" 948
"../../../Engine/Plugins/Interchange/Runtime/Content/gltf/MaterialInstances_MR/MI_Translucent_ClearCoat_TS.uexp" 949
"../../../Engine/Plugins/Interchange/Runtime/Content/gltf/MaterialInstances_MR/MI_Translucent_ClearCoat.uasset" 950
"../../../Engine/Plugins/Interchange/Runtime/Content/gltf/MaterialInstances_MR/MI_Translucent_ClearCoat.uexp" 951
"../../../Engine/Plugins/Interchange/Runtime/Content/gltf/MaterialInstances_MR/MI_Translucent.uasset" 952
"../../../Engine/Plugins/Interchange/Runtime/Content/gltf/MaterialInstances_MR/MI_Translucent.uexp" 953
"../../../Engine/Plugins/Interchange/Runtime/Content/gltf/M_Unlit.uasset" 954
"../../../Engine/Plugins/Interchange/Runtime/Content/gltf/M_Unlit.uexp" 955
"../../../Engine/Plugins/Interchange/Runtime/Content/gltf/MaterialInstances_MR/MI_Opaque_Unlit_TS.uasset" 956
"../../../Engine/Plugins/Interchange/Runtime/Content/gltf/MaterialInstances_MR/MI_Opaque_Unlit_TS.uexp" 957
"../../../Engine/Plugins/Interchange/Runtime/Content/gltf/MaterialInstances_MR/MI_Opaque_Unlit.uasset" 958
"../../../Engine/Plugins/Interchange/Runtime/Content/gltf/MaterialInstances_MR/MI_Opaque_Unlit.uexp" 959
"../../../Engine/Plugins/Interchange/Runtime/Content/gltf/M_Opaque.uasset" 960
"../../../Engine/Plugins/Interchange/Runtime/Content/gltf/M_Opaque.uexp" 961
"../../../Engine/Plugins/Interchange/Runtime/Content/gltf/MaterialInstances_MR/MI_Opaque_TS.uasset" 962
"../../../Engine/Plugins/Interchange/Runtime/Content/gltf/MaterialInstances_MR/MI_Opaque_TS.uexp" 963
"../../../Engine/Plugins/Interchange/Runtime/Content/gltf/MaterialFunctions/MF_Sheen.uasset" 964
"../../../Engine/Plugins/Interchange/Runtime/Content/gltf/MaterialFunctions/MF_Sheen.uexp" 965
"../../../Engine/Content/Functions/Engine_MaterialFunctions01/Shading/FuzzyShading.uasset" 966
"../../../Engine/Content/Functions/Engine_MaterialFunctions01/Shading/FuzzyShading.uexp" 967
"../../../Engine/Plugins/Interchange/Runtime/Content/gltf/M_Sheen.uasset" 968
"../../../Engine/Plugins/Interchange/Runtime/Content/gltf/M_Sheen.uexp" 969
"../../../Engine/Plugins/Interchange/Runtime/Content/gltf/MaterialInstances_MR/MI_Opaque_Sheen_TS.uasset" 970
"../../../Engine/Plugins/Interchange/Runtime/Content/gltf/MaterialInstances_MR/MI_Opaque_Sheen_TS.uexp" 971
"../../../Engine/Plugins/Interchange/Runtime/Content/gltf/MaterialInstances_MR/MI_Opaque_Sheen.uasset" 972
"../../../Engine/Plugins/Interchange/Runtime/Content/gltf/MaterialInstances_MR/MI_Opaque_Sheen.uexp" 973
"../../../Engine/Plugins/Interchange/Runtime/Content/gltf/MaterialInstances_MR/MI_Opaque_ClearCoat_TS.uasset" 974
"../../../Engine/Plugins/Interchange/Runtime/Content/gltf/MaterialInstances_MR/MI_Opaque_ClearCoat_TS.uexp" 975
"../../../Engine/Plugins/Interchange/Runtime/Content/gltf/MaterialInstances_MR/MI_Opaque_ClearCoat.uasset" 976
"../../../Engine/Plugins/Interchange/Runtime/Content/gltf/MaterialInstances_MR/MI_Opaque_ClearCoat.uexp" 977
"../../../Engine/Plugins/Interchange/Runtime/Content/gltf/MaterialInstances_MR/MI_Opaque.uasset" 978
"../../../Engine/Plugins/Interchange/Runtime/Content/gltf/MaterialInstances_MR/MI_Opaque.uexp" 979
"../../../Engine/Plugins/Interchange/Runtime/Content/gltf/MaterialInstances_SG/MI_Transmission_TS.uasset" 980
"../../../Engine/Plugins/Interchange/Runtime/Content/gltf/MaterialInstances_SG/MI_Transmission_TS.uexp" 981
"../../../Engine/Plugins/Interchange/Runtime/Content/gltf/MaterialInstances_SG/MI_Transmission.uasset" 982
"../../../Engine/Plugins/Interchange/Runtime/Content/gltf/MaterialInstances_SG/MI_Transmission.uexp" 983
"../../../Engine/Plugins/Interchange/Runtime/Content/gltf/MaterialInstances_SG/MI_Translucent_TS.uasset" 984
"../../../Engine/Plugins/Interchange/Runtime/Content/gltf/MaterialInstances_SG/MI_Translucent_TS.uexp" 985
"../../../Engine/Plugins/Interchange/Runtime/Content/gltf/MaterialInstances_SG/MI_Translucent_ClearCoat_TS.uasset" 986
"../../../Engine/Plugins/Interchange/Runtime/Content/gltf/MaterialInstances_SG/MI_Translucent_ClearCoat_TS.uexp" 987
"../../../Engine/Plugins/Interchange/Runtime/Content/gltf/MaterialInstances_SG/MI_Translucent_ClearCoat.uasset" 988
"../../../Engine/Plugins/Interchange/Runtime/Content/gltf/MaterialInstances_SG/MI_Translucent_ClearCoat.uexp" 989
"../../../Engine/Plugins/Interchange/Runtime/Content/gltf/MaterialInstances_SG/MI_Translucent.uasset" 990
"../../../Engine/Plugins/Interchange/Runtime/Content/gltf/MaterialInstances_SG/MI_Translucent.uexp" 991
"../../../Engine/Plugins/Interchange/Runtime/Content/gltf/MaterialInstances_SG/MI_Opaque_TS.uasset" 992
"../../../Engine/Plugins/Interchange/Runtime/Content/gltf/MaterialInstances_SG/MI_Opaque_TS.uexp" 993
"../../../Engine/Plugins/Interchange/Runtime/Content/gltf/MaterialInstances_SG/MI_Opaque_Sheen_TS.uasset" 994
"../../../Engine/Plugins/Interchange/Runtime/Content/gltf/MaterialInstances_SG/MI_Opaque_Sheen_TS.uexp" 995
"../../../Engine/Plugins/Interchange/Runtime/Content/gltf/MaterialInstances_SG/MI_Opaque_Sheen.uasset" 996
"../../../Engine/Plugins/Interchange/Runtime/Content/gltf/MaterialInstances_SG/MI_Opaque_Sheen.uexp" 997
"../../../Engine/Plugins/Interchange/Runtime/Content/gltf/MaterialInstances_SG/MI_Opaque_ClearCoat_TS.uasset" 998
"../../../Engine/Plugins/Interchange/Runtime/Content/gltf/MaterialInstances_SG/MI_Opaque_ClearCoat_TS.uexp" 999
"../../../Engine/Plugins/Interchange/Runtime/Content/gltf/MaterialInstances_SG/MI_Opaque_ClearCoat.uasset" 1000
"../../../Engine/Plugins/Interchange/Runtime/Content/gltf/MaterialInstances_SG/MI_Opaque_ClearCoat.uexp" 1001
"../../../Engine/Plugins/Interchange/Runtime/Content/gltf/MaterialInstances_SG/MI_Opaque.uasset" 1002
"../../../Engine/Plugins/Interchange/Runtime/Content/gltf/MaterialInstances_SG/MI_Opaque.uexp" 1003
"../../../Engine/Content/Maps/Templates/HLODs/HLODLayer_Instanced.uasset" 1004
"../../../Engine/Content/Maps/Templates/HLODs/HLODLayer_Instanced.uexp" 1005
"C:/Users/loopa/Desktop/Des 203/Github Repo/Bigfoots-First-Game/Content/ThirdPerson/Blueprints/BP_ThirdPersonGameMode.uasset" 1006
"C:/Users/loopa/Desktop/Des 203/Github Repo/Bigfoots-First-Game/Content/ThirdPerson/Blueprints/BP_ThirdPersonGameMode.uexp" 1007
"C:/Users/loopa/Desktop/Des 203/Github Repo/Bigfoots-First-Game/Content/ThirdPerson/Maps/ThirdPersonMap.uexp" 1008
"C:/Users/loopa/Desktop/Des 203/Github Repo/Bigfoots-First-Game/Content/ThirdPerson/Maps/ThirdPersonMap.umap" 1009
"../../../Engine/Content/Maps/Entry_BuiltData.uasset" 1010
"../../../Engine/Content/Maps/Entry_BuiltData.uexp" 1011
"../../../Engine/Content/Maps/Entry.uexp" 1012
"../../../Engine/Content/Maps/Entry.umap" 1013
