[+] Containers:
 |- [+] Container: /Game/ThirdPerson/Maps/ThirdPersonMap
 |   |- [+] ActorDescs:
 |   |   |- Guid:244536FE420BCA751B00C49C613FFE85 BaseClass: NativeClass:/Script/Engine.StaticMeshActor Name:StaticMeshActor_UAID_54E1ADAC0BAFE76601_2070915537 Label:Cube11 SpatiallyLoaded:1 Bounds:IsValid=true, Min=(X=1000.000 Y=100.000 Z=100.000), Max=(X=1100.000 Y=200.000 Z=200.000) RuntimeGrid:None EditorOnly:0 RuntimeOnly:0 HLODRelevant:1
 |   |   |- Guid:24584FDA4FE63CF8263DCBA139E8875F BaseClass: NativeClass:/Script/Engine.CameraActor Name:CameraActor_UAID_54E1ADAC0BAFB36801_1268713488 Label:SecurityCam2 SpatiallyLoaded:1 Bounds:IsValid=true, Min=(X=2030.000 Y=1480.000 Z=400.000), Max=(X=2030.000 Y=1480.000 Z=400.000) RuntimeGrid:None EditorOnly:0 RuntimeOnly:0 HLODRelevant:0 FolderPath:Cameras FolderGuid:2614523D4B462A4E8F1A2BA8113EF098
 |   |   |- Guid:2D98F60B468C10F12365F9BAF3729721 BaseClass: NativeClass:/Script/Engine.StaticMeshActor Name:StaticMeshActor_UAID_54E1ADAC0BAFE76601_1390416529 Label:Cube3 SpatiallyLoaded:1 Bounds:IsValid=true, Min=(X=1950.000 Y=197.500 Z=0.000), Max=(X=2050.000 Y=322.500 Z=100.000) RuntimeGrid:None EditorOnly:0 RuntimeOnly:0 HLODRelevant:1
 |   |   |- Guid:2FB58999456391D349DC0F86DAC136ED BaseClass: NativeClass:/Script/Engine.SkyLight Name:SkyLight_1 Label:SkyLight SpatiallyLoaded:0 Bounds:IsValid=true, Min=(X=0.000 Y=0.000 Z=690.000), Max=(X=0.000 Y=0.000 Z=690.000) RuntimeGrid:None EditorOnly:0 RuntimeOnly:0 HLODRelevant:0 FolderPath:Lighting FolderGuid:963EC3EB4002CCE9759E2EBA541A873A
 |   |   |- Guid:316CF2A6494ACA4C0E4180A87D36AB8F BaseClass: NativeClass:/Script/Engine.ExponentialHeightFog Name:ExponentialHeightFog_0 Label:ExponentialHeightFog SpatiallyLoaded:0 Bounds:IsValid=true, Min=(X=-5600.000 Y=-50.000 Z=-6850.000), Max=(X=-5600.000 Y=-50.000 Z=-6850.000) RuntimeGrid:None EditorOnly:0 RuntimeOnly:0 HLODRelevant:0 FolderPath:Lighting FolderGuid:963EC3EB4002CCE9759E2EBA541A873A
 |   |   |- Guid:36EE629C4BFE2CE93C3299B29A8BAD14 BaseClass: NativeClass:/Script/Engine.StaticMeshActor Name:StaticMeshActor_UAID_54E1ADAC0BAFE86601_1130035717 Label:Cube14 SpatiallyLoaded:1 Bounds:IsValid=true, Min=(X=735.000 Y=525.000 Z=0.000), Max=(X=935.000 Y=675.000 Z=100.000) RuntimeGrid:None EditorOnly:0 RuntimeOnly:0 HLODRelevant:1
 |   |   |- Guid:3A00AA1C422CE54C0BDB60BAF471BFBB BaseClass: NativeClass:/Script/Engine.PlayerStart Name:PlayerStart_0 Label:PlayerStart SpatiallyLoaded:0 Bounds:IsValid=true, Min=(X=1870.000 Y=1020.000 Z=0.013), Max=(X=1950.000 Y=1100.000 Z=184.013) RuntimeGrid:None EditorOnly:0 RuntimeOnly:0 HLODRelevant:0
 |   |   |- Guid:4262315B4D35FCE46731AE8F634FE609 BaseClass: NativeClass:/Script/Engine.TriggerVolume Name:TriggerVolume_UAID_54E1ADAC0BAFB36801_1459330490 Label:Cam2Volume SpatiallyLoaded:1 Bounds:IsValid=true, Min=(X=95.000 Y=100.000 Z=-15.000), Max=(X=1045.000 Y=1500.000 Z=635.000) RuntimeGrid:None EditorOnly:0 RuntimeOnly:0 HLODRelevant:0 FolderPath:Cameras FolderGuid:2614523D4B462A4E8F1A2BA8113EF098
 |   |   |- Guid:43815E84492231AFC407F59E3C28176B BaseClass: NativeClass:/Script/Engine.StaticMeshActor Name:StaticMeshActor_4 Label:SM_Cube6 SpatiallyLoaded:1 Bounds:IsValid=true, Min=(X=2050.000 Y=100.000 Z=0.000), Max=(X=2150.000 Y=1175.000 Z=400.000) RuntimeGrid:None EditorOnly:0 RuntimeOnly:0 HLODRelevant:1 FolderPath:Playground FolderGuid:C73F09FC4215536B1DCE2A9E0A830C70
 |   |   |- Guid:4D3BE93F4146AAAC8BBE79999D96D57F BaseClass: NativeClass:/Script/Engine.VolumetricCloud Name:VolumetricCloud_0 Label:VolumetricCloud SpatiallyLoaded:0 Bounds:IsValid=true, Min=(X=0.000 Y=0.000 Z=820.000), Max=(X=0.000 Y=0.000 Z=820.000) RuntimeGrid:None EditorOnly:0 RuntimeOnly:0 HLODRelevant:0 FolderPath:Lighting FolderGuid:963EC3EB4002CCE9759E2EBA541A873A
 |   |   |- Guid:589FCE264643BEFB8C3A2399C5985F69 BaseClass:/Game/ThirdPerson/Blueprints/Socket.Socket_C NativeClass:/Script/Engine.Actor Name:Socket_C_UAID_54E1ADAC0BAFE86601_1236752719 Label:Socket2 SpatiallyLoaded:1 Bounds:IsValid=true, Min=(X=100.000 Y=550.000 Z=60.000), Max=(X=125.000 Y=750.000 Z=260.000) RuntimeGrid:None EditorOnly:0 RuntimeOnly:0 HLODRelevant:0
 |   |   |- Guid:5B97F4A64FB21F77EFC44386BF705B4C BaseClass: NativeClass:/Script/Engine.TextRenderActor Name:TextRenderActor_1 Label:TextRenderActor SpatiallyLoaded:1 Bounds:IsValid=true, Min=(X=-0.100 Y=1100.000 Z=65.013), Max=(X=-0.100 Y=2392.308 Z=215.013) RuntimeGrid:None EditorOnly:0 RuntimeOnly:0 HLODRelevant:0
 |   |   |- Guid:6BAF4DDD444C60371492D3919DB42C97 BaseClass: NativeClass:/Script/Engine.WorldDataLayers Name:WorldDataLayers Label:WorldDataLayers SpatiallyLoaded:0 Bounds:IsValid=true, Min=(X=0.000 Y=0.000 Z=0.000), Max=(X=0.000 Y=0.000 Z=0.000) RuntimeGrid:None EditorOnly:0 RuntimeOnly:0 HLODRelevant:0
 |   |   |- Guid:817889A643B80EE9FFB426B0CE9FF763 BaseClass:/Game/ThirdPerson/Blueprints/Socket.Socket_C NativeClass:/Script/Engine.Actor Name:Socket_C_UAID_54E1ADAC0BAFE86601_1184768718 Label:Socket SpatiallyLoaded:1 Bounds:IsValid=true, Min=(X=100.000 Y=950.000 Z=60.000), Max=(X=125.000 Y=1150.000 Z=260.000) RuntimeGrid:None EditorOnly:0 RuntimeOnly:0 HLODRelevant:0
 |   |   |- Guid:8316E3E24CF1749AE3320F8C1892BA13 BaseClass: NativeClass:/Script/Engine.TriggerVolume Name:TriggerVolume_UAID_54E1ADAC0BAFB36801_1337944489 Label:Cam1Volume SpatiallyLoaded:1 Bounds:IsValid=true, Min=(X=1050.000 Y=100.000 Z=-15.000), Max=(X=2050.000 Y=1500.000 Z=635.000) RuntimeGrid:None EditorOnly:0 RuntimeOnly:0 HLODRelevant:0 FolderPath:Cameras FolderGuid:2614523D4B462A4E8F1A2BA8113EF098
 |   |   |- Guid:956338C841EB489880902DAF6DC61B25 BaseClass: NativeClass:/Script/Engine.StaticMeshActor Name:StaticMeshActor_UAID_54E1ADAC0BAFE76601_1188722528 Label:Cube2 SpatiallyLoaded:1 Bounds:IsValid=true, Min=(X=1750.000 Y=100.000 Z=0.000), Max=(X=2050.000 Y=200.000 Z=100.000) RuntimeGrid:None EditorOnly:0 RuntimeOnly:0 HLODRelevant:1
 |   |   |- Guid:9B7F646E4F0C5B3B2E5A8585DB6E2583 BaseClass: NativeClass:/Script/Engine.StaticMeshActor Name:StaticMeshActor_UAID_54E1ADAC0BAFE76601_1423657530 Label:Cube4 SpatiallyLoaded:1 Bounds:IsValid=true, Min=(X=1810.000 Y=240.000 Z=0.000), Max=(X=1910.000 Y=340.000 Z=100.000) RuntimeGrid:None EditorOnly:0 RuntimeOnly:0 HLODRelevant:1
 |   |   |- Guid:A0CB551C4058A852A2104DA6EA7A924E BaseClass: NativeClass:/Script/Engine.StaticMeshActor Name:StaticMeshActor_UAID_54E1ADAC0BAFE76601_2050763536 Label:Cube10 SpatiallyLoaded:1 Bounds:IsValid=true, Min=(X=1000.000 Y=100.000 Z=0.000), Max=(X=1150.000 Y=300.000 Z=100.000) RuntimeGrid:None EditorOnly:0 RuntimeOnly:0 HLODRelevant:1
 |   |   |- Guid:A56216954B2165CF0F35A886B537D536 BaseClass: NativeClass:/Script/Engine.StaticMeshActor Name:StaticMeshActor_0 Label:SM_Cube5 SpatiallyLoaded:1 Bounds:IsValid=true, Min=(X=-0.000 Y=100.000 Z=0.000), Max=(X=100.000 Y=1500.000 Z=400.000) RuntimeGrid:None EditorOnly:0 RuntimeOnly:0 HLODRelevant:1 FolderPath:Playground FolderGuid:C73F09FC4215536B1DCE2A9E0A830C70
 |   |   |- Guid:A58D15D740AA096BCE11349496ADBD57 BaseClass: NativeClass:/Script/Engine.StaticMeshActor Name:StaticMeshActor_UAID_54E1ADAC0BAFE76601_2030059535 Label:Cube9 SpatiallyLoaded:1 Bounds:IsValid=true, Min=(X=900.000 Y=100.000 Z=0.000), Max=(X=1000.000 Y=200.000 Z=100.000) RuntimeGrid:None EditorOnly:0 RuntimeOnly:0 HLODRelevant:1
 |   |   |- Guid:A67AC57A420DC1192110CAA27EE8383F BaseClass:/Game/ThirdPerson/Keypad/INT_Keypad.INT_Keypad_C NativeClass:/Script/Engine.Actor Name:INT_Keypad_C_UAID_54E1ADAC0BAFEB6601_1312578235 Label:INT_Keypad SpatiallyLoaded:1 Bounds:IsValid=true, Min=(X=2000.000 Y=1070.000 Z=100.000), Max=(X=2100.000 Y=1170.000 Z=200.000) RuntimeGrid:None EditorOnly:0 RuntimeOnly:0 HLODRelevant:0
 |   |   |- Guid:A7C5964A48CC81AE0CABAD822E4820EC BaseClass: NativeClass:/Script/Engine.StaticMeshActor Name:StaticMeshActor_UAID_54E1ADAC0BAFE76601_1618960531 Label:Cube5 SpatiallyLoaded:1 Bounds:IsValid=true, Min=(X=97.500 Y=1400.000 Z=0.063), Max=(X=1022.500 Y=1500.000 Z=350.063) RuntimeGrid:None EditorOnly:0 RuntimeOnly:0 HLODRelevant:1
 |   |   |- Guid:A80DA9D54182F9ECE5A3638F35424E57 BaseClass:/Game/ThirdPerson/Blueprints/INT_TextBased.INT_TextBased_C NativeClass:/Script/Engine.Actor Name:INT_TextBased_C_UAID_54E1ADAC0BAFEB6601_1304925234 Label:INT_TextBased SpatiallyLoaded:1 Bounds:IsValid=true, Min=(X=900.000 Y=970.000 Z=-50.000), Max=(X=1100.000 Y=1170.000 Z=150.000) RuntimeGrid:None EditorOnly:0 RuntimeOnly:0 HLODRelevant:0
 |   |   |- Guid:A9A35F9F45D6CB3EE50A8190D459D482 BaseClass: NativeClass:/Script/Engine.StaticMeshActor Name:StaticMeshActor_UAID_54E1ADAC0BAFE76601_1859283534 Label:Cube8 SpatiallyLoaded:1 Bounds:IsValid=true, Min=(X=100.000 Y=1000.000 Z=0.063), Max=(X=200.000 Y=1100.000 Z=125.063) RuntimeGrid:None EditorOnly:0 RuntimeOnly:0 HLODRelevant:1
 |   |   |- Guid:B061B4664F6844BB840728884B290BC3 BaseClass: NativeClass:/Script/Engine.StaticMeshActor Name:StaticMeshActor_UAID_54E1ADAC0BAFE66601_2140732351 Label:Cube SpatiallyLoaded:1 Bounds:IsValid=true, Min=(X=2050.000 Y=1177.500 Z=275.500), Max=(X=2150.000 Y=1502.500 Z=400.500) RuntimeGrid:None EditorOnly:0 RuntimeOnly:0 HLODRelevant:1
 |   |   |- Guid:B785ED2844B84CFB91E7F39FE661CD99 BaseClass: NativeClass:/Script/Engine.DirectionalLight Name:DirectionalLight_0 Label:DirectionalLight SpatiallyLoaded:0 Bounds:IsValid=true, Min=(X=-1048576.000 Y=-1048576.000 Z=-1048576.000), Max=(X=1048576.000 Y=1048576.000 Z=1048576.000) RuntimeGrid:None EditorOnly:0 RuntimeOnly:0 HLODRelevant:0 FolderPath:Lighting FolderGuid:963EC3EB4002CCE9759E2EBA541A873A
 |   |   |- Guid:B972C70F4D992B3EACF3C7B7A3602781 BaseClass: NativeClass:/Script/Engine.StaticMeshActor Name:StaticMeshActor_UAID_54E1ADAC0BAFE76601_1728938532 Label:Cube6 SpatiallyLoaded:1 Bounds:IsValid=true, Min=(X=200.000 Y=600.000 Z=0.063), Max=(X=300.000 Y=1100.000 Z=125.063) RuntimeGrid:None EditorOnly:0 RuntimeOnly:0 HLODRelevant:1
 |   |   |- Guid:BC08B79C4EA3C961CFF75EBBE83B367D BaseClass: NativeClass:/Script/Engine.StaticMeshActor Name:StaticMeshActor_5 Label:SM_Cube2 SpatiallyLoaded:1 Bounds:IsValid=true, Min=(X=0.000 Y=0.000 Z=0.000), Max=(X=2150.000 Y=100.000 Z=400.000) RuntimeGrid:None EditorOnly:0 RuntimeOnly:0 HLODRelevant:1 FolderPath:Playground FolderGuid:C73F09FC4215536B1DCE2A9E0A830C70
 |   |   |- Guid:C8343D2442281A32A13D6780840A83F1 BaseClass:/Game/ThirdPerson/Blueprints/BP_GameManager.BP_GameManager_C NativeClass:/Script/Engine.Actor Name:BP_GameManager_C_UAID_54E1ADAC0BAF0D6901_1255952327 Label:BP_GameManager SpatiallyLoaded:1 Bounds:IsValid=true, Min=(X=1060.000 Y=970.000 Z=410.000), Max=(X=1060.000 Y=970.000 Z=410.000) RuntimeGrid:None EditorOnly:0 RuntimeOnly:0 HLODRelevant:0
 |   |   |- Guid:C9D03C4B4D43E8B41BF3A88A99A2E65A BaseClass: NativeClass:/Script/Engine.StaticMeshActor Name:StaticMeshActor_UAID_54E1ADAC0BAFE86601_1118472715 Label:Cube13 SpatiallyLoaded:1 Bounds:IsValid=true, Min=(X=1120.000 Y=110.000 Z=100.000), Max=(X=1220.000 Y=210.000 Z=200.000) RuntimeGrid:None EditorOnly:0 RuntimeOnly:0 HLODRelevant:1
 |   |   |- Guid:CCFF262C46EEFFDF319E7F9539CE697E BaseClass: NativeClass:/Script/Engine.SkyAtmosphere Name:SkyAtmosphere_0 Label:SkyAtmosphere SpatiallyLoaded:0 Bounds:IsValid=true, Min=(X=0.000 Y=0.000 Z=1020.000), Max=(X=0.000 Y=0.000 Z=1020.000) RuntimeGrid:None EditorOnly:0 RuntimeOnly:0 HLODRelevant:0 FolderPath:Lighting FolderGuid:963EC3EB4002CCE9759E2EBA541A873A
 |   |   |- Guid:CE47DAD340D566930B201E83CCE442DD BaseClass: NativeClass:/Script/Engine.StaticMeshActor Name:StaticMeshActor_UAID_54E1ADAC0BAFE86601_1098862714 Label:Cube12 SpatiallyLoaded:1 Bounds:IsValid=true, Min=(X=1160.000 Y=100.000 Z=0.000), Max=(X=1260.000 Y=200.000 Z=100.000) RuntimeGrid:None EditorOnly:0 RuntimeOnly:0 HLODRelevant:1
 |   |   |- Guid:D84D1CE04F08600CB4A9688501FC0627 BaseClass: NativeClass:/Script/Engine.StaticMeshActor Name:StaticMeshActor_UAID_54E1ADAC0BAFE76601_1789815533 Label:Cube7 SpatiallyLoaded:1 Bounds:IsValid=true, Min=(X=100.000 Y=600.000 Z=0.063), Max=(X=200.000 Y=700.000 Z=125.063) RuntimeGrid:None EditorOnly:0 RuntimeOnly:0 HLODRelevant:1
 |   |   |- Guid:E8EF0A5B4736C9BD412BA2B293A470CF BaseClass: NativeClass:/Script/Engine.CameraActor Name:CameraActor_UAID_54E1ADAC0BAFB26801_1872080311 Label:SecurityCam1 SpatiallyLoaded:1 Bounds:IsValid=true, Min=(X=140.000 Y=120.000 Z=400.000), Max=(X=140.000 Y=120.000 Z=400.000) RuntimeGrid:None EditorOnly:0 RuntimeOnly:0 HLODRelevant:0 FolderPath:Cameras FolderGuid:2614523D4B462A4E8F1A2BA8113EF098
 |   |   |- Guid:F1924B8D48954B30891B2DB6A694F9CC BaseClass: NativeClass:/Script/Engine.StaticMeshActor Name:StaticMeshActor_1 Label:SM_Cube SpatiallyLoaded:1 Bounds:IsValid=true, Min=(X=0.000 Y=0.000 Z=-50.000), Max=(X=2150.000 Y=1600.000 Z=0.000) RuntimeGrid:None EditorOnly:0 RuntimeOnly:0 HLODRelevant:1 FolderPath:Playground FolderGuid:C73F09FC4215536B1DCE2A9E0A830C70
 |   |   |- Guid:F5E3FEB3450C49844FD93DA8E083C8AD BaseClass: NativeClass:/Script/Engine.PostProcessVolume Name:PostProcessVolume_0 Label:PostProcessVolume SpatiallyLoaded:0 Bounds:IsValid=true, Min=(X=0.000 Y=0.000 Z=400.000), Max=(X=200.000 Y=200.000 Z=600.000) RuntimeGrid:None EditorOnly:0 RuntimeOnly:0 HLODRelevant:0 FolderPath:Lighting FolderGuid:963EC3EB4002CCE9759E2EBA541A873A
 |   |   |- Guid:FF698C67459ADB4982D7759C0905EE9F BaseClass: NativeClass:/Script/Engine.StaticMeshActor Name:StaticMeshActor_6 Label:SM_Cube3 SpatiallyLoaded:1 Bounds:IsValid=true, Min=(X=0.000 Y=1500.000 Z=0.000), Max=(X=2150.000 Y=1600.000 Z=400.000) RuntimeGrid:None EditorOnly:0 RuntimeOnly:0 HLODRelevant:1 FolderPath:Playground FolderGuid:C73F09FC4215536B1DCE2A9E0A830C70
 |   |- [+] Clusters:
 |   |   |- [+] [  0]
 |   |   |   |- Guid:6BAF4DDD444C60371492D3919DB42C97 BaseClass: NativeClass:/Script/Engine.WorldDataLayers Name:WorldDataLayers Label:WorldDataLayers SpatiallyLoaded:0 Bounds:IsValid=true, Min=(X=0.000 Y=0.000 Z=0.000), Max=(X=0.000 Y=0.000 Z=0.000) RuntimeGrid:None EditorOnly:0 RuntimeOnly:0 HLODRelevant:0
 |   |   |- [+] [  1]
 |   |   |   |- Guid:2D98F60B468C10F12365F9BAF3729721 BaseClass: NativeClass:/Script/Engine.StaticMeshActor Name:StaticMeshActor_UAID_54E1ADAC0BAFE76601_1390416529 Label:Cube3 SpatiallyLoaded:1 Bounds:IsValid=true, Min=(X=1950.000 Y=197.500 Z=0.000), Max=(X=2050.000 Y=322.500 Z=100.000) RuntimeGrid:None EditorOnly:0 RuntimeOnly:0 HLODRelevant:1
 |   |   |- [+] [  2]
 |   |   |   |- Guid:4262315B4D35FCE46731AE8F634FE609 BaseClass: NativeClass:/Script/Engine.TriggerVolume Name:TriggerVolume_UAID_54E1ADAC0BAFB36801_1459330490 Label:Cam2Volume SpatiallyLoaded:1 Bounds:IsValid=true, Min=(X=95.000 Y=100.000 Z=-15.000), Max=(X=1045.000 Y=1500.000 Z=635.000) RuntimeGrid:None EditorOnly:0 RuntimeOnly:0 HLODRelevant:0 FolderPath:Cameras FolderGuid:2614523D4B462A4E8F1A2BA8113EF098
 |   |   |- [+] [  3]
 |   |   |   |- Guid:A0CB551C4058A852A2104DA6EA7A924E BaseClass: NativeClass:/Script/Engine.StaticMeshActor Name:StaticMeshActor_UAID_54E1ADAC0BAFE76601_2050763536 Label:Cube10 SpatiallyLoaded:1 Bounds:IsValid=true, Min=(X=1000.000 Y=100.000 Z=0.000), Max=(X=1150.000 Y=300.000 Z=100.000) RuntimeGrid:None EditorOnly:0 RuntimeOnly:0 HLODRelevant:1
 |   |   |- [+] [  4]
 |   |   |   |- Guid:F5E3FEB3450C49844FD93DA8E083C8AD BaseClass: NativeClass:/Script/Engine.PostProcessVolume Name:PostProcessVolume_0 Label:PostProcessVolume SpatiallyLoaded:0 Bounds:IsValid=true, Min=(X=0.000 Y=0.000 Z=400.000), Max=(X=200.000 Y=200.000 Z=600.000) RuntimeGrid:None EditorOnly:0 RuntimeOnly:0 HLODRelevant:0 FolderPath:Lighting FolderGuid:963EC3EB4002CCE9759E2EBA541A873A
 |   |   |- [+] [  5]
 |   |   |   |- Guid:5B97F4A64FB21F77EFC44386BF705B4C BaseClass: NativeClass:/Script/Engine.TextRenderActor Name:TextRenderActor_1 Label:TextRenderActor SpatiallyLoaded:1 Bounds:IsValid=true, Min=(X=-0.100 Y=1100.000 Z=65.013), Max=(X=-0.100 Y=2392.308 Z=215.013) RuntimeGrid:None EditorOnly:0 RuntimeOnly:0 HLODRelevant:0
 |   |   |- [+] [  6]
 |   |   |   |- Guid:4D3BE93F4146AAAC8BBE79999D96D57F BaseClass: NativeClass:/Script/Engine.VolumetricCloud Name:VolumetricCloud_0 Label:VolumetricCloud SpatiallyLoaded:0 Bounds:IsValid=true, Min=(X=0.000 Y=0.000 Z=820.000), Max=(X=0.000 Y=0.000 Z=820.000) RuntimeGrid:None EditorOnly:0 RuntimeOnly:0 HLODRelevant:0 FolderPath:Lighting FolderGuid:963EC3EB4002CCE9759E2EBA541A873A
 |   |   |- [+] [  7]
 |   |   |   |- Guid:CCFF262C46EEFFDF319E7F9539CE697E BaseClass: NativeClass:/Script/Engine.SkyAtmosphere Name:SkyAtmosphere_0 Label:SkyAtmosphere SpatiallyLoaded:0 Bounds:IsValid=true, Min=(X=0.000 Y=0.000 Z=1020.000), Max=(X=0.000 Y=0.000 Z=1020.000) RuntimeGrid:None EditorOnly:0 RuntimeOnly:0 HLODRelevant:0 FolderPath:Lighting FolderGuid:963EC3EB4002CCE9759E2EBA541A873A
 |   |   |- [+] [  8]
 |   |   |   |- Guid:36EE629C4BFE2CE93C3299B29A8BAD14 BaseClass: NativeClass:/Script/Engine.StaticMeshActor Name:StaticMeshActor_UAID_54E1ADAC0BAFE86601_1130035717 Label:Cube14 SpatiallyLoaded:1 Bounds:IsValid=true, Min=(X=735.000 Y=525.000 Z=0.000), Max=(X=935.000 Y=675.000 Z=100.000) RuntimeGrid:None EditorOnly:0 RuntimeOnly:0 HLODRelevant:1
 |   |   |- [+] [  9]
 |   |   |   |- Guid:43815E84492231AFC407F59E3C28176B BaseClass: NativeClass:/Script/Engine.StaticMeshActor Name:StaticMeshActor_4 Label:SM_Cube6 SpatiallyLoaded:1 Bounds:IsValid=true, Min=(X=2050.000 Y=100.000 Z=0.000), Max=(X=2150.000 Y=1175.000 Z=400.000) RuntimeGrid:None EditorOnly:0 RuntimeOnly:0 HLODRelevant:1 FolderPath:Playground FolderGuid:C73F09FC4215536B1DCE2A9E0A830C70
 |   |   |- [+] [ 10]
 |   |   |   |- Guid:B785ED2844B84CFB91E7F39FE661CD99 BaseClass: NativeClass:/Script/Engine.DirectionalLight Name:DirectionalLight_0 Label:DirectionalLight SpatiallyLoaded:0 Bounds:IsValid=true, Min=(X=-1048576.000 Y=-1048576.000 Z=-1048576.000), Max=(X=1048576.000 Y=1048576.000 Z=1048576.000) RuntimeGrid:None EditorOnly:0 RuntimeOnly:0 HLODRelevant:0 FolderPath:Lighting FolderGuid:963EC3EB4002CCE9759E2EBA541A873A
 |   |   |- [+] [ 11]
 |   |   |   |- Guid:C9D03C4B4D43E8B41BF3A88A99A2E65A BaseClass: NativeClass:/Script/Engine.StaticMeshActor Name:StaticMeshActor_UAID_54E1ADAC0BAFE86601_1118472715 Label:Cube13 SpatiallyLoaded:1 Bounds:IsValid=true, Min=(X=1120.000 Y=110.000 Z=100.000), Max=(X=1220.000 Y=210.000 Z=200.000) RuntimeGrid:None EditorOnly:0 RuntimeOnly:0 HLODRelevant:1
 |   |   |- [+] [ 12]
 |   |   |   |- Guid:316CF2A6494ACA4C0E4180A87D36AB8F BaseClass: NativeClass:/Script/Engine.ExponentialHeightFog Name:ExponentialHeightFog_0 Label:ExponentialHeightFog SpatiallyLoaded:0 Bounds:IsValid=true, Min=(X=-5600.000 Y=-50.000 Z=-6850.000), Max=(X=-5600.000 Y=-50.000 Z=-6850.000) RuntimeGrid:None EditorOnly:0 RuntimeOnly:0 HLODRelevant:0 FolderPath:Lighting FolderGuid:963EC3EB4002CCE9759E2EBA541A873A
 |   |   |- [+] [ 13]
 |   |   |   |- Guid:F1924B8D48954B30891B2DB6A694F9CC BaseClass: NativeClass:/Script/Engine.StaticMeshActor Name:StaticMeshActor_1 Label:SM_Cube SpatiallyLoaded:1 Bounds:IsValid=true, Min=(X=0.000 Y=0.000 Z=-50.000), Max=(X=2150.000 Y=1600.000 Z=0.000) RuntimeGrid:None EditorOnly:0 RuntimeOnly:0 HLODRelevant:1 FolderPath:Playground FolderGuid:C73F09FC4215536B1DCE2A9E0A830C70
 |   |   |- [+] [ 14]
 |   |   |   |- Guid:8316E3E24CF1749AE3320F8C1892BA13 BaseClass: NativeClass:/Script/Engine.TriggerVolume Name:TriggerVolume_UAID_54E1ADAC0BAFB36801_1337944489 Label:Cam1Volume SpatiallyLoaded:1 Bounds:IsValid=true, Min=(X=1050.000 Y=100.000 Z=-15.000), Max=(X=2050.000 Y=1500.000 Z=635.000) RuntimeGrid:None EditorOnly:0 RuntimeOnly:0 HLODRelevant:0 FolderPath:Cameras FolderGuid:2614523D4B462A4E8F1A2BA8113EF098
 |   |   |- [+] [ 15]
 |   |   |   |- Guid:956338C841EB489880902DAF6DC61B25 BaseClass: NativeClass:/Script/Engine.StaticMeshActor Name:StaticMeshActor_UAID_54E1ADAC0BAFE76601_1188722528 Label:Cube2 SpatiallyLoaded:1 Bounds:IsValid=true, Min=(X=1750.000 Y=100.000 Z=0.000), Max=(X=2050.000 Y=200.000 Z=100.000) RuntimeGrid:None EditorOnly:0 RuntimeOnly:0 HLODRelevant:1
 |   |   |- [+] [ 16]
 |   |   |   |- Guid:A7C5964A48CC81AE0CABAD822E4820EC BaseClass: NativeClass:/Script/Engine.StaticMeshActor Name:StaticMeshActor_UAID_54E1ADAC0BAFE76601_1618960531 Label:Cube5 SpatiallyLoaded:1 Bounds:IsValid=true, Min=(X=97.500 Y=1400.000 Z=0.063), Max=(X=1022.500 Y=1500.000 Z=350.063) RuntimeGrid:None EditorOnly:0 RuntimeOnly:0 HLODRelevant:1
 |   |   |- [+] [ 17]
 |   |   |   |- Guid:A80DA9D54182F9ECE5A3638F35424E57 BaseClass:/Game/ThirdPerson/Blueprints/INT_TextBased.INT_TextBased_C NativeClass:/Script/Engine.Actor Name:INT_TextBased_C_UAID_54E1ADAC0BAFEB6601_1304925234 Label:INT_TextBased SpatiallyLoaded:1 Bounds:IsValid=true, Min=(X=900.000 Y=970.000 Z=-50.000), Max=(X=1100.000 Y=1170.000 Z=150.000) RuntimeGrid:None EditorOnly:0 RuntimeOnly:0 HLODRelevant:0
 |   |   |- [+] [ 18]
 |   |   |   |- Guid:2FB58999456391D349DC0F86DAC136ED BaseClass: NativeClass:/Script/Engine.SkyLight Name:SkyLight_1 Label:SkyLight SpatiallyLoaded:0 Bounds:IsValid=true, Min=(X=0.000 Y=0.000 Z=690.000), Max=(X=0.000 Y=0.000 Z=690.000) RuntimeGrid:None EditorOnly:0 RuntimeOnly:0 HLODRelevant:0 FolderPath:Lighting FolderGuid:963EC3EB4002CCE9759E2EBA541A873A
 |   |   |- [+] [ 19]
 |   |   |   |- Guid:CE47DAD340D566930B201E83CCE442DD BaseClass: NativeClass:/Script/Engine.StaticMeshActor Name:StaticMeshActor_UAID_54E1ADAC0BAFE86601_1098862714 Label:Cube12 SpatiallyLoaded:1 Bounds:IsValid=true, Min=(X=1160.000 Y=100.000 Z=0.000), Max=(X=1260.000 Y=200.000 Z=100.000) RuntimeGrid:None EditorOnly:0 RuntimeOnly:0 HLODRelevant:1
 |   |   |- [+] [ 20]
 |   |   |   |- Guid:D84D1CE04F08600CB4A9688501FC0627 BaseClass: NativeClass:/Script/Engine.StaticMeshActor Name:StaticMeshActor_UAID_54E1ADAC0BAFE76601_1789815533 Label:Cube7 SpatiallyLoaded:1 Bounds:IsValid=true, Min=(X=100.000 Y=600.000 Z=0.063), Max=(X=200.000 Y=700.000 Z=125.063) RuntimeGrid:None EditorOnly:0 RuntimeOnly:0 HLODRelevant:1
 |   |   |- [+] [ 21]
 |   |   |   |- Guid:817889A643B80EE9FFB426B0CE9FF763 BaseClass:/Game/ThirdPerson/Blueprints/Socket.Socket_C NativeClass:/Script/Engine.Actor Name:Socket_C_UAID_54E1ADAC0BAFE86601_1184768718 Label:Socket SpatiallyLoaded:1 Bounds:IsValid=true, Min=(X=100.000 Y=950.000 Z=60.000), Max=(X=125.000 Y=1150.000 Z=260.000) RuntimeGrid:None EditorOnly:0 RuntimeOnly:0 HLODRelevant:0
 |   |   |- [+] [ 22]
 |   |   |   |- Guid:A56216954B2165CF0F35A886B537D536 BaseClass: NativeClass:/Script/Engine.StaticMeshActor Name:StaticMeshActor_0 Label:SM_Cube5 SpatiallyLoaded:1 Bounds:IsValid=true, Min=(X=-0.000 Y=100.000 Z=0.000), Max=(X=100.000 Y=1500.000 Z=400.000) RuntimeGrid:None EditorOnly:0 RuntimeOnly:0 HLODRelevant:1 FolderPath:Playground FolderGuid:C73F09FC4215536B1DCE2A9E0A830C70
 |   |   |- [+] [ 23]
 |   |   |   |- Guid:B972C70F4D992B3EACF3C7B7A3602781 BaseClass: NativeClass:/Script/Engine.StaticMeshActor Name:StaticMeshActor_UAID_54E1ADAC0BAFE76601_1728938532 Label:Cube6 SpatiallyLoaded:1 Bounds:IsValid=true, Min=(X=200.000 Y=600.000 Z=0.063), Max=(X=300.000 Y=1100.000 Z=125.063) RuntimeGrid:None EditorOnly:0 RuntimeOnly:0 HLODRelevant:1
 |   |   |- [+] [ 24]
 |   |   |   |- Guid:B061B4664F6844BB840728884B290BC3 BaseClass: NativeClass:/Script/Engine.StaticMeshActor Name:StaticMeshActor_UAID_54E1ADAC0BAFE66601_2140732351 Label:Cube SpatiallyLoaded:1 Bounds:IsValid=true, Min=(X=2050.000 Y=1177.500 Z=275.500), Max=(X=2150.000 Y=1502.500 Z=400.500) RuntimeGrid:None EditorOnly:0 RuntimeOnly:0 HLODRelevant:1
 |   |   |- [+] [ 25]
 |   |   |   |- Guid:244536FE420BCA751B00C49C613FFE85 BaseClass: NativeClass:/Script/Engine.StaticMeshActor Name:StaticMeshActor_UAID_54E1ADAC0BAFE76601_2070915537 Label:Cube11 SpatiallyLoaded:1 Bounds:IsValid=true, Min=(X=1000.000 Y=100.000 Z=100.000), Max=(X=1100.000 Y=200.000 Z=200.000) RuntimeGrid:None EditorOnly:0 RuntimeOnly:0 HLODRelevant:1
 |   |   |- [+] [ 26]
 |   |   |   |- Guid:9B7F646E4F0C5B3B2E5A8585DB6E2583 BaseClass: NativeClass:/Script/Engine.StaticMeshActor Name:StaticMeshActor_UAID_54E1ADAC0BAFE76601_1423657530 Label:Cube4 SpatiallyLoaded:1 Bounds:IsValid=true, Min=(X=1810.000 Y=240.000 Z=0.000), Max=(X=1910.000 Y=340.000 Z=100.000) RuntimeGrid:None EditorOnly:0 RuntimeOnly:0 HLODRelevant:1
 |   |   |- [+] [ 27]
 |   |   |   |- Guid:589FCE264643BEFB8C3A2399C5985F69 BaseClass:/Game/ThirdPerson/Blueprints/Socket.Socket_C NativeClass:/Script/Engine.Actor Name:Socket_C_UAID_54E1ADAC0BAFE86601_1236752719 Label:Socket2 SpatiallyLoaded:1 Bounds:IsValid=true, Min=(X=100.000 Y=550.000 Z=60.000), Max=(X=125.000 Y=750.000 Z=260.000) RuntimeGrid:None EditorOnly:0 RuntimeOnly:0 HLODRelevant:0
 |   |   |- [+] [ 28]
 |   |   |   |- Guid:BC08B79C4EA3C961CFF75EBBE83B367D BaseClass: NativeClass:/Script/Engine.StaticMeshActor Name:StaticMeshActor_5 Label:SM_Cube2 SpatiallyLoaded:1 Bounds:IsValid=true, Min=(X=0.000 Y=0.000 Z=0.000), Max=(X=2150.000 Y=100.000 Z=400.000) RuntimeGrid:None EditorOnly:0 RuntimeOnly:0 HLODRelevant:1 FolderPath:Playground FolderGuid:C73F09FC4215536B1DCE2A9E0A830C70
 |   |   |- [+] [ 29]
 |   |   |   |- Guid:FF698C67459ADB4982D7759C0905EE9F BaseClass: NativeClass:/Script/Engine.StaticMeshActor Name:StaticMeshActor_6 Label:SM_Cube3 SpatiallyLoaded:1 Bounds:IsValid=true, Min=(X=0.000 Y=1500.000 Z=0.000), Max=(X=2150.000 Y=1600.000 Z=400.000) RuntimeGrid:None EditorOnly:0 RuntimeOnly:0 HLODRelevant:1 FolderPath:Playground FolderGuid:C73F09FC4215536B1DCE2A9E0A830C70
 |   |   |- [+] [ 30]
 |   |   |   |- Guid:A58D15D740AA096BCE11349496ADBD57 BaseClass: NativeClass:/Script/Engine.StaticMeshActor Name:StaticMeshActor_UAID_54E1ADAC0BAFE76601_2030059535 Label:Cube9 SpatiallyLoaded:1 Bounds:IsValid=true, Min=(X=900.000 Y=100.000 Z=0.000), Max=(X=1000.000 Y=200.000 Z=100.000) RuntimeGrid:None EditorOnly:0 RuntimeOnly:0 HLODRelevant:1
 |   |   |- [+] [ 31]
 |   |   |   |- Guid:3A00AA1C422CE54C0BDB60BAF471BFBB BaseClass: NativeClass:/Script/Engine.PlayerStart Name:PlayerStart_0 Label:PlayerStart SpatiallyLoaded:0 Bounds:IsValid=true, Min=(X=1870.000 Y=1020.000 Z=0.013), Max=(X=1950.000 Y=1100.000 Z=184.013) RuntimeGrid:None EditorOnly:0 RuntimeOnly:0 HLODRelevant:0
 |   |   |- [+] [ 32]
 |   |   |   |- Guid:A9A35F9F45D6CB3EE50A8190D459D482 BaseClass: NativeClass:/Script/Engine.StaticMeshActor Name:StaticMeshActor_UAID_54E1ADAC0BAFE76601_1859283534 Label:Cube8 SpatiallyLoaded:1 Bounds:IsValid=true, Min=(X=100.000 Y=1000.000 Z=0.063), Max=(X=200.000 Y=1100.000 Z=125.063) RuntimeGrid:None EditorOnly:0 RuntimeOnly:0 HLODRelevant:1
 |   |   |- [+] [ 33]
 |   |   |   |- Guid:A67AC57A420DC1192110CAA27EE8383F BaseClass:/Game/ThirdPerson/Keypad/INT_Keypad.INT_Keypad_C NativeClass:/Script/Engine.Actor Name:INT_Keypad_C_UAID_54E1ADAC0BAFEB6601_1312578235 Label:INT_Keypad SpatiallyLoaded:1 Bounds:IsValid=true, Min=(X=2000.000 Y=1070.000 Z=100.000), Max=(X=2100.000 Y=1170.000 Z=200.000) RuntimeGrid:None EditorOnly:0 RuntimeOnly:0 HLODRelevant:0
 |   |   |- [+] [ 34]
 |   |   |   |- Guid:C8343D2442281A32A13D6780840A83F1 BaseClass:/Game/ThirdPerson/Blueprints/BP_GameManager.BP_GameManager_C NativeClass:/Script/Engine.Actor Name:BP_GameManager_C_UAID_54E1ADAC0BAF0D6901_1255952327 Label:BP_GameManager SpatiallyLoaded:1 Bounds:IsValid=true, Min=(X=1060.000 Y=970.000 Z=410.000), Max=(X=1060.000 Y=970.000 Z=410.000) RuntimeGrid:None EditorOnly:0 RuntimeOnly:0 HLODRelevant:0
 |   |   |   |- Guid:E8EF0A5B4736C9BD412BA2B293A470CF BaseClass: NativeClass:/Script/Engine.CameraActor Name:CameraActor_UAID_54E1ADAC0BAFB26801_1872080311 Label:SecurityCam1 SpatiallyLoaded:1 Bounds:IsValid=true, Min=(X=140.000 Y=120.000 Z=400.000), Max=(X=140.000 Y=120.000 Z=400.000) RuntimeGrid:None EditorOnly:0 RuntimeOnly:0 HLODRelevant:0 FolderPath:Cameras FolderGuid:2614523D4B462A4E8F1A2BA8113EF098
 |   |   |   |- Guid:24584FDA4FE63CF8263DCBA139E8875F BaseClass: NativeClass:/Script/Engine.CameraActor Name:CameraActor_UAID_54E1ADAC0BAFB36801_1268713488 Label:SecurityCam2 SpatiallyLoaded:1 Bounds:IsValid=true, Min=(X=2030.000 Y=1480.000 Z=400.000), Max=(X=2030.000 Y=1480.000 Z=400.000) RuntimeGrid:None EditorOnly:0 RuntimeOnly:0 HLODRelevant:0 FolderPath:Cameras FolderGuid:2614523D4B462A4E8F1A2BA8113EF098
 |- ContainerInstances:
 |- [+] MainContainer:
 |   |-        ID: 0x0000000000000000
 |   |-    Bounds: IsValid=false, Min=(X=0.000 Y=0.000 Z=0.000), Max=(X=0.000 Y=0.000 Z=0.000)
 |   |- Transform: 0.000000,0.000000,0.000000|0.000000,0.000000,-0.000000|1.000000,1.000000,1.000000
 |   |- Container: /Game/ThirdPerson/Maps/ThirdPersonMap
----------------------------------------------------------------------------------------------------------------
ThirdPersonMap - Persistent Level
----------------------------------------------------------------------------------------------------------------
Always loaded Actor Count: 51 

----------------------------------------------------------------------------------------------------------------
ThirdPersonMap - Runtime Spatial Hash - Streaming Grid - MainGrid
----------------------------------------------------------------------------------------------------------------
            Origin: X=0.000 Y=0.000 Z=0.000
         Cell Size: 12800
      World Bounds: IsValid=false, Min=(X=0.000 Y=0.000 Z=0.000), Max=(X=0.000 Y=0.000 Z=0.000)
     Loading Range: 25600.00
Block Slow Loading: No
 ClientOnlyVisible: No

[+] Grid Levels: 1
 |- Level  0: Cell Count    0 | Cell Size   12800 | Actor Count    0 (0.0%)

[+] Content of Grid Level 0

