[+] Containers:
 |- [+] Container: /Game/ThirdPerson/Maps/ThirdPersonMap
 |   |- [+] ActorDescs:
 |   |   |- Guid:049C29A440F298E7EFA35E982B55D5F0 BaseClass:/Game/ThirdPerson/Sounds/BP_SoundManager.BP_SoundManager_C NativeClass:/Script/Engine.Actor Name:BP_SoundManager_C_UAID_54E1ADAC0BAF586901_1779847528 Label:BP_SoundManager SpatiallyLoaded:1 Bounds:IsValid=true, Min=(X=1170.000 Y=970.000 Z=420.000), Max=(X=1170.000 Y=970.000 Z=420.000) RuntimeGrid:None EditorOnly:0 RuntimeOnly:0 HLODRelevant:0
 |   |   |- Guid:0DBA507B48F9DB1E6733109623AF6A5B BaseClass: NativeClass:/Script/Engine.PointLight Name:PointLight_UAID_A85E45562DFEB46901_1751327721 Label:PointLight SpatiallyLoaded:1 Bounds:IsValid=true, Min=(X=-530.000 Y=-90.000 Z=-700.000), Max=(X=1470.000 Y=1910.000 Z=1300.000) RuntimeGrid:None EditorOnly:0 RuntimeOnly:0 HLODRelevant:0 FolderPath:Lighting FolderGuid:963EC3EB4002CCE9759E2EBA541A873A
 |   |   |- Guid:24584FDA4FE63CF8263DCBA139E8875F BaseClass: NativeClass:/Script/Engine.CameraActor Name:CameraActor_UAID_54E1ADAC0BAFB36801_1268713488 Label:SecurityCam2 SpatiallyLoaded:1 Bounds:IsValid=true, Min=(X=2030.000 Y=1480.000 Z=400.000), Max=(X=2030.000 Y=1480.000 Z=400.000) RuntimeGrid:None EditorOnly:0 RuntimeOnly:0 HLODRelevant:0 FolderPath:Cameras FolderGuid:2614523D4B462A4E8F1A2BA8113EF098
 |   |   |- Guid:2D98F60B468C10F12365F9BAF3729721 BaseClass: NativeClass:/Script/Engine.StaticMeshActor Name:StaticMeshActor_UAID_54E1ADAC0BAFE76601_1390416529 Label:Cube3 SpatiallyLoaded:1 Bounds:IsValid=true, Min=(X=1950.000 Y=197.500 Z=0.000), Max=(X=2050.000 Y=322.500 Z=100.000) RuntimeGrid:None EditorOnly:0 RuntimeOnly:0 HLODRelevant:1 FolderPath:Random Cubes/Desk FolderGuid:CF00223E4862C7AD28754A998100E4EE
 |   |   |- Guid:2FB58999456391D349DC0F86DAC136ED BaseClass: NativeClass:/Script/Engine.SkyLight Name:SkyLight_1 Label:SkyLight SpatiallyLoaded:0 Bounds:IsValid=true, Min=(X=0.000 Y=0.000 Z=690.000), Max=(X=0.000 Y=0.000 Z=690.000) RuntimeGrid:None EditorOnly:0 RuntimeOnly:0 HLODRelevant:0 FolderPath:Lighting FolderGuid:963EC3EB4002CCE9759E2EBA541A873A
 |   |   |- Guid:316CF2A6494ACA4C0E4180A87D36AB8F BaseClass: NativeClass:/Script/Engine.ExponentialHeightFog Name:ExponentialHeightFog_0 Label:ExponentialHeightFog SpatiallyLoaded:0 Bounds:IsValid=true, Min=(X=-5600.000 Y=-50.000 Z=-6850.000), Max=(X=-5600.000 Y=-50.000 Z=-6850.000) RuntimeGrid:None EditorOnly:0 RuntimeOnly:0 HLODRelevant:0 FolderPath:Lighting FolderGuid:963EC3EB4002CCE9759E2EBA541A873A
 |   |   |- Guid:36EE629C4BFE2CE93C3299B29A8BAD14 BaseClass: NativeClass:/Script/Engine.StaticMeshActor Name:StaticMeshActor_UAID_54E1ADAC0BAFE86601_1130035717 Label:Trolley SpatiallyLoaded:1 Bounds:IsValid=true, Min=(X=775.000 Y=475.000 Z=0.000), Max=(X=975.000 Y=625.000 Z=100.000) RuntimeGrid:None EditorOnly:0 RuntimeOnly:0 HLODRelevant:1 FolderPath:Random Cubes FolderGuid:74F59BE14ECFADBB4334FF99A88CBF67
 |   |   |- Guid:3A00AA1C422CE54C0BDB60BAF471BFBB BaseClass: NativeClass:/Script/Engine.PlayerStart Name:PlayerStart_0 Label:PlayerStart SpatiallyLoaded:0 Bounds:IsValid=true, Min=(X=1240.000 Y=790.000 Z=0.013), Max=(X=1320.000 Y=870.000 Z=184.013) RuntimeGrid:None EditorOnly:0 RuntimeOnly:0 HLODRelevant:0
 |   |   |- Guid:43815E84492231AFC407F59E3C28176B BaseClass: NativeClass:/Script/Engine.StaticMeshActor Name:StaticMeshActor_4 Label:SM_Cube6 SpatiallyLoaded:1 Bounds:IsValid=true, Min=(X=2050.000 Y=100.000 Z=0.000), Max=(X=2150.000 Y=1175.000 Z=400.000) RuntimeGrid:None EditorOnly:0 RuntimeOnly:0 HLODRelevant:1 FolderPath:Playground FolderGuid:C73F09FC4215536B1DCE2A9E0A830C70
 |   |   |- Guid:4B84AED74A3A5573A7E009A187B9528F BaseClass:/Game/ThirdPerson/Blueprints/Wiring/INT_Wiring.INT_Wiring_C NativeClass:/Script/Engine.Actor Name:INT_Wiring_C_UAID_54E1ADAC0BAFDD6C01_1827986103 Label:INT_Wiring SpatiallyLoaded:1 Bounds:IsValid=true, Min=(X=720.000 Y=660.000 Z=-50.000), Max=(X=920.000 Y=860.000 Z=150.000) RuntimeGrid:None EditorOnly:0 RuntimeOnly:0 HLODRelevant:0
 |   |   |- Guid:4BD2DCBB4956B6DBDD303C85D1501DA6 BaseClass: NativeClass:/Script/Engine.StaticMeshActor Name:StaticMeshActor_UAID_A85E45562DFEB46901_1722378720 Label:SM_Cube4 SpatiallyLoaded:1 Bounds:IsValid=true, Min=(X=0.000 Y=0.000 Z=400.000), Max=(X=2150.000 Y=1600.000 Z=450.000) RuntimeGrid:None EditorOnly:0 RuntimeOnly:0 HLODRelevant:1 FolderPath:Playground FolderGuid:C73F09FC4215536B1DCE2A9E0A830C70
 |   |   |- Guid:4D3BE93F4146AAAC8BBE79999D96D57F BaseClass: NativeClass:/Script/Engine.VolumetricCloud Name:VolumetricCloud_0 Label:VolumetricCloud SpatiallyLoaded:0 Bounds:IsValid=true, Min=(X=0.000 Y=0.000 Z=820.000), Max=(X=0.000 Y=0.000 Z=820.000) RuntimeGrid:None EditorOnly:0 RuntimeOnly:0 HLODRelevant:0 FolderPath:Lighting FolderGuid:963EC3EB4002CCE9759E2EBA541A873A
 |   |   |- Guid:52919F4942015B3C555E18919F36F86F BaseClass: NativeClass:/Script/Engine.PostProcessVolume Name:PostProcessVolume_UAID_54E1ADAC0BAF1F6901_1777595495 Label:PostProcessVolume2 SpatiallyLoaded:0 Bounds:IsValid=true, Min=(X=1960.000 Y=1400.000 Z=410.000), Max=(X=2160.000 Y=1600.000 Z=610.000) RuntimeGrid:None EditorOnly:0 RuntimeOnly:0 HLODRelevant:0
 |   |   |- Guid:543E696E4ABE9EDD26DF779EFF248CA2 BaseClass: NativeClass:/Script/Engine.StaticMeshActor Name:StaticMeshActor_UAID_A85E45562DFEB56901_1715526903 Label:ElectricalBox SpatiallyLoaded:1 Bounds:IsValid=true, Min=(X=740.000 Y=102.500 Z=-2.500), Max=(X=990.000 Y=177.500 Z=222.500) RuntimeGrid:None EditorOnly:0 RuntimeOnly:0 HLODRelevant:1 FolderPath:Random Cubes FolderGuid:74F59BE14ECFADBB4334FF99A88CBF67
 |   |   |- Guid:589FCE264643BEFB8C3A2399C5985F69 BaseClass:/Game/ThirdPerson/Blueprints/Socket.Socket_C NativeClass:/Script/Engine.Actor Name:Socket_C_UAID_54E1ADAC0BAFE86601_1236752719 Label:Socket2 SpatiallyLoaded:1 Bounds:IsValid=true, Min=(X=100.000 Y=550.000 Z=60.000), Max=(X=125.000 Y=750.000 Z=260.000) RuntimeGrid:None EditorOnly:0 RuntimeOnly:0 HLODRelevant:0
 |   |   |- Guid:5B97F4A64FB21F77EFC44386BF705B4C BaseClass: NativeClass:/Script/Engine.TextRenderActor Name:TextRenderActor_1 Label:TextRenderActor SpatiallyLoaded:1 Bounds:IsValid=true, Min=(X=-0.100 Y=1100.000 Z=65.013), Max=(X=-0.100 Y=2392.308 Z=215.013) RuntimeGrid:None EditorOnly:0 RuntimeOnly:0 HLODRelevant:0
 |   |   |- Guid:6BAF4DDD444C60371492D3919DB42C97 BaseClass: NativeClass:/Script/Engine.WorldDataLayers Name:WorldDataLayers Label:WorldDataLayers SpatiallyLoaded:0 Bounds:IsValid=true, Min=(X=0.000 Y=0.000 Z=0.000), Max=(X=0.000 Y=0.000 Z=0.000) RuntimeGrid:None EditorOnly:0 RuntimeOnly:0 HLODRelevant:0
 |   |   |- Guid:751129D143BBD0FDE4FC68BFC07C44C8 BaseClass:/Game/ThirdPerson/Blueprints/INT_TextBased.INT_TextBased_C NativeClass:/Script/Engine.Actor Name:INT_TextBased_C_UAID_54E1ADAC0BAF256901_1161458552 Label:INT_Cone SpatiallyLoaded:1 Bounds:IsValid=true, Min=(X=1340.000 Y=640.000 Z=-69.000), Max=(X=1540.000 Y=840.000 Z=131.000) RuntimeGrid:None EditorOnly:0 RuntimeOnly:0 HLODRelevant:0
 |   |   |- Guid:7FA65E5241F80F6498378DBA8424DF23 BaseClass: NativeClass:/Script/Engine.StaticMeshActor Name:StaticMeshActor_UAID_A85E45562DFEB46901_1635867719 Label:SM_Cube7 SpatiallyLoaded:1 Bounds:IsValid=true, Min=(X=1000.000 Y=100.000 Z=0.000), Max=(X=1100.000 Y=575.000 Z=400.000) RuntimeGrid:None EditorOnly:0 RuntimeOnly:0 HLODRelevant:1 FolderPath:Playground FolderGuid:C73F09FC4215536B1DCE2A9E0A830C70
 |   |   |- Guid:817889A643B80EE9FFB426B0CE9FF763 BaseClass:/Game/ThirdPerson/Blueprints/Socket.Socket_C NativeClass:/Script/Engine.Actor Name:Socket_C_UAID_54E1ADAC0BAFE86601_1184768718 Label:Socket SpatiallyLoaded:1 Bounds:IsValid=true, Min=(X=100.000 Y=950.000 Z=60.000), Max=(X=125.000 Y=1150.000 Z=260.000) RuntimeGrid:None EditorOnly:0 RuntimeOnly:0 HLODRelevant:0
 |   |   |- Guid:81F0CB104F6B74E6B68E33BE478C0389 BaseClass: NativeClass:/Script/Engine.StaticMeshActor Name:StaticMeshActor_UAID_A85E45562DFEB56901_1932391905 Label:Painting SpatiallyLoaded:1 Bounds:IsValid=true, Min=(X=1282.500 Y=1493.750 Z=87.500), Max=(X=1607.500 Y=1506.250 Z=312.500) RuntimeGrid:None EditorOnly:0 RuntimeOnly:0 HLODRelevant:1 FolderPath:Random Cubes FolderGuid:74F59BE14ECFADBB4334FF99A88CBF67
 |   |   |- Guid:956338C841EB489880902DAF6DC61B25 BaseClass: NativeClass:/Script/Engine.StaticMeshActor Name:StaticMeshActor_UAID_54E1ADAC0BAFE76601_1188722528 Label:Cube2 SpatiallyLoaded:1 Bounds:IsValid=true, Min=(X=1750.000 Y=100.000 Z=0.000), Max=(X=2050.000 Y=200.000 Z=100.000) RuntimeGrid:None EditorOnly:0 RuntimeOnly:0 HLODRelevant:1 FolderPath:Random Cubes/Desk FolderGuid:CF00223E4862C7AD28754A998100E4EE
 |   |   |- Guid:97944CCC4B73114F98396F801BAF1FF0 BaseClass:/Game/ThirdPerson/Blueprints/INT_TextBased.INT_TextBased_C NativeClass:/Script/Engine.Actor Name:INT_TextBased_C_UAID_54E1ADAC0BAF5C6901_2034175233 Label:INT_Speaker SpatiallyLoaded:1 Bounds:IsValid=true, Min=(X=1138.346 Y=1088.346 Z=-31.654), Max=(X=1961.654 Y=1911.654 Z=791.654) RuntimeGrid:None EditorOnly:0 RuntimeOnly:0 HLODRelevant:0
 |   |   |- Guid:9B7F646E4F0C5B3B2E5A8585DB6E2583 BaseClass: NativeClass:/Script/Engine.StaticMeshActor Name:StaticMeshActor_UAID_54E1ADAC0BAFE76601_1423657530 Label:Chair SpatiallyLoaded:1 Bounds:IsValid=true, Min=(X=1810.000 Y=240.000 Z=0.000), Max=(X=1910.000 Y=340.000 Z=100.000) RuntimeGrid:None EditorOnly:0 RuntimeOnly:0 HLODRelevant:1 FolderPath:Random Cubes FolderGuid:74F59BE14ECFADBB4334FF99A88CBF67
 |   |   |- Guid:9BEC6ABB41743EE71DECB3B1CFE144EE BaseClass: NativeClass:/Script/Engine.PointLight Name:PointLight_UAID_A85E45562DFEB46901_1810949723 Label:PointLight3 SpatiallyLoaded:1 Bounds:IsValid=true, Min=(X=1641.863 Y=965.788 Z=-30.203), Max=(X=2343.243 Y=1667.168 Z=671.177) RuntimeGrid:None EditorOnly:0 RuntimeOnly:0 HLODRelevant:0 FolderPath:Lighting FolderGuid:963EC3EB4002CCE9759E2EBA541A873A
 |   |   |- Guid:A414BF4C4D5D70559B63D79C3D6F2C1C BaseClass:/Game/ThirdPerson/Blueprints/Keypad/INT_Keypad.INT_Keypad_C NativeClass:/Script/Engine.Actor Name:INT_Keypad_C_UAID_54E1ADAC0BAF5C6B01_1221749343 Label:INT_Keypad2 SpatiallyLoaded:1 Bounds:IsValid=true, Min=(X=1006.250 Y=476.250 Z=68.750), Max=(X=1093.750 Y=663.750 Z=331.250) RuntimeGrid:None EditorOnly:0 RuntimeOnly:0 HLODRelevant:0
 |   |   |- Guid:A56216954B2165CF0F35A886B537D536 BaseClass: NativeClass:/Script/Engine.StaticMeshActor Name:StaticMeshActor_0 Label:SM_Cube5 SpatiallyLoaded:1 Bounds:IsValid=true, Min=(X=-0.000 Y=100.000 Z=0.000), Max=(X=100.000 Y=1500.000 Z=400.000) RuntimeGrid:None EditorOnly:0 RuntimeOnly:0 HLODRelevant:1 FolderPath:Playground FolderGuid:C73F09FC4215536B1DCE2A9E0A830C70
 |   |   |- Guid:A67AC57A420DC1192110CAA27EE8383F BaseClass:/Game/ThirdPerson/Blueprints/Keypad/INT_Keypad.INT_Keypad_C NativeClass:/Script/Engine.Actor Name:INT_Keypad_C_UAID_54E1ADAC0BAFEB6601_1312578235 Label:INT_Keypad SpatiallyLoaded:1 Bounds:IsValid=true, Min=(X=2000.000 Y=1070.000 Z=100.000), Max=(X=2100.000 Y=1170.000 Z=200.000) RuntimeGrid:None EditorOnly:0 RuntimeOnly:0 HLODRelevant:0
 |   |   |- Guid:A7C5964A48CC81AE0CABAD822E4820EC BaseClass: NativeClass:/Script/Engine.StaticMeshActor Name:StaticMeshActor_UAID_54E1ADAC0BAFE76601_1618960531 Label:PigeonHoles SpatiallyLoaded:1 Bounds:IsValid=true, Min=(X=95.000 Y=1400.000 Z=0.063), Max=(X=645.000 Y=1500.000 Z=350.063) RuntimeGrid:None EditorOnly:0 RuntimeOnly:0 HLODRelevant:1 FolderPath:Random Cubes FolderGuid:74F59BE14ECFADBB4334FF99A88CBF67
 |   |   |- Guid:A80DA9D54182F9ECE5A3638F35424E57 BaseClass:/Game/ThirdPerson/Blueprints/INT_TextBased.INT_TextBased_C NativeClass:/Script/Engine.Actor Name:INT_TextBased_C_UAID_54E1ADAC0BAFEB6601_1304925234 Label:INT_Square SpatiallyLoaded:1 Bounds:IsValid=true, Min=(X=900.000 Y=970.000 Z=-50.000), Max=(X=1100.000 Y=1170.000 Z=150.000) RuntimeGrid:None EditorOnly:0 RuntimeOnly:0 HLODRelevant:0
 |   |   |- Guid:A9A35F9F45D6CB3EE50A8190D459D482 BaseClass: NativeClass:/Script/Engine.StaticMeshActor Name:StaticMeshActor_UAID_54E1ADAC0BAFE76601_1859283534 Label:Cube8 SpatiallyLoaded:1 Bounds:IsValid=true, Min=(X=100.000 Y=1000.000 Z=0.063), Max=(X=200.000 Y=1100.000 Z=125.063) RuntimeGrid:None EditorOnly:0 RuntimeOnly:0 HLODRelevant:1 FolderPath:Random Cubes/Conveyer Belt FolderGuid:DEC55CBE48C0AC2BEACCAC98B51A2352
 |   |   |- Guid:AB1795C640DEB4EAC9D24D98E6F9C25E BaseClass: NativeClass:/Script/Engine.StaticMeshActor Name:StaticMeshActor_UAID_A85E45562DFEEF6A01_1599320159 Label:Locker SpatiallyLoaded:1 Bounds:IsValid=true, Min=(X=675.000 Y=1400.000 Z=0.063), Max=(X=1225.000 Y=1500.000 Z=350.063) RuntimeGrid:None EditorOnly:0 RuntimeOnly:0 HLODRelevant:1 FolderPath:Random Cubes FolderGuid:74F59BE14ECFADBB4334FF99A88CBF67
 |   |   |- Guid:B061B4664F6844BB840728884B290BC3 BaseClass: NativeClass:/Script/Engine.StaticMeshActor Name:StaticMeshActor_UAID_54E1ADAC0BAFE66601_2140732351 Label:SM_Cube8 SpatiallyLoaded:1 Bounds:IsValid=true, Min=(X=2050.000 Y=1177.500 Z=275.500), Max=(X=2150.000 Y=1502.500 Z=400.500) RuntimeGrid:None EditorOnly:0 RuntimeOnly:0 HLODRelevant:1 FolderPath:Playground FolderGuid:C73F09FC4215536B1DCE2A9E0A830C70
 |   |   |- Guid:B3D400384ECF362E77EB529EB4400E11 BaseClass: NativeClass:/Script/Engine.SpotLight Name:SpotLight_UAID_A85E45562DFEB46901_1886282724 Label:SpotLight SpatiallyLoaded:1 Bounds:IsValid=true, Min=(X=-340.444 Y=-1187.292 Z=-1823.211), Max=(X=3380.123 Y=2533.275 Z=1897.356) RuntimeGrid:None EditorOnly:0 RuntimeOnly:0 HLODRelevant:0 FolderPath:Lighting FolderGuid:963EC3EB4002CCE9759E2EBA541A873A
 |   |   |- Guid:B785ED2844B84CFB91E7F39FE661CD99 BaseClass: NativeClass:/Script/Engine.DirectionalLight Name:DirectionalLight_0 Label:DirectionalLight SpatiallyLoaded:0 Bounds:IsValid=true, Min=(X=-1048576.000 Y=-1048576.000 Z=-1048576.000), Max=(X=1048576.000 Y=1048576.000 Z=1048576.000) RuntimeGrid:None EditorOnly:0 RuntimeOnly:0 HLODRelevant:0 FolderPath:Lighting FolderGuid:963EC3EB4002CCE9759E2EBA541A873A
 |   |   |- Guid:B972C70F4D992B3EACF3C7B7A3602781 BaseClass: NativeClass:/Script/Engine.StaticMeshActor Name:StaticMeshActor_UAID_54E1ADAC0BAFE76601_1728938532 Label:Cube6 SpatiallyLoaded:1 Bounds:IsValid=true, Min=(X=200.000 Y=600.000 Z=0.063), Max=(X=300.000 Y=1100.000 Z=125.063) RuntimeGrid:None EditorOnly:0 RuntimeOnly:0 HLODRelevant:1 FolderPath:Random Cubes/Conveyer Belt FolderGuid:DEC55CBE48C0AC2BEACCAC98B51A2352
 |   |   |- Guid:B9E4BC884B2E67374AC9598C9691FE08 BaseClass: NativeClass:/Script/Engine.StaticMeshActor Name:StaticMeshActor_UAID_A85E45562DFEB56901_1196494901 Label:Printer SpatiallyLoaded:1 Bounds:IsValid=true, Min=(X=1477.500 Y=102.500 Z=-2.500), Max=(X=1652.500 Y=277.500 Z=122.500) RuntimeGrid:None EditorOnly:0 RuntimeOnly:0 HLODRelevant:1 FolderPath:Random Cubes FolderGuid:74F59BE14ECFADBB4334FF99A88CBF67
 |   |   |- Guid:BC08B79C4EA3C961CFF75EBBE83B367D BaseClass: NativeClass:/Script/Engine.StaticMeshActor Name:StaticMeshActor_5 Label:SM_Cube2 SpatiallyLoaded:1 Bounds:IsValid=true, Min=(X=0.000 Y=0.000 Z=0.000), Max=(X=2150.000 Y=100.000 Z=400.000) RuntimeGrid:None EditorOnly:0 RuntimeOnly:0 HLODRelevant:1 FolderPath:Playground FolderGuid:C73F09FC4215536B1DCE2A9E0A830C70
 |   |   |- Guid:C8343D2442281A32A13D6780840A83F1 BaseClass:/Game/ThirdPerson/Blueprints/BP_GameManager.BP_GameManager_C NativeClass:/Script/Engine.Actor Name:BP_GameManager_C_UAID_54E1ADAC0BAF0D6901_1255952327 Label:BP_GameManager SpatiallyLoaded:1 Bounds:IsValid=true, Min=(X=1060.000 Y=970.000 Z=410.000), Max=(X=1060.000 Y=970.000 Z=410.000) RuntimeGrid:None EditorOnly:0 RuntimeOnly:0 HLODRelevant:0
 |   |   |- Guid:CCFF262C46EEFFDF319E7F9539CE697E BaseClass: NativeClass:/Script/Engine.SkyAtmosphere Name:SkyAtmosphere_0 Label:SkyAtmosphere SpatiallyLoaded:0 Bounds:IsValid=true, Min=(X=0.000 Y=0.000 Z=1020.000), Max=(X=0.000 Y=0.000 Z=1020.000) RuntimeGrid:None EditorOnly:0 RuntimeOnly:0 HLODRelevant:0 FolderPath:Lighting FolderGuid:963EC3EB4002CCE9759E2EBA541A873A
 |   |   |- Guid:D84D1CE04F08600CB4A9688501FC0627 BaseClass: NativeClass:/Script/Engine.StaticMeshActor Name:StaticMeshActor_UAID_54E1ADAC0BAFE76601_1789815533 Label:Cube7 SpatiallyLoaded:1 Bounds:IsValid=true, Min=(X=100.000 Y=600.000 Z=0.063), Max=(X=200.000 Y=700.000 Z=125.063) RuntimeGrid:None EditorOnly:0 RuntimeOnly:0 HLODRelevant:1 FolderPath:Random Cubes/Conveyer Belt FolderGuid:DEC55CBE48C0AC2BEACCAC98B51A2352
 |   |   |- Guid:D8725BDE414E33C30AA0CABF51249849 BaseClass: NativeClass:/Script/Engine.StaticMeshActor Name:StaticMeshActor_UAID_A85E45562DFEEF6A01_1713722160 Label:Door SpatiallyLoaded:1 Bounds:IsValid=true, Min=(X=2075.000 Y=1177.500 Z=-12.000), Max=(X=2125.000 Y=1502.500 Z=288.000) RuntimeGrid:None EditorOnly:0 RuntimeOnly:0 HLODRelevant:1 FolderPath:Playground FolderGuid:C73F09FC4215536B1DCE2A9E0A830C70
 |   |   |- Guid:E8EF0A5B4736C9BD412BA2B293A470CF BaseClass: NativeClass:/Script/Engine.CameraActor Name:CameraActor_UAID_54E1ADAC0BAFB26801_1872080311 Label:SecurityCam1 SpatiallyLoaded:1 Bounds:IsValid=true, Min=(X=140.000 Y=120.000 Z=400.000), Max=(X=140.000 Y=120.000 Z=400.000) RuntimeGrid:None EditorOnly:0 RuntimeOnly:0 HLODRelevant:0 FolderPath:Cameras FolderGuid:2614523D4B462A4E8F1A2BA8113EF098
 |   |   |- Guid:F1924B8D48954B30891B2DB6A694F9CC BaseClass: NativeClass:/Script/Engine.StaticMeshActor Name:StaticMeshActor_1 Label:SM_Cube SpatiallyLoaded:1 Bounds:IsValid=true, Min=(X=0.000 Y=0.000 Z=-50.000), Max=(X=2150.000 Y=1600.000 Z=0.000) RuntimeGrid:None EditorOnly:0 RuntimeOnly:0 HLODRelevant:1 FolderPath:Playground FolderGuid:C73F09FC4215536B1DCE2A9E0A830C70
 |   |   |- Guid:F5E3FEB3450C49844FD93DA8E083C8AD BaseClass: NativeClass:/Script/Engine.PostProcessVolume Name:PostProcessVolume_0 Label:PostProcessVolume SpatiallyLoaded:0 Bounds:IsValid=true, Min=(X=0.000 Y=0.000 Z=400.000), Max=(X=200.000 Y=200.000 Z=600.000) RuntimeGrid:None EditorOnly:0 RuntimeOnly:0 HLODRelevant:0 FolderPath:Lighting FolderGuid:963EC3EB4002CCE9759E2EBA541A873A
 |   |   |- Guid:FAA597C5439BF031E4B7F49483484E90 BaseClass: NativeClass:/Script/Engine.StaticMeshActor Name:StaticMeshActor_UAID_A85E45562DFEB56901_1872148904 Label:Cube18 SpatiallyLoaded:1 Bounds:IsValid=true, Min=(X=1098.750 Y=325.000 Z=35.000), Max=(X=1111.250 Y=475.000 Z=285.000) RuntimeGrid:None EditorOnly:0 RuntimeOnly:0 HLODRelevant:1 FolderPath:Random Cubes FolderGuid:74F59BE14ECFADBB4334FF99A88CBF67
 |   |   |- Guid:FF698C67459ADB4982D7759C0905EE9F BaseClass: NativeClass:/Script/Engine.StaticMeshActor Name:StaticMeshActor_6 Label:SM_Cube3 SpatiallyLoaded:1 Bounds:IsValid=true, Min=(X=0.000 Y=1500.000 Z=0.000), Max=(X=2150.000 Y=1600.000 Z=400.000) RuntimeGrid:None EditorOnly:0 RuntimeOnly:0 HLODRelevant:1 FolderPath:Playground FolderGuid:C73F09FC4215536B1DCE2A9E0A830C70
 |   |- [+] Clusters:
 |   |   |- [+] [  0]
 |   |   |   |- Guid:6BAF4DDD444C60371492D3919DB42C97 BaseClass: NativeClass:/Script/Engine.WorldDataLayers Name:WorldDataLayers Label:WorldDataLayers SpatiallyLoaded:0 Bounds:IsValid=true, Min=(X=0.000 Y=0.000 Z=0.000), Max=(X=0.000 Y=0.000 Z=0.000) RuntimeGrid:None EditorOnly:0 RuntimeOnly:0 HLODRelevant:0
 |   |   |- [+] [  1]
 |   |   |   |- Guid:52919F4942015B3C555E18919F36F86F BaseClass: NativeClass:/Script/Engine.PostProcessVolume Name:PostProcessVolume_UAID_54E1ADAC0BAF1F6901_1777595495 Label:PostProcessVolume2 SpatiallyLoaded:0 Bounds:IsValid=true, Min=(X=1960.000 Y=1400.000 Z=410.000), Max=(X=2160.000 Y=1600.000 Z=610.000) RuntimeGrid:None EditorOnly:0 RuntimeOnly:0 HLODRelevant:0
 |   |   |- [+] [  2]
 |   |   |   |- Guid:2D98F60B468C10F12365F9BAF3729721 BaseClass: NativeClass:/Script/Engine.StaticMeshActor Name:StaticMeshActor_UAID_54E1ADAC0BAFE76601_1390416529 Label:Cube3 SpatiallyLoaded:1 Bounds:IsValid=true, Min=(X=1950.000 Y=197.500 Z=0.000), Max=(X=2050.000 Y=322.500 Z=100.000) RuntimeGrid:None EditorOnly:0 RuntimeOnly:0 HLODRelevant:1 FolderPath:Random Cubes/Desk FolderGuid:CF00223E4862C7AD28754A998100E4EE
 |   |   |- [+] [  3]
 |   |   |   |- Guid:FAA597C5439BF031E4B7F49483484E90 BaseClass: NativeClass:/Script/Engine.StaticMeshActor Name:StaticMeshActor_UAID_A85E45562DFEB56901_1872148904 Label:Cube18 SpatiallyLoaded:1 Bounds:IsValid=true, Min=(X=1098.750 Y=325.000 Z=35.000), Max=(X=1111.250 Y=475.000 Z=285.000) RuntimeGrid:None EditorOnly:0 RuntimeOnly:0 HLODRelevant:1 FolderPath:Random Cubes FolderGuid:74F59BE14ECFADBB4334FF99A88CBF67
 |   |   |- [+] [  4]
 |   |   |   |- Guid:F5E3FEB3450C49844FD93DA8E083C8AD BaseClass: NativeClass:/Script/Engine.PostProcessVolume Name:PostProcessVolume_0 Label:PostProcessVolume SpatiallyLoaded:0 Bounds:IsValid=true, Min=(X=0.000 Y=0.000 Z=400.000), Max=(X=200.000 Y=200.000 Z=600.000) RuntimeGrid:None EditorOnly:0 RuntimeOnly:0 HLODRelevant:0 FolderPath:Lighting FolderGuid:963EC3EB4002CCE9759E2EBA541A873A
 |   |   |- [+] [  5]
 |   |   |   |- Guid:81F0CB104F6B74E6B68E33BE478C0389 BaseClass: NativeClass:/Script/Engine.StaticMeshActor Name:StaticMeshActor_UAID_A85E45562DFEB56901_1932391905 Label:Painting SpatiallyLoaded:1 Bounds:IsValid=true, Min=(X=1282.500 Y=1493.750 Z=87.500), Max=(X=1607.500 Y=1506.250 Z=312.500) RuntimeGrid:None EditorOnly:0 RuntimeOnly:0 HLODRelevant:1 FolderPath:Random Cubes FolderGuid:74F59BE14ECFADBB4334FF99A88CBF67
 |   |   |- [+] [  6]
 |   |   |   |- Guid:5B97F4A64FB21F77EFC44386BF705B4C BaseClass: NativeClass:/Script/Engine.TextRenderActor Name:TextRenderActor_1 Label:TextRenderActor SpatiallyLoaded:1 Bounds:IsValid=true, Min=(X=-0.100 Y=1100.000 Z=65.013), Max=(X=-0.100 Y=2392.308 Z=215.013) RuntimeGrid:None EditorOnly:0 RuntimeOnly:0 HLODRelevant:0
 |   |   |- [+] [  7]
 |   |   |   |- Guid:4D3BE93F4146AAAC8BBE79999D96D57F BaseClass: NativeClass:/Script/Engine.VolumetricCloud Name:VolumetricCloud_0 Label:VolumetricCloud SpatiallyLoaded:0 Bounds:IsValid=true, Min=(X=0.000 Y=0.000 Z=820.000), Max=(X=0.000 Y=0.000 Z=820.000) RuntimeGrid:None EditorOnly:0 RuntimeOnly:0 HLODRelevant:0 FolderPath:Lighting FolderGuid:963EC3EB4002CCE9759E2EBA541A873A
 |   |   |- [+] [  8]
 |   |   |   |- Guid:9BEC6ABB41743EE71DECB3B1CFE144EE BaseClass: NativeClass:/Script/Engine.PointLight Name:PointLight_UAID_A85E45562DFEB46901_1810949723 Label:PointLight3 SpatiallyLoaded:1 Bounds:IsValid=true, Min=(X=1641.863 Y=965.788 Z=-30.203), Max=(X=2343.243 Y=1667.168 Z=671.177) RuntimeGrid:None EditorOnly:0 RuntimeOnly:0 HLODRelevant:0 FolderPath:Lighting FolderGuid:963EC3EB4002CCE9759E2EBA541A873A
 |   |   |- [+] [  9]
 |   |   |   |- Guid:C8343D2442281A32A13D6780840A83F1 BaseClass:/Game/ThirdPerson/Blueprints/BP_GameManager.BP_GameManager_C NativeClass:/Script/Engine.Actor Name:BP_GameManager_C_UAID_54E1ADAC0BAF0D6901_1255952327 Label:BP_GameManager SpatiallyLoaded:1 Bounds:IsValid=true, Min=(X=1060.000 Y=970.000 Z=410.000), Max=(X=1060.000 Y=970.000 Z=410.000) RuntimeGrid:None EditorOnly:0 RuntimeOnly:0 HLODRelevant:0
 |   |   |   |- Guid:E8EF0A5B4736C9BD412BA2B293A470CF BaseClass: NativeClass:/Script/Engine.CameraActor Name:CameraActor_UAID_54E1ADAC0BAFB26801_1872080311 Label:SecurityCam1 SpatiallyLoaded:1 Bounds:IsValid=true, Min=(X=140.000 Y=120.000 Z=400.000), Max=(X=140.000 Y=120.000 Z=400.000) RuntimeGrid:None EditorOnly:0 RuntimeOnly:0 HLODRelevant:0 FolderPath:Cameras FolderGuid:2614523D4B462A4E8F1A2BA8113EF098
 |   |   |   |- Guid:24584FDA4FE63CF8263DCBA139E8875F BaseClass: NativeClass:/Script/Engine.CameraActor Name:CameraActor_UAID_54E1ADAC0BAFB36801_1268713488 Label:SecurityCam2 SpatiallyLoaded:1 Bounds:IsValid=true, Min=(X=2030.000 Y=1480.000 Z=400.000), Max=(X=2030.000 Y=1480.000 Z=400.000) RuntimeGrid:None EditorOnly:0 RuntimeOnly:0 HLODRelevant:0 FolderPath:Cameras FolderGuid:2614523D4B462A4E8F1A2BA8113EF098
 |   |   |- [+] [ 10]
 |   |   |   |- Guid:7FA65E5241F80F6498378DBA8424DF23 BaseClass: NativeClass:/Script/Engine.StaticMeshActor Name:StaticMeshActor_UAID_A85E45562DFEB46901_1635867719 Label:SM_Cube7 SpatiallyLoaded:1 Bounds:IsValid=true, Min=(X=1000.000 Y=100.000 Z=0.000), Max=(X=1100.000 Y=575.000 Z=400.000) RuntimeGrid:None EditorOnly:0 RuntimeOnly:0 HLODRelevant:1 FolderPath:Playground FolderGuid:C73F09FC4215536B1DCE2A9E0A830C70
 |   |   |- [+] [ 11]
 |   |   |   |- Guid:CCFF262C46EEFFDF319E7F9539CE697E BaseClass: NativeClass:/Script/Engine.SkyAtmosphere Name:SkyAtmosphere_0 Label:SkyAtmosphere SpatiallyLoaded:0 Bounds:IsValid=true, Min=(X=0.000 Y=0.000 Z=1020.000), Max=(X=0.000 Y=0.000 Z=1020.000) RuntimeGrid:None EditorOnly:0 RuntimeOnly:0 HLODRelevant:0 FolderPath:Lighting FolderGuid:963EC3EB4002CCE9759E2EBA541A873A
 |   |   |- [+] [ 12]
 |   |   |   |- Guid:D8725BDE414E33C30AA0CABF51249849 BaseClass: NativeClass:/Script/Engine.StaticMeshActor Name:StaticMeshActor_UAID_A85E45562DFEEF6A01_1713722160 Label:Door SpatiallyLoaded:1 Bounds:IsValid=true, Min=(X=2075.000 Y=1177.500 Z=-12.000), Max=(X=2125.000 Y=1502.500 Z=288.000) RuntimeGrid:None EditorOnly:0 RuntimeOnly:0 HLODRelevant:1 FolderPath:Playground FolderGuid:C73F09FC4215536B1DCE2A9E0A830C70
 |   |   |- [+] [ 13]
 |   |   |   |- Guid:36EE629C4BFE2CE93C3299B29A8BAD14 BaseClass: NativeClass:/Script/Engine.StaticMeshActor Name:StaticMeshActor_UAID_54E1ADAC0BAFE86601_1130035717 Label:Trolley SpatiallyLoaded:1 Bounds:IsValid=true, Min=(X=775.000 Y=475.000 Z=0.000), Max=(X=975.000 Y=625.000 Z=100.000) RuntimeGrid:None EditorOnly:0 RuntimeOnly:0 HLODRelevant:1 FolderPath:Random Cubes FolderGuid:74F59BE14ECFADBB4334FF99A88CBF67
 |   |   |- [+] [ 14]
 |   |   |   |- Guid:43815E84492231AFC407F59E3C28176B BaseClass: NativeClass:/Script/Engine.StaticMeshActor Name:StaticMeshActor_4 Label:SM_Cube6 SpatiallyLoaded:1 Bounds:IsValid=true, Min=(X=2050.000 Y=100.000 Z=0.000), Max=(X=2150.000 Y=1175.000 Z=400.000) RuntimeGrid:None EditorOnly:0 RuntimeOnly:0 HLODRelevant:1 FolderPath:Playground FolderGuid:C73F09FC4215536B1DCE2A9E0A830C70
 |   |   |- [+] [ 15]
 |   |   |   |- Guid:B785ED2844B84CFB91E7F39FE661CD99 BaseClass: NativeClass:/Script/Engine.DirectionalLight Name:DirectionalLight_0 Label:DirectionalLight SpatiallyLoaded:0 Bounds:IsValid=true, Min=(X=-1048576.000 Y=-1048576.000 Z=-1048576.000), Max=(X=1048576.000 Y=1048576.000 Z=1048576.000) RuntimeGrid:None EditorOnly:0 RuntimeOnly:0 HLODRelevant:0 FolderPath:Lighting FolderGuid:963EC3EB4002CCE9759E2EBA541A873A
 |   |   |- [+] [ 16]
 |   |   |   |- Guid:B3D400384ECF362E77EB529EB4400E11 BaseClass: NativeClass:/Script/Engine.SpotLight Name:SpotLight_UAID_A85E45562DFEB46901_1886282724 Label:SpotLight SpatiallyLoaded:1 Bounds:IsValid=true, Min=(X=-340.444 Y=-1187.292 Z=-1823.211), Max=(X=3380.123 Y=2533.275 Z=1897.356) RuntimeGrid:None EditorOnly:0 RuntimeOnly:0 HLODRelevant:0 FolderPath:Lighting FolderGuid:963EC3EB4002CCE9759E2EBA541A873A
 |   |   |- [+] [ 17]
 |   |   |   |- Guid:316CF2A6494ACA4C0E4180A87D36AB8F BaseClass: NativeClass:/Script/Engine.ExponentialHeightFog Name:ExponentialHeightFog_0 Label:ExponentialHeightFog SpatiallyLoaded:0 Bounds:IsValid=true, Min=(X=-5600.000 Y=-50.000 Z=-6850.000), Max=(X=-5600.000 Y=-50.000 Z=-6850.000) RuntimeGrid:None EditorOnly:0 RuntimeOnly:0 HLODRelevant:0 FolderPath:Lighting FolderGuid:963EC3EB4002CCE9759E2EBA541A873A
 |   |   |- [+] [ 18]
 |   |   |   |- Guid:F1924B8D48954B30891B2DB6A694F9CC BaseClass: NativeClass:/Script/Engine.StaticMeshActor Name:StaticMeshActor_1 Label:SM_Cube SpatiallyLoaded:1 Bounds:IsValid=true, Min=(X=0.000 Y=0.000 Z=-50.000), Max=(X=2150.000 Y=1600.000 Z=0.000) RuntimeGrid:None EditorOnly:0 RuntimeOnly:0 HLODRelevant:1 FolderPath:Playground FolderGuid:C73F09FC4215536B1DCE2A9E0A830C70
 |   |   |- [+] [ 19]
 |   |   |   |- Guid:956338C841EB489880902DAF6DC61B25 BaseClass: NativeClass:/Script/Engine.StaticMeshActor Name:StaticMeshActor_UAID_54E1ADAC0BAFE76601_1188722528 Label:Cube2 SpatiallyLoaded:1 Bounds:IsValid=true, Min=(X=1750.000 Y=100.000 Z=0.000), Max=(X=2050.000 Y=200.000 Z=100.000) RuntimeGrid:None EditorOnly:0 RuntimeOnly:0 HLODRelevant:1 FolderPath:Random Cubes/Desk FolderGuid:CF00223E4862C7AD28754A998100E4EE
 |   |   |- [+] [ 20]
 |   |   |   |- Guid:4BD2DCBB4956B6DBDD303C85D1501DA6 BaseClass: NativeClass:/Script/Engine.StaticMeshActor Name:StaticMeshActor_UAID_A85E45562DFEB46901_1722378720 Label:SM_Cube4 SpatiallyLoaded:1 Bounds:IsValid=true, Min=(X=0.000 Y=0.000 Z=400.000), Max=(X=2150.000 Y=1600.000 Z=450.000) RuntimeGrid:None EditorOnly:0 RuntimeOnly:0 HLODRelevant:1 FolderPath:Playground FolderGuid:C73F09FC4215536B1DCE2A9E0A830C70
 |   |   |- [+] [ 21]
 |   |   |   |- Guid:A7C5964A48CC81AE0CABAD822E4820EC BaseClass: NativeClass:/Script/Engine.StaticMeshActor Name:StaticMeshActor_UAID_54E1ADAC0BAFE76601_1618960531 Label:PigeonHoles SpatiallyLoaded:1 Bounds:IsValid=true, Min=(X=95.000 Y=1400.000 Z=0.063), Max=(X=645.000 Y=1500.000 Z=350.063) RuntimeGrid:None EditorOnly:0 RuntimeOnly:0 HLODRelevant:1 FolderPath:Random Cubes FolderGuid:74F59BE14ECFADBB4334FF99A88CBF67
 |   |   |- [+] [ 22]
 |   |   |   |- Guid:A80DA9D54182F9ECE5A3638F35424E57 BaseClass:/Game/ThirdPerson/Blueprints/INT_TextBased.INT_TextBased_C NativeClass:/Script/Engine.Actor Name:INT_TextBased_C_UAID_54E1ADAC0BAFEB6601_1304925234 Label:INT_Square SpatiallyLoaded:1 Bounds:IsValid=true, Min=(X=900.000 Y=970.000 Z=-50.000), Max=(X=1100.000 Y=1170.000 Z=150.000) RuntimeGrid:None EditorOnly:0 RuntimeOnly:0 HLODRelevant:0
 |   |   |- [+] [ 23]
 |   |   |   |- Guid:2FB58999456391D349DC0F86DAC136ED BaseClass: NativeClass:/Script/Engine.SkyLight Name:SkyLight_1 Label:SkyLight SpatiallyLoaded:0 Bounds:IsValid=true, Min=(X=0.000 Y=0.000 Z=690.000), Max=(X=0.000 Y=0.000 Z=690.000) RuntimeGrid:None EditorOnly:0 RuntimeOnly:0 HLODRelevant:0 FolderPath:Lighting FolderGuid:963EC3EB4002CCE9759E2EBA541A873A
 |   |   |- [+] [ 24]
 |   |   |   |- Guid:D84D1CE04F08600CB4A9688501FC0627 BaseClass: NativeClass:/Script/Engine.StaticMeshActor Name:StaticMeshActor_UAID_54E1ADAC0BAFE76601_1789815533 Label:Cube7 SpatiallyLoaded:1 Bounds:IsValid=true, Min=(X=100.000 Y=600.000 Z=0.063), Max=(X=200.000 Y=700.000 Z=125.063) RuntimeGrid:None EditorOnly:0 RuntimeOnly:0 HLODRelevant:1 FolderPath:Random Cubes/Conveyer Belt FolderGuid:DEC55CBE48C0AC2BEACCAC98B51A2352
 |   |   |- [+] [ 25]
 |   |   |   |- Guid:817889A643B80EE9FFB426B0CE9FF763 BaseClass:/Game/ThirdPerson/Blueprints/Socket.Socket_C NativeClass:/Script/Engine.Actor Name:Socket_C_UAID_54E1ADAC0BAFE86601_1184768718 Label:Socket SpatiallyLoaded:1 Bounds:IsValid=true, Min=(X=100.000 Y=950.000 Z=60.000), Max=(X=125.000 Y=1150.000 Z=260.000) RuntimeGrid:None EditorOnly:0 RuntimeOnly:0 HLODRelevant:0
 |   |   |- [+] [ 26]
 |   |   |   |- Guid:0DBA507B48F9DB1E6733109623AF6A5B BaseClass: NativeClass:/Script/Engine.PointLight Name:PointLight_UAID_A85E45562DFEB46901_1751327721 Label:PointLight SpatiallyLoaded:1 Bounds:IsValid=true, Min=(X=-530.000 Y=-90.000 Z=-700.000), Max=(X=1470.000 Y=1910.000 Z=1300.000) RuntimeGrid:None EditorOnly:0 RuntimeOnly:0 HLODRelevant:0 FolderPath:Lighting FolderGuid:963EC3EB4002CCE9759E2EBA541A873A
 |   |   |- [+] [ 27]
 |   |   |   |- Guid:751129D143BBD0FDE4FC68BFC07C44C8 BaseClass:/Game/ThirdPerson/Blueprints/INT_TextBased.INT_TextBased_C NativeClass:/Script/Engine.Actor Name:INT_TextBased_C_UAID_54E1ADAC0BAF256901_1161458552 Label:INT_Cone SpatiallyLoaded:1 Bounds:IsValid=true, Min=(X=1340.000 Y=640.000 Z=-69.000), Max=(X=1540.000 Y=840.000 Z=131.000) RuntimeGrid:None EditorOnly:0 RuntimeOnly:0 HLODRelevant:0
 |   |   |- [+] [ 28]
 |   |   |   |- Guid:049C29A440F298E7EFA35E982B55D5F0 BaseClass:/Game/ThirdPerson/Sounds/BP_SoundManager.BP_SoundManager_C NativeClass:/Script/Engine.Actor Name:BP_SoundManager_C_UAID_54E1ADAC0BAF586901_1779847528 Label:BP_SoundManager SpatiallyLoaded:1 Bounds:IsValid=true, Min=(X=1170.000 Y=970.000 Z=420.000), Max=(X=1170.000 Y=970.000 Z=420.000) RuntimeGrid:None EditorOnly:0 RuntimeOnly:0 HLODRelevant:0
 |   |   |- [+] [ 29]
 |   |   |   |- Guid:A56216954B2165CF0F35A886B537D536 BaseClass: NativeClass:/Script/Engine.StaticMeshActor Name:StaticMeshActor_0 Label:SM_Cube5 SpatiallyLoaded:1 Bounds:IsValid=true, Min=(X=-0.000 Y=100.000 Z=0.000), Max=(X=100.000 Y=1500.000 Z=400.000) RuntimeGrid:None EditorOnly:0 RuntimeOnly:0 HLODRelevant:1 FolderPath:Playground FolderGuid:C73F09FC4215536B1DCE2A9E0A830C70
 |   |   |- [+] [ 30]
 |   |   |   |- Guid:B972C70F4D992B3EACF3C7B7A3602781 BaseClass: NativeClass:/Script/Engine.StaticMeshActor Name:StaticMeshActor_UAID_54E1ADAC0BAFE76601_1728938532 Label:Cube6 SpatiallyLoaded:1 Bounds:IsValid=true, Min=(X=200.000 Y=600.000 Z=0.063), Max=(X=300.000 Y=1100.000 Z=125.063) RuntimeGrid:None EditorOnly:0 RuntimeOnly:0 HLODRelevant:1 FolderPath:Random Cubes/Conveyer Belt FolderGuid:DEC55CBE48C0AC2BEACCAC98B51A2352
 |   |   |- [+] [ 31]
 |   |   |   |- Guid:AB1795C640DEB4EAC9D24D98E6F9C25E BaseClass: NativeClass:/Script/Engine.StaticMeshActor Name:StaticMeshActor_UAID_A85E45562DFEEF6A01_1599320159 Label:Locker SpatiallyLoaded:1 Bounds:IsValid=true, Min=(X=675.000 Y=1400.000 Z=0.063), Max=(X=1225.000 Y=1500.000 Z=350.063) RuntimeGrid:None EditorOnly:0 RuntimeOnly:0 HLODRelevant:1 FolderPath:Random Cubes FolderGuid:74F59BE14ECFADBB4334FF99A88CBF67
 |   |   |- [+] [ 32]
 |   |   |   |- Guid:B061B4664F6844BB840728884B290BC3 BaseClass: NativeClass:/Script/Engine.StaticMeshActor Name:StaticMeshActor_UAID_54E1ADAC0BAFE66601_2140732351 Label:SM_Cube8 SpatiallyLoaded:1 Bounds:IsValid=true, Min=(X=2050.000 Y=1177.500 Z=275.500), Max=(X=2150.000 Y=1502.500 Z=400.500) RuntimeGrid:None EditorOnly:0 RuntimeOnly:0 HLODRelevant:1 FolderPath:Playground FolderGuid:C73F09FC4215536B1DCE2A9E0A830C70
 |   |   |- [+] [ 33]
 |   |   |   |- Guid:A414BF4C4D5D70559B63D79C3D6F2C1C BaseClass:/Game/ThirdPerson/Blueprints/Keypad/INT_Keypad.INT_Keypad_C NativeClass:/Script/Engine.Actor Name:INT_Keypad_C_UAID_54E1ADAC0BAF5C6B01_1221749343 Label:INT_Keypad2 SpatiallyLoaded:1 Bounds:IsValid=true, Min=(X=1006.250 Y=476.250 Z=68.750), Max=(X=1093.750 Y=663.750 Z=331.250) RuntimeGrid:None EditorOnly:0 RuntimeOnly:0 HLODRelevant:0
 |   |   |- [+] [ 34]
 |   |   |   |- Guid:9B7F646E4F0C5B3B2E5A8585DB6E2583 BaseClass: NativeClass:/Script/Engine.StaticMeshActor Name:StaticMeshActor_UAID_54E1ADAC0BAFE76601_1423657530 Label:Chair SpatiallyLoaded:1 Bounds:IsValid=true, Min=(X=1810.000 Y=240.000 Z=0.000), Max=(X=1910.000 Y=340.000 Z=100.000) RuntimeGrid:None EditorOnly:0 RuntimeOnly:0 HLODRelevant:1 FolderPath:Random Cubes FolderGuid:74F59BE14ECFADBB4334FF99A88CBF67
 |   |   |- [+] [ 35]
 |   |   |   |- Guid:589FCE264643BEFB8C3A2399C5985F69 BaseClass:/Game/ThirdPerson/Blueprints/Socket.Socket_C NativeClass:/Script/Engine.Actor Name:Socket_C_UAID_54E1ADAC0BAFE86601_1236752719 Label:Socket2 SpatiallyLoaded:1 Bounds:IsValid=true, Min=(X=100.000 Y=550.000 Z=60.000), Max=(X=125.000 Y=750.000 Z=260.000) RuntimeGrid:None EditorOnly:0 RuntimeOnly:0 HLODRelevant:0
 |   |   |- [+] [ 36]
 |   |   |   |- Guid:BC08B79C4EA3C961CFF75EBBE83B367D BaseClass: NativeClass:/Script/Engine.StaticMeshActor Name:StaticMeshActor_5 Label:SM_Cube2 SpatiallyLoaded:1 Bounds:IsValid=true, Min=(X=0.000 Y=0.000 Z=0.000), Max=(X=2150.000 Y=100.000 Z=400.000) RuntimeGrid:None EditorOnly:0 RuntimeOnly:0 HLODRelevant:1 FolderPath:Playground FolderGuid:C73F09FC4215536B1DCE2A9E0A830C70
 |   |   |- [+] [ 37]
 |   |   |   |- Guid:FF698C67459ADB4982D7759C0905EE9F BaseClass: NativeClass:/Script/Engine.StaticMeshActor Name:StaticMeshActor_6 Label:SM_Cube3 SpatiallyLoaded:1 Bounds:IsValid=true, Min=(X=0.000 Y=1500.000 Z=0.000), Max=(X=2150.000 Y=1600.000 Z=400.000) RuntimeGrid:None EditorOnly:0 RuntimeOnly:0 HLODRelevant:1 FolderPath:Playground FolderGuid:C73F09FC4215536B1DCE2A9E0A830C70
 |   |   |- [+] [ 38]
 |   |   |   |- Guid:3A00AA1C422CE54C0BDB60BAF471BFBB BaseClass: NativeClass:/Script/Engine.PlayerStart Name:PlayerStart_0 Label:PlayerStart SpatiallyLoaded:0 Bounds:IsValid=true, Min=(X=1240.000 Y=790.000 Z=0.013), Max=(X=1320.000 Y=870.000 Z=184.013) RuntimeGrid:None EditorOnly:0 RuntimeOnly:0 HLODRelevant:0
 |   |   |- [+] [ 39]
 |   |   |   |- Guid:543E696E4ABE9EDD26DF779EFF248CA2 BaseClass: NativeClass:/Script/Engine.StaticMeshActor Name:StaticMeshActor_UAID_A85E45562DFEB56901_1715526903 Label:ElectricalBox SpatiallyLoaded:1 Bounds:IsValid=true, Min=(X=740.000 Y=102.500 Z=-2.500), Max=(X=990.000 Y=177.500 Z=222.500) RuntimeGrid:None EditorOnly:0 RuntimeOnly:0 HLODRelevant:1 FolderPath:Random Cubes FolderGuid:74F59BE14ECFADBB4334FF99A88CBF67
 |   |   |- [+] [ 40]
 |   |   |   |- Guid:A9A35F9F45D6CB3EE50A8190D459D482 BaseClass: NativeClass:/Script/Engine.StaticMeshActor Name:StaticMeshActor_UAID_54E1ADAC0BAFE76601_1859283534 Label:Cube8 SpatiallyLoaded:1 Bounds:IsValid=true, Min=(X=100.000 Y=1000.000 Z=0.063), Max=(X=200.000 Y=1100.000 Z=125.063) RuntimeGrid:None EditorOnly:0 RuntimeOnly:0 HLODRelevant:1 FolderPath:Random Cubes/Conveyer Belt FolderGuid:DEC55CBE48C0AC2BEACCAC98B51A2352
 |   |   |- [+] [ 41]
 |   |   |   |- Guid:B9E4BC884B2E67374AC9598C9691FE08 BaseClass: NativeClass:/Script/Engine.StaticMeshActor Name:StaticMeshActor_UAID_A85E45562DFEB56901_1196494901 Label:Printer SpatiallyLoaded:1 Bounds:IsValid=true, Min=(X=1477.500 Y=102.500 Z=-2.500), Max=(X=1652.500 Y=277.500 Z=122.500) RuntimeGrid:None EditorOnly:0 RuntimeOnly:0 HLODRelevant:1 FolderPath:Random Cubes FolderGuid:74F59BE14ECFADBB4334FF99A88CBF67
 |   |   |- [+] [ 42]
 |   |   |   |- Guid:A67AC57A420DC1192110CAA27EE8383F BaseClass:/Game/ThirdPerson/Blueprints/Keypad/INT_Keypad.INT_Keypad_C NativeClass:/Script/Engine.Actor Name:INT_Keypad_C_UAID_54E1ADAC0BAFEB6601_1312578235 Label:INT_Keypad SpatiallyLoaded:1 Bounds:IsValid=true, Min=(X=2000.000 Y=1070.000 Z=100.000), Max=(X=2100.000 Y=1170.000 Z=200.000) RuntimeGrid:None EditorOnly:0 RuntimeOnly:0 HLODRelevant:0
 |   |   |- [+] [ 43]
 |   |   |   |- Guid:97944CCC4B73114F98396F801BAF1FF0 BaseClass:/Game/ThirdPerson/Blueprints/INT_TextBased.INT_TextBased_C NativeClass:/Script/Engine.Actor Name:INT_TextBased_C_UAID_54E1ADAC0BAF5C6901_2034175233 Label:INT_Speaker SpatiallyLoaded:1 Bounds:IsValid=true, Min=(X=1138.346 Y=1088.346 Z=-31.654), Max=(X=1961.654 Y=1911.654 Z=791.654) RuntimeGrid:None EditorOnly:0 RuntimeOnly:0 HLODRelevant:0
 |   |   |- [+] [ 44]
 |   |   |   |- Guid:4B84AED74A3A5573A7E009A187B9528F BaseClass:/Game/ThirdPerson/Blueprints/Wiring/INT_Wiring.INT_Wiring_C NativeClass:/Script/Engine.Actor Name:INT_Wiring_C_UAID_54E1ADAC0BAFDD6C01_1827986103 Label:INT_Wiring SpatiallyLoaded:1 Bounds:IsValid=true, Min=(X=720.000 Y=660.000 Z=-50.000), Max=(X=920.000 Y=860.000 Z=150.000) RuntimeGrid:None EditorOnly:0 RuntimeOnly:0 HLODRelevant:0
 |- ContainerInstances:
 |- [+] MainContainer:
 |   |-        ID: 0x0000000000000000
 |   |-    Bounds: IsValid=false, Min=(X=0.000 Y=0.000 Z=0.000), Max=(X=0.000 Y=0.000 Z=0.000)
 |   |- Transform: 0.000000,0.000000,0.000000|0.000000,0.000000,-0.000000|1.000000,1.000000,1.000000
 |   |- Container: /Game/ThirdPerson/Maps/ThirdPersonMap
----------------------------------------------------------------------------------------------------------------
ThirdPersonMap - Persistent Level
----------------------------------------------------------------------------------------------------------------
Always loaded Actor Count: 55 

----------------------------------------------------------------------------------------------------------------
ThirdPersonMap - Runtime Spatial Hash - Streaming Grid - MainGrid
----------------------------------------------------------------------------------------------------------------
            Origin: X=0.000 Y=0.000 Z=0.000
         Cell Size: 12800
      World Bounds: IsValid=false, Min=(X=0.000 Y=0.000 Z=0.000), Max=(X=0.000 Y=0.000 Z=0.000)
     Loading Range: 25600.00
Block Slow Loading: No
 ClientOnlyVisible: No

[+] Grid Levels: 1
 |- Level  0: Cell Count    0 | Cell Size   12800 | Actor Count    0 (0.0%)

[+] Content of Grid Level 0

